{"C:\\Users\\rahul\\Documents\\tma\\frontend\\screens\\CalendarScreen.js": {"path":"C:\\Users\\rahul\\Documents\\tma\\frontend\\screens\\CalendarScreen.js","statementMap":{"0":{"start":{"line":12,"column":23},"end":{"line":380,"column":1}},"1":{"start":{"line":13,"column":20},"end":{"line":13,"column":30}},"2":{"start":{"line":14,"column":42},"end":{"line":14,"column":54}},"3":{"start":{"line":15,"column":28},"end":{"line":15,"column":40}},"4":{"start":{"line":16,"column":40},"end":{"line":16,"column":52}},"5":{"start":{"line":17,"column":40},"end":{"line":17,"column":52}},"6":{"start":{"line":18,"column":32},"end":{"line":18,"column":46}},"7":{"start":{"line":19,"column":38},"end":{"line":19,"column":53}},"8":{"start":{"line":20,"column":38},"end":{"line":20,"column":53}},"9":{"start":{"line":21,"column":50},"end":{"line":21,"column":65}},"10":{"start":{"line":22,"column":38},"end":{"line":22,"column":52}},"11":{"start":{"line":23,"column":28},"end":{"line":23,"column":40}},"12":{"start":{"line":24,"column":40},"end":{"line":24,"column":52}},"13":{"start":{"line":25,"column":34},"end":{"line":25,"column":46}},"14":{"start":{"line":26,"column":36},"end":{"line":26,"column":48}},"15":{"start":{"line":27,"column":26},"end":{"line":27,"column":38}},"16":{"start":{"line":28,"column":32},"end":{"line":28,"column":52}},"17":{"start":{"line":29,"column":46},"end":{"line":29,"column":61}},"18":{"start":{"line":30,"column":30},"end":{"line":30,"column":42}},"19":{"start":{"line":32,"column":21},"end":{"line":80,"column":26}},"20":{"start":{"line":33,"column":4},"end":{"line":33,"column":21}},"21":{"start":{"line":34,"column":4},"end":{"line":79,"column":5}},"22":{"start":{"line":35,"column":6},"end":{"line":73,"column":7}},"23":{"start":{"line":36,"column":25},"end":{"line":36,"column":88}},"24":{"start":{"line":37,"column":28},"end":{"line":37,"column":41}},"25":{"start":{"line":40,"column":36},"end":{"line":40,"column":105}},"26":{"start":{"line":41,"column":34},"end":{"line":41,"column":58}},"27":{"start":{"line":44,"column":25},"end":{"line":44,"column":63}},"28":{"start":{"line":47,"column":31},"end":{"line":51,"column":10}},"29":{"start":{"line":48,"column":26},"end":{"line":48,"column":49}},"30":{"start":{"line":49,"column":32},"end":{"line":49,"column":67}},"31":{"start":{"line":50,"column":10},"end":{"line":50,"column":54}},"32":{"start":{"line":54,"column":37},"end":{"line":58,"column":10}},"33":{"start":{"line":55,"column":26},"end":{"line":55,"column":49}},"34":{"start":{"line":56,"column":32},"end":{"line":56,"column":67}},"35":{"start":{"line":57,"column":10},"end":{"line":57,"column":70}},"36":{"start":{"line":61,"column":8},"end":{"line":61,"column":33}},"37":{"start":{"line":62,"column":8},"end":{"line":62,"column":45}},"38":{"start":{"line":65,"column":32},"end":{"line":65,"column":34}},"39":{"start":{"line":66,"column":8},"end":{"line":70,"column":11}},"40":{"start":{"line":67,"column":10},"end":{"line":69,"column":11}},"41":{"start":{"line":68,"column":12},"end":{"line":68,"column":126}},"42":{"start":{"line":71,"column":8},"end":{"line":71,"column":40}},"43":{"start":{"line":75,"column":6},"end":{"line":75,"column":52}},"44":{"start":{"line":77,"column":6},"end":{"line":77,"column":24}},"45":{"start":{"line":78,"column":6},"end":{"line":78,"column":27}},"46":{"start":{"line":82,"column":2},"end":{"line":97,"column":9}},"47":{"start":{"line":83,"column":29},"end":{"line":94,"column":5}},"48":{"start":{"line":84,"column":6},"end":{"line":93,"column":7}},"49":{"start":{"line":85,"column":22},"end":{"line":85,"column":62}},"50":{"start":{"line":86,"column":20},"end":{"line":86,"column":53}},"51":{"start":{"line":87,"column":8},"end":{"line":87,"column":23}},"52":{"start":{"line":88,"column":8},"end":{"line":88,"column":40}},"53":{"start":{"line":90,"column":8},"end":{"line":90,"column":61}},"54":{"start":{"line":92,"column":8},"end":{"line":92,"column":26}},"55":{"start":{"line":96,"column":4},"end":{"line":96,"column":23}},"56":{"start":{"line":99,"column":2},"end":{"line":105,"column":4}},"57":{"start":{"line":101,"column":6},"end":{"line":103,"column":7}},"58":{"start":{"line":102,"column":8},"end":{"line":102,"column":21}},"59":{"start":{"line":107,"column":21},"end":{"line":111,"column":3}},"60":{"start":{"line":108,"column":25},"end":{"line":108,"column":81}},"61":{"start":{"line":108,"column":48},"end":{"line":108,"column":80}},"62":{"start":{"line":109,"column":31},"end":{"line":109,"column":93}},"63":{"start":{"line":109,"column":60},"end":{"line":109,"column":92}},"64":{"start":{"line":110,"column":4},"end":{"line":110,"column":62}},"65":{"start":{"line":113,"column":20},"end":{"line":116,"column":3}},"66":{"start":{"line":114,"column":4},"end":{"line":114,"column":24}},"67":{"start":{"line":115,"column":4},"end":{"line":115,"column":17}},"68":{"start":{"line":118,"column":21},"end":{"line":137,"column":3}},"69":{"start":{"line":119,"column":4},"end":{"line":136,"column":5}},"70":{"start":{"line":120,"column":6},"end":{"line":135,"column":7}},"71":{"start":{"line":121,"column":8},"end":{"line":128,"column":11}},"72":{"start":{"line":129,"column":8},"end":{"line":129,"column":61}},"73":{"start":{"line":130,"column":8},"end":{"line":130,"column":35}},"74":{"start":{"line":131,"column":8},"end":{"line":131,"column":21}},"75":{"start":{"line":133,"column":8},"end":{"line":133,"column":53}},"76":{"start":{"line":134,"column":8},"end":{"line":134,"column":54}},"77":{"start":{"line":139,"column":23},"end":{"line":165,"column":3}},"78":{"start":{"line":140,"column":4},"end":{"line":164,"column":6}},"79":{"start":{"line":151,"column":12},"end":{"line":159,"column":13}},"80":{"start":{"line":152,"column":14},"end":{"line":152,"column":83}},"81":{"start":{"line":153,"column":14},"end":{"line":153,"column":67}},"82":{"start":{"line":154,"column":14},"end":{"line":154,"column":79}},"83":{"start":{"line":154,"column":38},"end":{"line":154,"column":77}},"84":{"start":{"line":154,"column":58},"end":{"line":154,"column":76}},"85":{"start":{"line":155,"column":14},"end":{"line":155,"column":27}},"86":{"start":{"line":157,"column":14},"end":{"line":157,"column":59}},"87":{"start":{"line":158,"column":14},"end":{"line":158,"column":60}},"88":{"start":{"line":167,"column":2},"end":{"line":173,"column":3}},"89":{"start":{"line":168,"column":4},"end":{"line":172,"column":6}},"90":{"start":{"line":175,"column":2},"end":{"line":181,"column":3}},"91":{"start":{"line":176,"column":4},"end":{"line":180,"column":6}},"92":{"start":{"line":183,"column":29},"end":{"line":191,"column":4}},"93":{"start":{"line":184,"column":4},"end":{"line":190,"column":5}},"94":{"start":{"line":185,"column":6},"end":{"line":185,"column":16}},"95":{"start":{"line":186,"column":11},"end":{"line":190,"column":5}},"96":{"start":{"line":187,"column":6},"end":{"line":187,"column":15}},"97":{"start":{"line":189,"column":6},"end":{"line":189,"column":15}},"98":{"start":{"line":193,"column":23},"end":{"line":193,"column":65}},"99":{"start":{"line":193,"column":51},"end":{"line":193,"column":64}},"100":{"start":{"line":194,"column":24},"end":{"line":194,"column":67}},"101":{"start":{"line":194,"column":52},"end":{"line":194,"column":66}},"102":{"start":{"line":196,"column":20},"end":{"line":199,"column":3}},"103":{"start":{"line":198,"column":4},"end":{"line":198,"column":48}},"104":{"start":{"line":201,"column":2},"end":{"line":379,"column":4}},"105":{"start":{"line":228,"column":34},"end":{"line":228,"column":49}},"106":{"start":{"line":232,"column":12},"end":{"line":259,"column":19}},"107":{"start":{"line":246,"column":70},"end":{"line":246,"column":91}},"108":{"start":{"line":248,"column":18},"end":{"line":248,"column":38}},"109":{"start":{"line":249,"column":18},"end":{"line":249,"column":39}},"110":{"start":{"line":250,"column":18},"end":{"line":250,"column":51}},"111":{"start":{"line":251,"column":18},"end":{"line":251,"column":45}},"112":{"start":{"line":252,"column":18},"end":{"line":252,"column":47}},"113":{"start":{"line":253,"column":18},"end":{"line":253,"column":37}},"114":{"start":{"line":254,"column":18},"end":{"line":254,"column":54}},"115":{"start":{"line":255,"column":18},"end":{"line":255,"column":44}},"116":{"start":{"line":267,"column":36},"end":{"line":267,"column":51}},"117":{"start":{"line":271,"column":14},"end":{"line":298,"column":21}},"118":{"start":{"line":285,"column":74},"end":{"line":285,"column":95}},"119":{"start":{"line":287,"column":24},"end":{"line":287,"column":44}},"120":{"start":{"line":288,"column":24},"end":{"line":288,"column":45}},"121":{"start":{"line":289,"column":24},"end":{"line":289,"column":57}},"122":{"start":{"line":290,"column":24},"end":{"line":290,"column":51}},"123":{"start":{"line":291,"column":24},"end":{"line":291,"column":53}},"124":{"start":{"line":292,"column":24},"end":{"line":292,"column":43}},"125":{"start":{"line":293,"column":24},"end":{"line":293,"column":60}},"126":{"start":{"line":294,"column":24},"end":{"line":294,"column":50}},"127":{"start":{"line":324,"column":44},"end":{"line":324,"column":66}},"128":{"start":{"line":338,"column":44},"end":{"line":338,"column":62}},"129":{"start":{"line":352,"column":47},"end":{"line":352,"column":70}},"130":{"start":{"line":362,"column":20},"end":{"line":362,"column":45}},"131":{"start":{"line":363,"column":20},"end":{"line":363,"column":63}},"132":{"start":{"line":363,"column":38},"end":{"line":363,"column":63}},"133":{"start":{"line":372,"column":68},"end":{"line":372,"column":94}},"134":{"start":{"line":382,"column":15},"end":{"line":496,"column":2}}},"fnMap":{"0":{"name":"(anonymous_0)","decl":{"start":{"line":12,"column":23},"end":{"line":12,"column":24}},"loc":{"start":{"line":12,"column":29},"end":{"line":380,"column":1}},"line":12},"1":{"name":"(anonymous_1)","decl":{"start":{"line":32,"column":33},"end":{"line":32,"column":34}},"loc":{"start":{"line":32,"column":45},"end":{"line":80,"column":3}},"line":32},"2":{"name":"(anonymous_2)","decl":{"start":{"line":47,"column":47},"end":{"line":47,"column":48}},"loc":{"start":{"line":47,"column":55},"end":{"line":51,"column":9}},"line":47},"3":{"name":"(anonymous_3)","decl":{"start":{"line":54,"column":59},"end":{"line":54,"column":60}},"loc":{"start":{"line":54,"column":67},"end":{"line":58,"column":9}},"line":54},"4":{"name":"(anonymous_4)","decl":{"start":{"line":66,"column":61},"end":{"line":66,"column":62}},"loc":{"start":{"line":66,"column":71},"end":{"line":70,"column":9}},"line":66},"5":{"name":"(anonymous_5)","decl":{"start":{"line":82,"column":12},"end":{"line":82,"column":13}},"loc":{"start":{"line":82,"column":18},"end":{"line":97,"column":3}},"line":82},"6":{"name":"(anonymous_6)","decl":{"start":{"line":83,"column":29},"end":{"line":83,"column":30}},"loc":{"start":{"line":83,"column":41},"end":{"line":94,"column":5}},"line":83},"7":{"name":"(anonymous_7)","decl":{"start":{"line":100,"column":16},"end":{"line":100,"column":17}},"loc":{"start":{"line":100,"column":22},"end":{"line":104,"column":5}},"line":100},"8":{"name":"(anonymous_8)","decl":{"start":{"line":107,"column":21},"end":{"line":107,"column":22}},"loc":{"start":{"line":107,"column":30},"end":{"line":111,"column":3}},"line":107},"9":{"name":"(anonymous_9)","decl":{"start":{"line":108,"column":38},"end":{"line":108,"column":39}},"loc":{"start":{"line":108,"column":48},"end":{"line":108,"column":80}},"line":108},"10":{"name":"(anonymous_10)","decl":{"start":{"line":109,"column":50},"end":{"line":109,"column":51}},"loc":{"start":{"line":109,"column":60},"end":{"line":109,"column":92}},"line":109},"11":{"name":"(anonymous_11)","decl":{"start":{"line":113,"column":20},"end":{"line":113,"column":21}},"loc":{"start":{"line":113,"column":26},"end":{"line":116,"column":3}},"line":113},"12":{"name":"(anonymous_12)","decl":{"start":{"line":118,"column":21},"end":{"line":118,"column":22}},"loc":{"start":{"line":118,"column":33},"end":{"line":137,"column":3}},"line":118},"13":{"name":"(anonymous_13)","decl":{"start":{"line":139,"column":23},"end":{"line":139,"column":24}},"loc":{"start":{"line":139,"column":41},"end":{"line":165,"column":3}},"line":139},"14":{"name":"(anonymous_14)","decl":{"start":{"line":150,"column":19},"end":{"line":150,"column":20}},"loc":{"start":{"line":150,"column":31},"end":{"line":160,"column":11}},"line":150},"15":{"name":"(anonymous_15)","decl":{"start":{"line":154,"column":30},"end":{"line":154,"column":31}},"loc":{"start":{"line":154,"column":38},"end":{"line":154,"column":77}},"line":154},"16":{"name":"(anonymous_16)","decl":{"start":{"line":154,"column":50},"end":{"line":154,"column":51}},"loc":{"start":{"line":154,"column":58},"end":{"line":154,"column":76}},"line":154},"17":{"name":"(anonymous_17)","decl":{"start":{"line":183,"column":47},"end":{"line":183,"column":48}},"loc":{"start":{"line":183,"column":57},"end":{"line":191,"column":3}},"line":183},"18":{"name":"(anonymous_18)","decl":{"start":{"line":193,"column":43},"end":{"line":193,"column":44}},"loc":{"start":{"line":193,"column":51},"end":{"line":193,"column":64}},"line":193},"19":{"name":"(anonymous_19)","decl":{"start":{"line":194,"column":44},"end":{"line":194,"column":45}},"loc":{"start":{"line":194,"column":52},"end":{"line":194,"column":66}},"line":194},"20":{"name":"(anonymous_20)","decl":{"start":{"line":196,"column":20},"end":{"line":196,"column":21}},"loc":{"start":{"line":196,"column":30},"end":{"line":199,"column":3}},"line":196},"21":{"name":"(anonymous_21)","decl":{"start":{"line":228,"column":24},"end":{"line":228,"column":25}},"loc":{"start":{"line":228,"column":34},"end":{"line":228,"column":49}},"line":228},"22":{"name":"(anonymous_22)","decl":{"start":{"line":230,"column":22},"end":{"line":230,"column":23}},"loc":{"start":{"line":232,"column":12},"end":{"line":259,"column":19}},"line":232},"23":{"name":"(anonymous_23)","decl":{"start":{"line":246,"column":64},"end":{"line":246,"column":65}},"loc":{"start":{"line":246,"column":70},"end":{"line":246,"column":91}},"line":246},"24":{"name":"(anonymous_24)","decl":{"start":{"line":247,"column":62},"end":{"line":247,"column":63}},"loc":{"start":{"line":247,"column":68},"end":{"line":256,"column":17}},"line":247},"25":{"name":"(anonymous_25)","decl":{"start":{"line":267,"column":26},"end":{"line":267,"column":27}},"loc":{"start":{"line":267,"column":36},"end":{"line":267,"column":51}},"line":267},"26":{"name":"(anonymous_26)","decl":{"start":{"line":269,"column":24},"end":{"line":269,"column":25}},"loc":{"start":{"line":271,"column":14},"end":{"line":298,"column":21}},"line":271},"27":{"name":"(anonymous_27)","decl":{"start":{"line":285,"column":68},"end":{"line":285,"column":69}},"loc":{"start":{"line":285,"column":74},"end":{"line":285,"column":95}},"line":285},"28":{"name":"(anonymous_28)","decl":{"start":{"line":286,"column":66},"end":{"line":286,"column":67}},"loc":{"start":{"line":286,"column":72},"end":{"line":295,"column":21}},"line":286},"29":{"name":"(anonymous_29)","decl":{"start":{"line":324,"column":29},"end":{"line":324,"column":30}},"loc":{"start":{"line":324,"column":44},"end":{"line":324,"column":66}},"line":324},"30":{"name":"(anonymous_30)","decl":{"start":{"line":338,"column":29},"end":{"line":338,"column":30}},"loc":{"start":{"line":338,"column":44},"end":{"line":338,"column":62}},"line":338},"31":{"name":"(anonymous_31)","decl":{"start":{"line":352,"column":41},"end":{"line":352,"column":42}},"loc":{"start":{"line":352,"column":47},"end":{"line":352,"column":70}},"line":352},"32":{"name":"(anonymous_32)","decl":{"start":{"line":361,"column":28},"end":{"line":361,"column":29}},"loc":{"start":{"line":361,"column":53},"end":{"line":364,"column":19}},"line":361},"33":{"name":"(anonymous_33)","decl":{"start":{"line":372,"column":62},"end":{"line":372,"column":63}},"loc":{"start":{"line":372,"column":68},"end":{"line":372,"column":94}},"line":372}},"branchMap":{"0":{"loc":{"start":{"line":35,"column":6},"end":{"line":73,"column":7}},"type":"if","locations":[{"start":{"line":35,"column":6},"end":{"line":73,"column":7}},{"start":{},"end":{}}],"line":35},"1":{"loc":{"start":{"line":67,"column":10},"end":{"line":69,"column":11}},"type":"if","locations":[{"start":{"line":67,"column":10},"end":{"line":69,"column":11}},{"start":{},"end":{}}],"line":67},"2":{"loc":{"start":{"line":68,"column":87},"end":{"line":68,"column":123}},"type":"cond-expr","locations":[{"start":{"line":68,"column":103},"end":{"line":68,"column":112}},{"start":{"line":68,"column":115},"end":{"line":68,"column":123}}],"line":68},"3":{"loc":{"start":{"line":101,"column":6},"end":{"line":103,"column":7}},"type":"if","locations":[{"start":{"line":101,"column":6},"end":{"line":103,"column":7}},{"start":{},"end":{}}],"line":101},"4":{"loc":{"start":{"line":119,"column":4},"end":{"line":136,"column":5}},"type":"if","locations":[{"start":{"line":119,"column":4},"end":{"line":136,"column":5}},{"start":{},"end":{}}],"line":119},"5":{"loc":{"start":{"line":167,"column":2},"end":{"line":173,"column":3}},"type":"if","locations":[{"start":{"line":167,"column":2},"end":{"line":173,"column":3}},{"start":{},"end":{}}],"line":167},"6":{"loc":{"start":{"line":175,"column":2},"end":{"line":181,"column":3}},"type":"if","locations":[{"start":{"line":175,"column":2},"end":{"line":181,"column":3}},{"start":{},"end":{}}],"line":175},"7":{"loc":{"start":{"line":184,"column":4},"end":{"line":190,"column":5}},"type":"if","locations":[{"start":{"line":184,"column":4},"end":{"line":190,"column":5}},{"start":{"line":186,"column":11},"end":{"line":190,"column":5}}],"line":184},"8":{"loc":{"start":{"line":184,"column":8},"end":{"line":184,"column":33}},"type":"binary-expr","locations":[{"start":{"line":184,"column":8},"end":{"line":184,"column":18}},{"start":{"line":184,"column":22},"end":{"line":184,"column":33}}],"line":184},"9":{"loc":{"start":{"line":186,"column":11},"end":{"line":190,"column":5}},"type":"if","locations":[{"start":{"line":186,"column":11},"end":{"line":190,"column":5}},{"start":{"line":188,"column":11},"end":{"line":190,"column":5}}],"line":186},"10":{"loc":{"start":{"line":186,"column":15},"end":{"line":186,"column":40}},"type":"binary-expr","locations":[{"start":{"line":186,"column":15},"end":{"line":186,"column":26}},{"start":{"line":186,"column":30},"end":{"line":186,"column":40}}],"line":186},"11":{"loc":{"start":{"line":202,"column":53},"end":{"line":202,"column":87}},"type":"cond-expr","locations":[{"start":{"line":202,"column":72},"end":{"line":202,"column":78}},{"start":{"line":202,"column":81},"end":{"line":202,"column":87}}],"line":202},"12":{"loc":{"start":{"line":209,"column":27},"end":{"line":209,"column":61}},"type":"cond-expr","locations":[{"start":{"line":209,"column":46},"end":{"line":209,"column":52}},{"start":{"line":209,"column":55},"end":{"line":209,"column":61}}],"line":209},"13":{"loc":{"start":{"line":210,"column":30},"end":{"line":210,"column":64}},"type":"cond-expr","locations":[{"start":{"line":210,"column":49},"end":{"line":210,"column":55}},{"start":{"line":210,"column":58},"end":{"line":210,"column":64}}],"line":210},"14":{"loc":{"start":{"line":211,"column":33},"end":{"line":211,"column":67}},"type":"cond-expr","locations":[{"start":{"line":211,"column":52},"end":{"line":211,"column":58}},{"start":{"line":211,"column":61},"end":{"line":211,"column":67}}],"line":211},"15":{"loc":{"start":{"line":212,"column":24},"end":{"line":212,"column":58}},"type":"cond-expr","locations":[{"start":{"line":212,"column":43},"end":{"line":212,"column":49}},{"start":{"line":212,"column":52},"end":{"line":212,"column":58}}],"line":212},"16":{"loc":{"start":{"line":213,"column":26},"end":{"line":213,"column":66}},"type":"cond-expr","locations":[{"start":{"line":213,"column":45},"end":{"line":213,"column":54}},{"start":{"line":213,"column":57},"end":{"line":213,"column":66}}],"line":213},"17":{"loc":{"start":{"line":214,"column":38},"end":{"line":214,"column":72}},"type":"cond-expr","locations":[{"start":{"line":214,"column":57},"end":{"line":214,"column":63}},{"start":{"line":214,"column":66},"end":{"line":214,"column":72}}],"line":214},"18":{"loc":{"start":{"line":215,"column":32},"end":{"line":215,"column":66}},"type":"cond-expr","locations":[{"start":{"line":215,"column":51},"end":{"line":215,"column":57}},{"start":{"line":215,"column":60},"end":{"line":215,"column":66}}],"line":215},"19":{"loc":{"start":{"line":216,"column":26},"end":{"line":216,"column":60}},"type":"cond-expr","locations":[{"start":{"line":216,"column":45},"end":{"line":216,"column":51}},{"start":{"line":216,"column":54},"end":{"line":216,"column":60}}],"line":216},"20":{"loc":{"start":{"line":217,"column":22},"end":{"line":217,"column":56}},"type":"cond-expr","locations":[{"start":{"line":217,"column":41},"end":{"line":217,"column":47}},{"start":{"line":217,"column":50},"end":{"line":217,"column":56}}],"line":217},"21":{"loc":{"start":{"line":218,"column":29},"end":{"line":218,"column":66}},"type":"cond-expr","locations":[{"start":{"line":218,"column":48},"end":{"line":218,"column":54}},{"start":{"line":218,"column":57},"end":{"line":218,"column":66}}],"line":218},"22":{"loc":{"start":{"line":219,"column":20},"end":{"line":219,"column":54}},"type":"cond-expr","locations":[{"start":{"line":219,"column":39},"end":{"line":219,"column":45}},{"start":{"line":219,"column":48},"end":{"line":219,"column":54}}],"line":219},"23":{"loc":{"start":{"line":220,"column":28},"end":{"line":220,"column":62}},"type":"cond-expr","locations":[{"start":{"line":220,"column":47},"end":{"line":220,"column":53}},{"start":{"line":220,"column":56},"end":{"line":220,"column":62}}],"line":220},"24":{"loc":{"start":{"line":224,"column":7},"end":{"line":262,"column":9}},"type":"binary-expr","locations":[{"start":{"line":224,"column":7},"end":{"line":224,"column":30}},{"start":{"line":225,"column":8},"end":{"line":261,"column":10}}],"line":224},"25":{"loc":{"start":{"line":232,"column":60},"end":{"line":232,"column":94}},"type":"cond-expr","locations":[{"start":{"line":232,"column":79},"end":{"line":232,"column":85}},{"start":{"line":232,"column":88},"end":{"line":232,"column":94}}],"line":232},"26":{"loc":{"start":{"line":241,"column":47},"end":{"line":241,"column":110}},"type":"cond-expr","locations":[{"start":{"line":241,"column":77},"end":{"line":241,"column":93}},{"start":{"line":241,"column":96},"end":{"line":241,"column":110}}],"line":241},"27":{"loc":{"start":{"line":263,"column":9},"end":{"line":301,"column":11}},"type":"binary-expr","locations":[{"start":{"line":263,"column":9},"end":{"line":263,"column":32}},{"start":{"line":264,"column":10},"end":{"line":300,"column":12}}],"line":263},"28":{"loc":{"start":{"line":271,"column":62},"end":{"line":271,"column":96}},"type":"cond-expr","locations":[{"start":{"line":271,"column":81},"end":{"line":271,"column":87}},{"start":{"line":271,"column":90},"end":{"line":271,"column":96}}],"line":271},"29":{"loc":{"start":{"line":280,"column":49},"end":{"line":280,"column":112}},"type":"cond-expr","locations":[{"start":{"line":280,"column":79},"end":{"line":280,"column":95}},{"start":{"line":280,"column":98},"end":{"line":280,"column":112}}],"line":280},"30":{"loc":{"start":{"line":307,"column":65},"end":{"line":307,"column":99}},"type":"cond-expr","locations":[{"start":{"line":307,"column":84},"end":{"line":307,"column":90}},{"start":{"line":307,"column":93},"end":{"line":307,"column":99}}],"line":307},"31":{"loc":{"start":{"line":308,"column":53},"end":{"line":308,"column":87}},"type":"cond-expr","locations":[{"start":{"line":308,"column":72},"end":{"line":308,"column":78}},{"start":{"line":308,"column":81},"end":{"line":308,"column":87}}],"line":308},"32":{"loc":{"start":{"line":310,"column":44},"end":{"line":310,"column":78}},"type":"cond-expr","locations":[{"start":{"line":310,"column":63},"end":{"line":310,"column":69}},{"start":{"line":310,"column":72},"end":{"line":310,"column":78}}],"line":310},"33":{"loc":{"start":{"line":316,"column":44},"end":{"line":316,"column":78}},"type":"cond-expr","locations":[{"start":{"line":316,"column":63},"end":{"line":316,"column":69}},{"start":{"line":316,"column":72},"end":{"line":316,"column":78}}],"line":316},"34":{"loc":{"start":{"line":323,"column":54},"end":{"line":323,"column":88}},"type":"cond-expr","locations":[{"start":{"line":323,"column":73},"end":{"line":323,"column":79}},{"start":{"line":323,"column":82},"end":{"line":323,"column":88}}],"line":323},"35":{"loc":{"start":{"line":325,"column":45},"end":{"line":325,"column":79}},"type":"cond-expr","locations":[{"start":{"line":325,"column":64},"end":{"line":325,"column":70}},{"start":{"line":325,"column":73},"end":{"line":325,"column":79}}],"line":325},"36":{"loc":{"start":{"line":330,"column":45},"end":{"line":330,"column":79}},"type":"cond-expr","locations":[{"start":{"line":330,"column":64},"end":{"line":330,"column":70}},{"start":{"line":330,"column":73},"end":{"line":330,"column":79}}],"line":330},"37":{"loc":{"start":{"line":337,"column":54},"end":{"line":337,"column":88}},"type":"cond-expr","locations":[{"start":{"line":337,"column":73},"end":{"line":337,"column":79}},{"start":{"line":337,"column":82},"end":{"line":337,"column":88}}],"line":337},"38":{"loc":{"start":{"line":345,"column":44},"end":{"line":345,"column":78}},"type":"cond-expr","locations":[{"start":{"line":345,"column":63},"end":{"line":345,"column":69}},{"start":{"line":345,"column":72},"end":{"line":345,"column":78}}],"line":345},"39":{"loc":{"start":{"line":353,"column":61},"end":{"line":353,"column":95}},"type":"cond-expr","locations":[{"start":{"line":353,"column":80},"end":{"line":353,"column":86}},{"start":{"line":353,"column":89},"end":{"line":353,"column":95}}],"line":353},"40":{"loc":{"start":{"line":355,"column":15},"end":{"line":369,"column":15}},"type":"binary-expr","locations":[{"start":{"line":355,"column":15},"end":{"line":355,"column":29}},{"start":{"line":356,"column":16},"end":{"line":368,"column":18}}],"line":355},"41":{"loc":{"start":{"line":360,"column":29},"end":{"line":360,"column":64}},"type":"cond-expr","locations":[{"start":{"line":360,"column":48},"end":{"line":360,"column":54}},{"start":{"line":360,"column":57},"end":{"line":360,"column":64}}],"line":360},"42":{"loc":{"start":{"line":363,"column":20},"end":{"line":363,"column":63}},"type":"if","locations":[{"start":{"line":363,"column":20},"end":{"line":363,"column":63}},{"start":{},"end":{}}],"line":363},"43":{"loc":{"start":{"line":366,"column":37},"end":{"line":366,"column":71}},"type":"cond-expr","locations":[{"start":{"line":366,"column":56},"end":{"line":366,"column":62}},{"start":{"line":366,"column":65},"end":{"line":366,"column":71}}],"line":366}},"s":{"0":0,"1":0,"2":0,"3":0,"4":0,"5":0,"6":0,"7":0,"8":0,"9":0,"10":0,"11":0,"12":0,"13":0,"14":0,"15":0,"16":0,"17":0,"18":0,"19":0,"20":0,"21":0,"22":0,"23":0,"24":0,"25":0,"26":0,"27":0,"28":0,"29":0,"30":0,"31":0,"32":0,"33":0,"34":0,"35":0,"36":0,"37":0,"38":0,"39":0,"40":0,"41":0,"42":0,"43":0,"44":0,"45":0,"46":0,"47":0,"48":0,"49":0,"50":0,"51":0,"52":0,"53":0,"54":0,"55":0,"56":0,"57":0,"58":0,"59":0,"60":0,"61":0,"62":0,"63":0,"64":0,"65":0,"66":0,"67":0,"68":0,"69":0,"70":0,"71":0,"72":0,"73":0,"74":0,"75":0,"76":0,"77":0,"78":0,"79":0,"80":0,"81":0,"82":0,"83":0,"84":0,"85":0,"86":0,"87":0,"88":0,"89":0,"90":0,"91":0,"92":0,"93":0,"94":0,"95":0,"96":0,"97":0,"98":0,"99":0,"100":0,"101":0,"102":0,"103":0,"104":0,"105":0,"106":0,"107":0,"108":0,"109":0,"110":0,"111":0,"112":0,"113":0,"114":0,"115":0,"116":0,"117":0,"118":0,"119":0,"120":0,"121":0,"122":0,"123":0,"124":0,"125":0,"126":0,"127":0,"128":0,"129":0,"130":0,"131":0,"132":0,"133":0,"134":0},"f":{"0":0,"1":0,"2":0,"3":0,"4":0,"5":0,"6":0,"7":0,"8":0,"9":0,"10":0,"11":0,"12":0,"13":0,"14":0,"15":0,"16":0,"17":0,"18":0,"19":0,"20":0,"21":0,"22":0,"23":0,"24":0,"25":0,"26":0,"27":0,"28":0,"29":0,"30":0,"31":0,"32":0,"33":0},"b":{"0":[0,0],"1":[0,0],"2":[0,0],"3":[0,0],"4":[0,0],"5":[0,0],"6":[0,0],"7":[0,0],"8":[0,0],"9":[0,0],"10":[0,0],"11":[0,0],"12":[0,0],"13":[0,0],"14":[0,0],"15":[0,0],"16":[0,0],"17":[0,0],"18":[0,0],"19":[0,0],"20":[0,0],"21":[0,0],"22":[0,0],"23":[0,0],"24":[0,0],"25":[0,0],"26":[0,0],"27":[0,0],"28":[0,0],"29":[0,0],"30":[0,0],"31":[0,0],"32":[0,0],"33":[0,0],"34":[0,0],"35":[0,0],"36":[0,0],"37":[0,0],"38":[0,0],"39":[0,0],"40":[0,0],"41":[0,0],"42":[0,0],"43":[0,0]}}
,"C:\\Users\\rahul\\Documents\\tma\\frontend\\screens\\EditUserProfileScreen.js": {"path":"C:\\Users\\rahul\\Documents\\tma\\frontend\\screens\\EditUserProfileScreen.js","statementMap":{"0":{"start":{"line":8,"column":30},"end":{"line":104,"column":1}},"1":{"start":{"line":9,"column":21},"end":{"line":9,"column":36}},"2":{"start":{"line":10,"column":34},"end":{"line":10,"column":46}},"3":{"start":{"line":11,"column":28},"end":{"line":11,"column":40}},"4":{"start":{"line":12,"column":30},"end":{"line":12,"column":42}},"5":{"start":{"line":13,"column":27},"end":{"line":13,"column":39}},"6":{"start":{"line":15,"column":2},"end":{"line":32,"column":9}},"7":{"start":{"line":16,"column":24},"end":{"line":29,"column":5}},"8":{"start":{"line":17,"column":6},"end":{"line":28,"column":7}},"9":{"start":{"line":18,"column":20},"end":{"line":18,"column":53}},"10":{"start":{"line":19,"column":8},"end":{"line":25,"column":9}},"11":{"start":{"line":20,"column":10},"end":{"line":20,"column":25}},"12":{"start":{"line":21,"column":10},"end":{"line":21,"column":32}},"13":{"start":{"line":23,"column":10},"end":{"line":23,"column":39}},"14":{"start":{"line":24,"column":10},"end":{"line":24,"column":42}},"15":{"start":{"line":27,"column":8},"end":{"line":27,"column":56}},"16":{"start":{"line":31,"column":4},"end":{"line":31,"column":18}},"17":{"start":{"line":34,"column":27},"end":{"line":46,"column":3}},"18":{"start":{"line":35,"column":4},"end":{"line":45,"column":5}},"19":{"start":{"line":36,"column":23},"end":{"line":36,"column":92}},"20":{"start":{"line":37,"column":6},"end":{"line":42,"column":7}},"21":{"start":{"line":38,"column":8},"end":{"line":38,"column":43}},"22":{"start":{"line":39,"column":8},"end":{"line":39,"column":41}},"23":{"start":{"line":41,"column":8},"end":{"line":41,"column":45}},"24":{"start":{"line":44,"column":6},"end":{"line":44,"column":59}},"25":{"start":{"line":48,"column":21},"end":{"line":77,"column":3}},"26":{"start":{"line":49,"column":4},"end":{"line":53,"column":5}},"27":{"start":{"line":50,"column":6},"end":{"line":50,"column":56}},"28":{"start":{"line":51,"column":6},"end":{"line":51,"column":44}},"29":{"start":{"line":52,"column":6},"end":{"line":52,"column":13}},"30":{"start":{"line":55,"column":4},"end":{"line":76,"column":5}},"31":{"start":{"line":56,"column":23},"end":{"line":60,"column":8}},"32":{"start":{"line":62,"column":6},"end":{"line":70,"column":7}},"33":{"start":{"line":63,"column":8},"end":{"line":63,"column":63}},"34":{"start":{"line":64,"column":8},"end":{"line":64,"column":28}},"35":{"start":{"line":65,"column":8},"end":{"line":65,"column":21}},"36":{"start":{"line":68,"column":8},"end":{"line":68,"column":82}},"37":{"start":{"line":69,"column":8},"end":{"line":69,"column":35}},"38":{"start":{"line":72,"column":6},"end":{"line":72,"column":54}},"39":{"start":{"line":73,"column":6},"end":{"line":73,"column":33}},"40":{"start":{"line":75,"column":6},"end":{"line":75,"column":88}},"41":{"start":{"line":79,"column":2},"end":{"line":103,"column":4}},"42":{"start":{"line":106,"column":15},"end":{"line":133,"column":2}}},"fnMap":{"0":{"name":"(anonymous_0)","decl":{"start":{"line":8,"column":30},"end":{"line":8,"column":31}},"loc":{"start":{"line":8,"column":36},"end":{"line":104,"column":1}},"line":8},"1":{"name":"(anonymous_1)","decl":{"start":{"line":15,"column":12},"end":{"line":15,"column":13}},"loc":{"start":{"line":15,"column":18},"end":{"line":32,"column":3}},"line":15},"2":{"name":"(anonymous_2)","decl":{"start":{"line":16,"column":24},"end":{"line":16,"column":25}},"loc":{"start":{"line":16,"column":36},"end":{"line":29,"column":5}},"line":16},"3":{"name":"(anonymous_3)","decl":{"start":{"line":34,"column":27},"end":{"line":34,"column":28}},"loc":{"start":{"line":34,"column":45},"end":{"line":46,"column":3}},"line":34},"4":{"name":"(anonymous_4)","decl":{"start":{"line":48,"column":21},"end":{"line":48,"column":22}},"loc":{"start":{"line":48,"column":33},"end":{"line":77,"column":3}},"line":48}},"branchMap":{"0":{"loc":{"start":{"line":19,"column":8},"end":{"line":25,"column":9}},"type":"if","locations":[{"start":{"line":19,"column":8},"end":{"line":25,"column":9}},{"start":{"line":22,"column":15},"end":{"line":25,"column":9}}],"line":19},"1":{"loc":{"start":{"line":37,"column":6},"end":{"line":42,"column":7}},"type":"if","locations":[{"start":{"line":37,"column":6},"end":{"line":42,"column":7}},{"start":{"line":40,"column":13},"end":{"line":42,"column":7}}],"line":37},"2":{"loc":{"start":{"line":49,"column":4},"end":{"line":53,"column":5}},"type":"if","locations":[{"start":{"line":49,"column":4},"end":{"line":53,"column":5}},{"start":{},"end":{}}],"line":49},"3":{"loc":{"start":{"line":49,"column":8},"end":{"line":49,"column":27}},"type":"binary-expr","locations":[{"start":{"line":49,"column":8},"end":{"line":49,"column":17}},{"start":{"line":49,"column":21},"end":{"line":49,"column":27}}],"line":49},"4":{"loc":{"start":{"line":62,"column":6},"end":{"line":70,"column":7}},"type":"if","locations":[{"start":{"line":62,"column":6},"end":{"line":70,"column":7}},{"start":{"line":66,"column":13},"end":{"line":70,"column":7}}],"line":62},"5":{"loc":{"start":{"line":68,"column":29},"end":{"line":68,"column":80}},"type":"binary-expr","locations":[{"start":{"line":68,"column":29},"end":{"line":68,"column":50}},{"start":{"line":68,"column":54},"end":{"line":68,"column":80}}],"line":68},"6":{"loc":{"start":{"line":75,"column":27},"end":{"line":75,"column":86}},"type":"binary-expr","locations":[{"start":{"line":75,"column":27},"end":{"line":75,"column":56}},{"start":{"line":75,"column":60},"end":{"line":75,"column":86}}],"line":75},"7":{"loc":{"start":{"line":101,"column":7},"end":{"line":101,"column":74}},"type":"cond-expr","locations":[{"start":{"line":101,"column":15},"end":{"line":101,"column":67}},{"start":{"line":101,"column":70},"end":{"line":101,"column":74}}],"line":101}},"s":{"0":0,"1":0,"2":0,"3":0,"4":0,"5":0,"6":0,"7":0,"8":0,"9":0,"10":0,"11":0,"12":0,"13":0,"14":0,"15":0,"16":0,"17":0,"18":0,"19":0,"20":0,"21":0,"22":0,"23":0,"24":0,"25":0,"26":0,"27":0,"28":0,"29":0,"30":0,"31":0,"32":0,"33":0,"34":0,"35":0,"36":0,"37":0,"38":0,"39":0,"40":0,"41":0,"42":0},"f":{"0":0,"1":0,"2":0,"3":0,"4":0},"b":{"0":[0,0],"1":[0,0],"2":[0,0],"3":[0,0],"4":[0,0],"5":[0,0],"6":[0,0],"7":[0,0]}}
,"C:\\Users\\rahul\\Documents\\tma\\frontend\\screens\\HomeScreen.js": {"path":"C:\\Users\\rahul\\Documents\\tma\\frontend\\screens\\HomeScreen.js","statementMap":{"0":{"start":{"line":13,"column":19},"end":{"line":364,"column":1}},"1":{"start":{"line":14,"column":20},"end":{"line":14,"column":30}},"2":{"start":{"line":16,"column":28},"end":{"line":16,"column":40}},"3":{"start":{"line":17,"column":40},"end":{"line":17,"column":52}},"4":{"start":{"line":18,"column":30},"end":{"line":18,"column":44}},"5":{"start":{"line":19,"column":42},"end":{"line":19,"column":57}},"6":{"start":{"line":20,"column":42},"end":{"line":20,"column":56}},"7":{"start":{"line":21,"column":54},"end":{"line":21,"column":69}},"8":{"start":{"line":22,"column":50},"end":{"line":22,"column":62}},"9":{"start":{"line":23,"column":42},"end":{"line":23,"column":54}},"10":{"start":{"line":24,"column":52},"end":{"line":24,"column":66}},"11":{"start":{"line":25,"column":40},"end":{"line":25,"column":55}},"12":{"start":{"line":26,"column":36},"end":{"line":26,"column":50}},"13":{"start":{"line":28,"column":21},"end":{"line":37,"column":3}},"14":{"start":{"line":29,"column":4},"end":{"line":36,"column":5}},"15":{"start":{"line":30,"column":23},"end":{"line":30,"column":93}},"16":{"start":{"line":31,"column":28},"end":{"line":31,"column":54}},"17":{"start":{"line":32,"column":6},"end":{"line":32,"column":30}},"18":{"start":{"line":35,"column":6},"end":{"line":35,"column":52}},"19":{"start":{"line":39,"column":27},"end":{"line":48,"column":3}},"20":{"start":{"line":40,"column":4},"end":{"line":47,"column":5}},"21":{"start":{"line":41,"column":23},"end":{"line":41,"column":97}},"22":{"start":{"line":42,"column":34},"end":{"line":42,"column":60}},"23":{"start":{"line":43,"column":6},"end":{"line":43,"column":42}},"24":{"start":{"line":46,"column":6},"end":{"line":46,"column":59}},"25":{"start":{"line":50,"column":2},"end":{"line":60,"column":79}},"26":{"start":{"line":51,"column":24},"end":{"line":54,"column":5}},"27":{"start":{"line":52,"column":18},"end":{"line":52,"column":51}},"28":{"start":{"line":53,"column":6},"end":{"line":53,"column":21}},"29":{"start":{"line":55,"column":4},"end":{"line":55,"column":18}},"30":{"start":{"line":56,"column":4},"end":{"line":59,"column":5}},"31":{"start":{"line":57,"column":6},"end":{"line":57,"column":19}},"32":{"start":{"line":58,"column":6},"end":{"line":58,"column":25}},"33":{"start":{"line":73,"column":22},"end":{"line":133,"column":3}},"34":{"start":{"line":74,"column":19},"end":{"line":74,"column":24}},"35":{"start":{"line":79,"column":4},"end":{"line":82,"column":7}},"36":{"start":{"line":80,"column":6},"end":{"line":80,"column":44}},"37":{"start":{"line":86,"column":4},"end":{"line":88,"column":5}},"38":{"start":{"line":87,"column":6},"end":{"line":87,"column":83}},"39":{"start":{"line":87,"column":41},"end":{"line":87,"column":81}},"40":{"start":{"line":91,"column":4},"end":{"line":93,"column":5}},"41":{"start":{"line":92,"column":6},"end":{"line":92,"column":75}},"42":{"start":{"line":92,"column":41},"end":{"line":92,"column":73}},"43":{"start":{"line":96,"column":4},"end":{"line":119,"column":5}},"44":{"start":{"line":97,"column":6},"end":{"line":97,"column":62}},"45":{"start":{"line":98,"column":18},"end":{"line":98,"column":28}},"46":{"start":{"line":99,"column":6},"end":{"line":99,"column":33}},"47":{"start":{"line":102,"column":37},"end":{"line":102,"column":81}},"48":{"start":{"line":104,"column":6},"end":{"line":118,"column":7}},"49":{"start":{"line":105,"column":30},"end":{"line":105,"column":107}},"50":{"start":{"line":107,"column":8},"end":{"line":112,"column":11}},"51":{"start":{"line":108,"column":28},"end":{"line":108,"column":51}},"52":{"start":{"line":109,"column":36},"end":{"line":109,"column":131}},"53":{"start":{"line":111,"column":10},"end":{"line":111,"column":73}},"54":{"start":{"line":114,"column":8},"end":{"line":117,"column":11}},"55":{"start":{"line":115,"column":28},"end":{"line":115,"column":51}},"56":{"start":{"line":116,"column":10},"end":{"line":116,"column":64}},"57":{"start":{"line":122,"column":4},"end":{"line":130,"column":5}},"58":{"start":{"line":123,"column":18},"end":{"line":123,"column":28}},"59":{"start":{"line":124,"column":6},"end":{"line":124,"column":54}},"60":{"start":{"line":125,"column":6},"end":{"line":129,"column":9}},"61":{"start":{"line":126,"column":24},"end":{"line":126,"column":47}},"62":{"start":{"line":127,"column":8},"end":{"line":127,"column":61}},"63":{"start":{"line":128,"column":8},"end":{"line":128,"column":58}},"64":{"start":{"line":132,"column":4},"end":{"line":132,"column":20}},"65":{"start":{"line":135,"column":31},"end":{"line":190,"column":3}},"66":{"start":{"line":136,"column":24},"end":{"line":136,"column":37}},"67":{"start":{"line":140,"column":4},"end":{"line":184,"column":5}},"68":{"start":{"line":142,"column":8},"end":{"line":142,"column":122}},"69":{"start":{"line":143,"column":8},"end":{"line":143,"column":28}},"70":{"start":{"line":144,"column":8},"end":{"line":144,"column":14}},"71":{"start":{"line":147,"column":26},"end":{"line":147,"column":49}},"72":{"start":{"line":148,"column":28},"end":{"line":148,"column":170}},"73":{"start":{"line":149,"column":26},"end":{"line":149,"column":131}},"74":{"start":{"line":150,"column":8},"end":{"line":150,"column":32}},"75":{"start":{"line":151,"column":8},"end":{"line":151,"column":28}},"76":{"start":{"line":152,"column":8},"end":{"line":152,"column":14}},"77":{"start":{"line":155,"column":30},"end":{"line":155,"column":167}},"78":{"start":{"line":156,"column":32},"end":{"line":156,"column":140}},"79":{"start":{"line":157,"column":8},"end":{"line":157,"column":34}},"80":{"start":{"line":158,"column":8},"end":{"line":158,"column":34}},"81":{"start":{"line":159,"column":8},"end":{"line":159,"column":14}},"82":{"start":{"line":162,"column":8},"end":{"line":162,"column":99}},"83":{"start":{"line":163,"column":8},"end":{"line":163,"column":101}},"84":{"start":{"line":164,"column":8},"end":{"line":164,"column":14}},"85":{"start":{"line":167,"column":8},"end":{"line":167,"column":103}},"86":{"start":{"line":168,"column":8},"end":{"line":168,"column":101}},"87":{"start":{"line":169,"column":8},"end":{"line":169,"column":14}},"88":{"start":{"line":172,"column":8},"end":{"line":172,"column":103}},"89":{"start":{"line":173,"column":8},"end":{"line":173,"column":101}},"90":{"start":{"line":174,"column":8},"end":{"line":174,"column":14}},"91":{"start":{"line":177,"column":8},"end":{"line":177,"column":100}},"92":{"start":{"line":178,"column":8},"end":{"line":178,"column":105}},"93":{"start":{"line":179,"column":8},"end":{"line":179,"column":14}},"94":{"start":{"line":182,"column":8},"end":{"line":182,"column":42}},"95":{"start":{"line":183,"column":8},"end":{"line":183,"column":40}},"96":{"start":{"line":186,"column":4},"end":{"line":186,"column":42}},"97":{"start":{"line":187,"column":4},"end":{"line":187,"column":38}},"98":{"start":{"line":189,"column":4},"end":{"line":189,"column":34}},"99":{"start":{"line":192,"column":23},"end":{"line":202,"column":3}},"100":{"start":{"line":193,"column":4},"end":{"line":201,"column":5}},"101":{"start":{"line":194,"column":6},"end":{"line":194,"column":74}},"102":{"start":{"line":195,"column":6},"end":{"line":195,"column":58}},"103":{"start":{"line":196,"column":6},"end":{"line":196,"column":19}},"104":{"start":{"line":197,"column":6},"end":{"line":197,"column":25}},"105":{"start":{"line":199,"column":6},"end":{"line":199,"column":53}},"106":{"start":{"line":200,"column":6},"end":{"line":200,"column":54}},"107":{"start":{"line":204,"column":20},"end":{"line":207,"column":3}},"108":{"start":{"line":205,"column":4},"end":{"line":205,"column":26}},"109":{"start":{"line":206,"column":4},"end":{"line":206,"column":26}},"110":{"start":{"line":209,"column":21},"end":{"line":212,"column":3}},"111":{"start":{"line":210,"column":4},"end":{"line":210,"column":27}},"112":{"start":{"line":211,"column":4},"end":{"line":211,"column":26}},"113":{"start":{"line":214,"column":26},"end":{"line":216,"column":3}},"114":{"start":{"line":215,"column":4},"end":{"line":215,"column":32}},"115":{"start":{"line":218,"column":27},"end":{"line":220,"column":3}},"116":{"start":{"line":219,"column":4},"end":{"line":219,"column":33}},"117":{"start":{"line":222,"column":23},"end":{"line":226,"column":3}},"118":{"start":{"line":223,"column":4},"end":{"line":223,"column":17}},"119":{"start":{"line":224,"column":4},"end":{"line":224,"column":23}},"120":{"start":{"line":225,"column":4},"end":{"line":225,"column":23}},"121":{"start":{"line":228,"column":24},"end":{"line":231,"column":3}},"122":{"start":{"line":229,"column":20},"end":{"line":229,"column":70}},"123":{"start":{"line":230,"column":4},"end":{"line":230,"column":71}},"124":{"start":{"line":233,"column":21},"end":{"line":246,"column":3}},"125":{"start":{"line":234,"column":4},"end":{"line":245,"column":23}},"126":{"start":{"line":234,"column":120},"end":{"line":234,"column":135}},"127":{"start":{"line":244,"column":57},"end":{"line":244,"column":78}},"128":{"start":{"line":248,"column":24},"end":{"line":248,"column":137}},"129":{"start":{"line":248,"column":47},"end":{"line":248,"column":75}},"130":{"start":{"line":248,"column":107},"end":{"line":248,"column":134}},"131":{"start":{"line":250,"column":2},"end":{"line":363,"column":4}},"132":{"start":{"line":264,"column":34},"end":{"line":264,"column":52}},"133":{"start":{"line":265,"column":36},"end":{"line":265,"column":81}},"134":{"start":{"line":305,"column":14},"end":{"line":316,"column":21}},"135":{"start":{"line":309,"column":20},"end":{"line":311,"column":22}},"136":{"start":{"line":310,"column":22},"end":{"line":310,"column":102}},"137":{"start":{"line":310,"column":65},"end":{"line":310,"column":79}},"138":{"start":{"line":321,"column":14},"end":{"line":331,"column":21}},"139":{"start":{"line":325,"column":20},"end":{"line":327,"column":22}},"140":{"start":{"line":326,"column":22},"end":{"line":326,"column":90}},"141":{"start":{"line":326,"column":61},"end":{"line":326,"column":71}},"142":{"start":{"line":336,"column":14},"end":{"line":342,"column":21}},"143":{"start":{"line":339,"column":39},"end":{"line":339,"column":103}},"144":{"start":{"line":348,"column":37},"end":{"line":348,"column":65}},"145":{"start":{"line":366,"column":15},"end":{"line":505,"column":2}}},"fnMap":{"0":{"name":"(anonymous_0)","decl":{"start":{"line":13,"column":19},"end":{"line":13,"column":20}},"loc":{"start":{"line":13,"column":25},"end":{"line":364,"column":1}},"line":13},"1":{"name":"(anonymous_1)","decl":{"start":{"line":28,"column":21},"end":{"line":28,"column":22}},"loc":{"start":{"line":28,"column":33},"end":{"line":37,"column":3}},"line":28},"2":{"name":"(anonymous_2)","decl":{"start":{"line":39,"column":27},"end":{"line":39,"column":28}},"loc":{"start":{"line":39,"column":39},"end":{"line":48,"column":3}},"line":39},"3":{"name":"(anonymous_3)","decl":{"start":{"line":50,"column":12},"end":{"line":50,"column":13}},"loc":{"start":{"line":50,"column":18},"end":{"line":60,"column":3}},"line":50},"4":{"name":"(anonymous_4)","decl":{"start":{"line":51,"column":24},"end":{"line":51,"column":25}},"loc":{"start":{"line":51,"column":36},"end":{"line":54,"column":5}},"line":51},"5":{"name":"(anonymous_5)","decl":{"start":{"line":73,"column":22},"end":{"line":73,"column":23}},"loc":{"start":{"line":73,"column":33},"end":{"line":133,"column":3}},"line":73},"6":{"name":"(anonymous_6)","decl":{"start":{"line":79,"column":21},"end":{"line":79,"column":22}},"loc":{"start":{"line":79,"column":29},"end":{"line":82,"column":5}},"line":79},"7":{"name":"(anonymous_7)","decl":{"start":{"line":87,"column":33},"end":{"line":87,"column":34}},"loc":{"start":{"line":87,"column":41},"end":{"line":87,"column":81}},"line":87},"8":{"name":"(anonymous_8)","decl":{"start":{"line":92,"column":33},"end":{"line":92,"column":34}},"loc":{"start":{"line":92,"column":41},"end":{"line":92,"column":73}},"line":92},"9":{"name":"(anonymous_9)","decl":{"start":{"line":107,"column":35},"end":{"line":107,"column":36}},"loc":{"start":{"line":107,"column":43},"end":{"line":112,"column":9}},"line":107},"10":{"name":"(anonymous_10)","decl":{"start":{"line":114,"column":35},"end":{"line":114,"column":36}},"loc":{"start":{"line":114,"column":43},"end":{"line":117,"column":9}},"line":114},"11":{"name":"(anonymous_11)","decl":{"start":{"line":125,"column":33},"end":{"line":125,"column":34}},"loc":{"start":{"line":125,"column":41},"end":{"line":129,"column":7}},"line":125},"12":{"name":"(anonymous_12)","decl":{"start":{"line":135,"column":31},"end":{"line":135,"column":32}},"loc":{"start":{"line":135,"column":47},"end":{"line":190,"column":3}},"line":135},"13":{"name":"(anonymous_13)","decl":{"start":{"line":192,"column":23},"end":{"line":192,"column":24}},"loc":{"start":{"line":192,"column":41},"end":{"line":202,"column":3}},"line":192},"14":{"name":"(anonymous_14)","decl":{"start":{"line":204,"column":20},"end":{"line":204,"column":21}},"loc":{"start":{"line":204,"column":30},"end":{"line":207,"column":3}},"line":204},"15":{"name":"(anonymous_15)","decl":{"start":{"line":209,"column":21},"end":{"line":209,"column":22}},"loc":{"start":{"line":209,"column":27},"end":{"line":212,"column":3}},"line":209},"16":{"name":"(anonymous_16)","decl":{"start":{"line":214,"column":26},"end":{"line":214,"column":27}},"loc":{"start":{"line":214,"column":32},"end":{"line":216,"column":3}},"line":214},"17":{"name":"(anonymous_17)","decl":{"start":{"line":218,"column":27},"end":{"line":218,"column":28}},"loc":{"start":{"line":218,"column":33},"end":{"line":220,"column":3}},"line":218},"18":{"name":"(anonymous_18)","decl":{"start":{"line":222,"column":23},"end":{"line":222,"column":24}},"loc":{"start":{"line":222,"column":29},"end":{"line":226,"column":3}},"line":222},"19":{"name":"(anonymous_19)","decl":{"start":{"line":228,"column":24},"end":{"line":228,"column":25}},"loc":{"start":{"line":228,"column":40},"end":{"line":231,"column":3}},"line":228},"20":{"name":"(anonymous_20)","decl":{"start":{"line":233,"column":21},"end":{"line":233,"column":22}},"loc":{"start":{"line":234,"column":4},"end":{"line":245,"column":23}},"line":234},"21":{"name":"(anonymous_21)","decl":{"start":{"line":234,"column":114},"end":{"line":234,"column":115}},"loc":{"start":{"line":234,"column":120},"end":{"line":234,"column":135}},"line":234},"22":{"name":"(anonymous_22)","decl":{"start":{"line":244,"column":51},"end":{"line":244,"column":52}},"loc":{"start":{"line":244,"column":57},"end":{"line":244,"column":78}},"line":244},"23":{"name":"(anonymous_23)","decl":{"start":{"line":248,"column":38},"end":{"line":248,"column":39}},"loc":{"start":{"line":248,"column":47},"end":{"line":248,"column":75}},"line":248},"24":{"name":"(anonymous_24)","decl":{"start":{"line":248,"column":98},"end":{"line":248,"column":99}},"loc":{"start":{"line":248,"column":107},"end":{"line":248,"column":134}},"line":248},"25":{"name":"(anonymous_25)","decl":{"start":{"line":264,"column":24},"end":{"line":264,"column":25}},"loc":{"start":{"line":264,"column":34},"end":{"line":264,"column":52}},"line":264},"26":{"name":"(anonymous_26)","decl":{"start":{"line":265,"column":22},"end":{"line":265,"column":23}},"loc":{"start":{"line":265,"column":36},"end":{"line":265,"column":81}},"line":265},"27":{"name":"(anonymous_27)","decl":{"start":{"line":304,"column":43},"end":{"line":304,"column":44}},"loc":{"start":{"line":305,"column":14},"end":{"line":316,"column":21}},"line":305},"28":{"name":"(anonymous_28)","decl":{"start":{"line":308,"column":33},"end":{"line":308,"column":34}},"loc":{"start":{"line":308,"column":39},"end":{"line":312,"column":19}},"line":308},"29":{"name":"(anonymous_29)","decl":{"start":{"line":309,"column":40},"end":{"line":309,"column":41}},"loc":{"start":{"line":310,"column":22},"end":{"line":310,"column":102}},"line":310},"30":{"name":"(anonymous_30)","decl":{"start":{"line":310,"column":60},"end":{"line":310,"column":61}},"loc":{"start":{"line":310,"column":65},"end":{"line":310,"column":79}},"line":310},"31":{"name":"(anonymous_31)","decl":{"start":{"line":320,"column":55},"end":{"line":320,"column":56}},"loc":{"start":{"line":321,"column":14},"end":{"line":331,"column":21}},"line":321},"32":{"name":"(anonymous_32)","decl":{"start":{"line":324,"column":33},"end":{"line":324,"column":34}},"loc":{"start":{"line":324,"column":39},"end":{"line":328,"column":19}},"line":324},"33":{"name":"(anonymous_33)","decl":{"start":{"line":325,"column":36},"end":{"line":325,"column":37}},"loc":{"start":{"line":326,"column":22},"end":{"line":326,"column":90}},"line":326},"34":{"name":"(anonymous_34)","decl":{"start":{"line":326,"column":56},"end":{"line":326,"column":57}},"loc":{"start":{"line":326,"column":61},"end":{"line":326,"column":71}},"line":326},"35":{"name":"(anonymous_35)","decl":{"start":{"line":335,"column":129},"end":{"line":335,"column":130}},"loc":{"start":{"line":336,"column":14},"end":{"line":342,"column":21}},"line":336},"36":{"name":"(anonymous_36)","decl":{"start":{"line":339,"column":33},"end":{"line":339,"column":34}},"loc":{"start":{"line":339,"column":39},"end":{"line":339,"column":103}},"line":339},"37":{"name":"(anonymous_37)","decl":{"start":{"line":348,"column":31},"end":{"line":348,"column":32}},"loc":{"start":{"line":348,"column":37},"end":{"line":348,"column":65}},"line":348}},"branchMap":{"0":{"loc":{"start":{"line":56,"column":4},"end":{"line":59,"column":5}},"type":"if","locations":[{"start":{"line":56,"column":4},"end":{"line":59,"column":5}},{"start":{},"end":{}}],"line":56},"1":{"loc":{"start":{"line":86,"column":4},"end":{"line":88,"column":5}},"type":"if","locations":[{"start":{"line":86,"column":4},"end":{"line":88,"column":5}},{"start":{},"end":{}}],"line":86},"2":{"loc":{"start":{"line":91,"column":4},"end":{"line":93,"column":5}},"type":"if","locations":[{"start":{"line":91,"column":4},"end":{"line":93,"column":5}},{"start":{},"end":{}}],"line":91},"3":{"loc":{"start":{"line":96,"column":4},"end":{"line":119,"column":5}},"type":"if","locations":[{"start":{"line":96,"column":4},"end":{"line":119,"column":5}},{"start":{},"end":{}}],"line":96},"4":{"loc":{"start":{"line":104,"column":6},"end":{"line":118,"column":7}},"type":"if","locations":[{"start":{"line":104,"column":6},"end":{"line":118,"column":7}},{"start":{"line":113,"column":13},"end":{"line":118,"column":7}}],"line":104},"5":{"loc":{"start":{"line":116,"column":17},"end":{"line":116,"column":63}},"type":"binary-expr","locations":[{"start":{"line":116,"column":17},"end":{"line":116,"column":39}},{"start":{"line":116,"column":43},"end":{"line":116,"column":63}}],"line":116},"6":{"loc":{"start":{"line":122,"column":4},"end":{"line":130,"column":5}},"type":"if","locations":[{"start":{"line":122,"column":4},"end":{"line":130,"column":5}},{"start":{},"end":{}}],"line":122},"7":{"loc":{"start":{"line":128,"column":15},"end":{"line":128,"column":57}},"type":"binary-expr","locations":[{"start":{"line":128,"column":15},"end":{"line":128,"column":28}},{"start":{"line":128,"column":32},"end":{"line":128,"column":57}}],"line":128},"8":{"loc":{"start":{"line":140,"column":4},"end":{"line":184,"column":5}},"type":"switch","locations":[{"start":{"line":141,"column":6},"end":{"line":144,"column":14}},{"start":{"line":146,"column":6},"end":{"line":152,"column":14}},{"start":{"line":154,"column":6},"end":{"line":159,"column":14}},{"start":{"line":161,"column":6},"end":{"line":164,"column":14}},{"start":{"line":166,"column":6},"end":{"line":169,"column":14}},{"start":{"line":171,"column":6},"end":{"line":174,"column":14}},{"start":{"line":176,"column":6},"end":{"line":179,"column":14}},{"start":{"line":181,"column":6},"end":{"line":183,"column":40}}],"line":140},"9":{"loc":{"start":{"line":148,"column":143},"end":{"line":148,"column":167}},"type":"cond-expr","locations":[{"start":{"line":148,"column":161},"end":{"line":148,"column":163}},{"start":{"line":148,"column":166},"end":{"line":148,"column":167}}],"line":148},"10":{"loc":{"start":{"line":234,"column":66},"end":{"line":234,"column":100}},"type":"cond-expr","locations":[{"start":{"line":234,"column":85},"end":{"line":234,"column":91}},{"start":{"line":234,"column":94},"end":{"line":234,"column":100}}],"line":234},"11":{"loc":{"start":{"line":237,"column":9},"end":{"line":237,"column":74}},"type":"binary-expr","locations":[{"start":{"line":237,"column":9},"end":{"line":237,"column":17}},{"start":{"line":237,"column":21},"end":{"line":237,"column":74}}],"line":237},"12":{"loc":{"start":{"line":251,"column":55},"end":{"line":251,"column":89}},"type":"cond-expr","locations":[{"start":{"line":251,"column":74},"end":{"line":251,"column":80}},{"start":{"line":251,"column":83},"end":{"line":251,"column":89}}],"line":251},"13":{"loc":{"start":{"line":256,"column":7},"end":{"line":267,"column":7}},"type":"cond-expr","locations":[{"start":{"line":257,"column":8},"end":{"line":260,"column":15}},{"start":{"line":262,"column":8},"end":{"line":266,"column":10}}],"line":256},"14":{"loc":{"start":{"line":257,"column":66},"end":{"line":257,"column":100}},"type":"cond-expr","locations":[{"start":{"line":257,"column":85},"end":{"line":257,"column":91}},{"start":{"line":257,"column":94},"end":{"line":257,"column":100}}],"line":257},"15":{"loc":{"start":{"line":268,"column":7},"end":{"line":270,"column":7}},"type":"binary-expr","locations":[{"start":{"line":268,"column":7},"end":{"line":268,"column":33}},{"start":{"line":269,"column":8},"end":{"line":269,"column":89}}],"line":268},"16":{"loc":{"start":{"line":280,"column":11},"end":{"line":287,"column":11}},"type":"binary-expr","locations":[{"start":{"line":280,"column":11},"end":{"line":280,"column":23}},{"start":{"line":281,"column":12},"end":{"line":286,"column":19}}],"line":280},"17":{"loc":{"start":{"line":297,"column":33},"end":{"line":297,"column":67}},"type":"cond-expr","locations":[{"start":{"line":297,"column":52},"end":{"line":297,"column":58}},{"start":{"line":297,"column":61},"end":{"line":297,"column":67}}],"line":297},"18":{"loc":{"start":{"line":300,"column":68},"end":{"line":300,"column":102}},"type":"cond-expr","locations":[{"start":{"line":300,"column":87},"end":{"line":300,"column":93}},{"start":{"line":300,"column":96},"end":{"line":300,"column":102}}],"line":300},"19":{"loc":{"start":{"line":310,"column":22},"end":{"line":310,"column":102}},"type":"cond-expr","locations":[{"start":{"line":310,"column":48},"end":{"line":310,"column":80}},{"start":{"line":310,"column":83},"end":{"line":310,"column":102}}],"line":310},"20":{"loc":{"start":{"line":326,"column":22},"end":{"line":326,"column":90}},"type":"cond-expr","locations":[{"start":{"line":326,"column":44},"end":{"line":326,"column":72}},{"start":{"line":326,"column":75},"end":{"line":326,"column":90}}],"line":326},"21":{"loc":{"start":{"line":339,"column":60},"end":{"line":339,"column":102}},"type":"cond-expr","locations":[{"start":{"line":339,"column":90},"end":{"line":339,"column":94}},{"start":{"line":339,"column":97},"end":{"line":339,"column":102}}],"line":339}},"s":{"0":0,"1":0,"2":0,"3":0,"4":0,"5":0,"6":0,"7":0,"8":0,"9":0,"10":0,"11":0,"12":0,"13":0,"14":0,"15":0,"16":0,"17":0,"18":0,"19":0,"20":0,"21":0,"22":0,"23":0,"24":0,"25":0,"26":0,"27":0,"28":0,"29":0,"30":0,"31":0,"32":0,"33":0,"34":0,"35":0,"36":0,"37":0,"38":0,"39":0,"40":0,"41":0,"42":0,"43":0,"44":0,"45":0,"46":0,"47":0,"48":0,"49":0,"50":0,"51":0,"52":0,"53":0,"54":0,"55":0,"56":0,"57":0,"58":0,"59":0,"60":0,"61":0,"62":0,"63":0,"64":0,"65":0,"66":0,"67":0,"68":0,"69":0,"70":0,"71":0,"72":0,"73":0,"74":0,"75":0,"76":0,"77":0,"78":0,"79":0,"80":0,"81":0,"82":0,"83":0,"84":0,"85":0,"86":0,"87":0,"88":0,"89":0,"90":0,"91":0,"92":0,"93":0,"94":0,"95":0,"96":0,"97":0,"98":0,"99":0,"100":0,"101":0,"102":0,"103":0,"104":0,"105":0,"106":0,"107":0,"108":0,"109":0,"110":0,"111":0,"112":0,"113":0,"114":0,"115":0,"116":0,"117":0,"118":0,"119":0,"120":0,"121":0,"122":0,"123":0,"124":0,"125":0,"126":0,"127":0,"128":0,"129":0,"130":0,"131":0,"132":0,"133":0,"134":0,"135":0,"136":0,"137":0,"138":0,"139":0,"140":0,"141":0,"142":0,"143":0,"144":0,"145":0},"f":{"0":0,"1":0,"2":0,"3":0,"4":0,"5":0,"6":0,"7":0,"8":0,"9":0,"10":0,"11":0,"12":0,"13":0,"14":0,"15":0,"16":0,"17":0,"18":0,"19":0,"20":0,"21":0,"22":0,"23":0,"24":0,"25":0,"26":0,"27":0,"28":0,"29":0,"30":0,"31":0,"32":0,"33":0,"34":0,"35":0,"36":0,"37":0},"b":{"0":[0,0],"1":[0,0],"2":[0,0],"3":[0,0],"4":[0,0],"5":[0,0],"6":[0,0],"7":[0,0],"8":[0,0,0,0,0,0,0,0],"9":[0,0],"10":[0,0],"11":[0,0],"12":[0,0],"13":[0,0],"14":[0,0],"15":[0,0],"16":[0,0],"17":[0,0],"18":[0,0],"19":[0,0],"20":[0,0],"21":[0,0]}}
,"C:\\Users\\rahul\\Documents\\tma\\frontend\\screens\\LoginScreen.js": {"path":"C:\\Users\\rahul\\Documents\\tma\\frontend\\screens\\LoginScreen.js","statementMap":{"0":{"start":{"line":8,"column":14},"end":{"line":69,"column":1}},"1":{"start":{"line":9,"column":20},"end":{"line":9,"column":30}},"2":{"start":{"line":10,"column":34},"end":{"line":10,"column":46}},"3":{"start":{"line":11,"column":34},"end":{"line":11,"column":46}},"4":{"start":{"line":12,"column":28},"end":{"line":12,"column":40}},"5":{"start":{"line":14,"column":22},"end":{"line":44,"column":3}},"6":{"start":{"line":15,"column":4},"end":{"line":43,"column":5}},"7":{"start":{"line":16,"column":23},"end":{"line":19,"column":8}},"8":{"start":{"line":21,"column":6},"end":{"line":21,"column":52}},"9":{"start":{"line":23,"column":6},"end":{"line":38,"column":7}},"10":{"start":{"line":25,"column":8},"end":{"line":25,"column":51}},"11":{"start":{"line":26,"column":8},"end":{"line":26,"column":86}},"12":{"start":{"line":27,"column":8},"end":{"line":27,"column":76}},"13":{"start":{"line":28,"column":8},"end":{"line":28,"column":18}},"14":{"start":{"line":29,"column":8},"end":{"line":29,"column":21}},"15":{"start":{"line":30,"column":8},"end":{"line":35,"column":11}},"16":{"start":{"line":37,"column":8},"end":{"line":37,"column":70}},"17":{"start":{"line":40,"column":6},"end":{"line":40,"column":64}},"18":{"start":{"line":41,"column":6},"end":{"line":41,"column":43}},"19":{"start":{"line":42,"column":6},"end":{"line":42,"column":46}},"20":{"start":{"line":46,"column":2},"end":{"line":68,"column":4}},"21":{"start":{"line":71,"column":15},"end":{"line":96,"column":2}}},"fnMap":{"0":{"name":"(anonymous_0)","decl":{"start":{"line":8,"column":14},"end":{"line":8,"column":15}},"loc":{"start":{"line":8,"column":42},"end":{"line":69,"column":1}},"line":8},"1":{"name":"(anonymous_1)","decl":{"start":{"line":14,"column":22},"end":{"line":14,"column":23}},"loc":{"start":{"line":14,"column":34},"end":{"line":44,"column":3}},"line":14}},"branchMap":{"0":{"loc":{"start":{"line":23,"column":6},"end":{"line":38,"column":7}},"type":"if","locations":[{"start":{"line":23,"column":6},"end":{"line":38,"column":7}},{"start":{"line":36,"column":13},"end":{"line":38,"column":7}}],"line":23},"1":{"loc":{"start":{"line":40,"column":15},"end":{"line":40,"column":62}},"type":"binary-expr","locations":[{"start":{"line":40,"column":15},"end":{"line":40,"column":44}},{"start":{"line":40,"column":48},"end":{"line":40,"column":62}}],"line":40},"2":{"loc":{"start":{"line":47,"column":54},"end":{"line":47,"column":88}},"type":"cond-expr","locations":[{"start":{"line":47,"column":73},"end":{"line":47,"column":79}},{"start":{"line":47,"column":82},"end":{"line":47,"column":88}}],"line":47},"3":{"loc":{"start":{"line":51,"column":30},"end":{"line":51,"column":64}},"type":"cond-expr","locations":[{"start":{"line":51,"column":49},"end":{"line":51,"column":55}},{"start":{"line":51,"column":58},"end":{"line":51,"column":64}}],"line":51},"4":{"loc":{"start":{"line":58,"column":30},"end":{"line":58,"column":64}},"type":"cond-expr","locations":[{"start":{"line":58,"column":49},"end":{"line":58,"column":55}},{"start":{"line":58,"column":58},"end":{"line":58,"column":64}}],"line":58},"5":{"loc":{"start":{"line":66,"column":7},"end":{"line":66,"column":67}},"type":"cond-expr","locations":[{"start":{"line":66,"column":15},"end":{"line":66,"column":60}},{"start":{"line":66,"column":63},"end":{"line":66,"column":67}}],"line":66}},"s":{"0":0,"1":0,"2":0,"3":0,"4":0,"5":0,"6":0,"7":0,"8":0,"9":0,"10":0,"11":0,"12":0,"13":0,"14":0,"15":0,"16":0,"17":0,"18":0,"19":0,"20":0,"21":0},"f":{"0":0,"1":0},"b":{"0":[0,0],"1":[0,0],"2":[0,0],"3":[0,0],"4":[0,0],"5":[0,0]}}
,"C:\\Users\\rahul\\Documents\\tma\\frontend\\screens\\LogoutScreen.js": {"path":"C:\\Users\\rahul\\Documents\\tma\\frontend\\screens\\LogoutScreen.js","statementMap":{"0":{"start":{"line":7,"column":21},"end":{"line":26,"column":1}},"1":{"start":{"line":8,"column":20},"end":{"line":8,"column":30}},"2":{"start":{"line":9,"column":23},"end":{"line":19,"column":3}},"3":{"start":{"line":10,"column":4},"end":{"line":18,"column":5}},"4":{"start":{"line":11,"column":6},"end":{"line":11,"column":50}},"5":{"start":{"line":12,"column":6},"end":{"line":12,"column":43}},"6":{"start":{"line":13,"column":6},"end":{"line":13,"column":17}},"7":{"start":{"line":14,"column":6},"end":{"line":14,"column":35}},"8":{"start":{"line":16,"column":6},"end":{"line":16,"column":51}},"9":{"start":{"line":17,"column":6},"end":{"line":17,"column":74}},"10":{"start":{"line":21,"column":2},"end":{"line":25,"column":4}},"11":{"start":{"line":28,"column":15},"end":{"line":35,"column":2}}},"fnMap":{"0":{"name":"(anonymous_0)","decl":{"start":{"line":7,"column":21},"end":{"line":7,"column":22}},"loc":{"start":{"line":7,"column":50},"end":{"line":26,"column":1}},"line":7},"1":{"name":"(anonymous_1)","decl":{"start":{"line":9,"column":23},"end":{"line":9,"column":24}},"loc":{"start":{"line":9,"column":35},"end":{"line":19,"column":3}},"line":9}},"branchMap":{"0":{"loc":{"start":{"line":22,"column":54},"end":{"line":22,"column":88}},"type":"cond-expr","locations":[{"start":{"line":22,"column":73},"end":{"line":22,"column":79}},{"start":{"line":22,"column":82},"end":{"line":22,"column":88}}],"line":22}},"s":{"0":0,"1":0,"2":0,"3":0,"4":0,"5":0,"6":0,"7":0,"8":0,"9":0,"10":0,"11":0},"f":{"0":0,"1":0},"b":{"0":[0,0]}}
,"C:\\Users\\rahul\\Documents\\tma\\frontend\\screens\\NewTaskScreen.js": {"path":"C:\\Users\\rahul\\Documents\\tma\\frontend\\screens\\NewTaskScreen.js","statementMap":{"0":{"start":{"line":13,"column":22},"end":{"line":569,"column":1}},"1":{"start":{"line":15,"column":28},"end":{"line":15,"column":40}},"2":{"start":{"line":16,"column":40},"end":{"line":16,"column":52}},"3":{"start":{"line":17,"column":32},"end":{"line":17,"column":46}},"4":{"start":{"line":18,"column":34},"end":{"line":18,"column":49}},"5":{"start":{"line":19,"column":36},"end":{"line":19,"column":48}},"6":{"start":{"line":20,"column":34},"end":{"line":20,"column":54}},"7":{"start":{"line":21,"column":46},"end":{"line":21,"column":61}},"8":{"start":{"line":22,"column":36},"end":{"line":22,"column":48}},"9":{"start":{"line":23,"column":38},"end":{"line":23,"column":50}},"10":{"start":{"line":24,"column":30},"end":{"line":24,"column":44}},"11":{"start":{"line":25,"column":38},"end":{"line":25,"column":52}},"12":{"start":{"line":26,"column":38},"end":{"line":26,"column":53}},"13":{"start":{"line":27,"column":32},"end":{"line":27,"column":46}},"14":{"start":{"line":28,"column":40},"end":{"line":28,"column":52}},"15":{"start":{"line":29,"column":34},"end":{"line":29,"column":46}},"16":{"start":{"line":30,"column":48},"end":{"line":30,"column":62}},"17":{"start":{"line":31,"column":28},"end":{"line":31,"column":40}},"18":{"start":{"line":32,"column":42},"end":{"line":32,"column":54}},"19":{"start":{"line":33,"column":42},"end":{"line":33,"column":57}},"20":{"start":{"line":34,"column":38},"end":{"line":34,"column":50}},"21":{"start":{"line":36,"column":44},"end":{"line":36,"column":56}},"22":{"start":{"line":37,"column":40},"end":{"line":37,"column":52}},"23":{"start":{"line":38,"column":50},"end":{"line":38,"column":62}},"24":{"start":{"line":39,"column":46},"end":{"line":39,"column":58}},"25":{"start":{"line":40,"column":50},"end":{"line":40,"column":62}},"26":{"start":{"line":41,"column":46},"end":{"line":41,"column":58}},"27":{"start":{"line":42,"column":48},"end":{"line":42,"column":60}},"28":{"start":{"line":43,"column":44},"end":{"line":43,"column":56}},"29":{"start":{"line":45,"column":36},"end":{"line":45,"column":51}},"30":{"start":{"line":46,"column":30},"end":{"line":46,"column":42}},"31":{"start":{"line":49,"column":2},"end":{"line":64,"column":9}},"32":{"start":{"line":50,"column":29},"end":{"line":61,"column":5}},"33":{"start":{"line":51,"column":6},"end":{"line":60,"column":7}},"34":{"start":{"line":52,"column":22},"end":{"line":52,"column":62}},"35":{"start":{"line":53,"column":20},"end":{"line":53,"column":53}},"36":{"start":{"line":54,"column":8},"end":{"line":54,"column":27}},"37":{"start":{"line":55,"column":8},"end":{"line":55,"column":40}},"38":{"start":{"line":57,"column":8},"end":{"line":57,"column":61}},"39":{"start":{"line":59,"column":8},"end":{"line":59,"column":26}},"40":{"start":{"line":63,"column":4},"end":{"line":63,"column":23}},"41":{"start":{"line":66,"column":2},"end":{"line":114,"column":15}},"42":{"start":{"line":68,"column":27},"end":{"line":81,"column":5}},"43":{"start":{"line":69,"column":6},"end":{"line":80,"column":7}},"44":{"start":{"line":70,"column":25},"end":{"line":70,"column":79}},"45":{"start":{"line":71,"column":8},"end":{"line":76,"column":9}},"46":{"start":{"line":72,"column":10},"end":{"line":72,"column":38}},"47":{"start":{"line":74,"column":10},"end":{"line":74,"column":75}},"48":{"start":{"line":75,"column":10},"end":{"line":75,"column":72}},"49":{"start":{"line":78,"column":8},"end":{"line":78,"column":59}},"50":{"start":{"line":79,"column":8},"end":{"line":79,"column":59}},"51":{"start":{"line":83,"column":28},"end":{"line":96,"column":5}},"52":{"start":{"line":84,"column":6},"end":{"line":95,"column":7}},"53":{"start":{"line":85,"column":25},"end":{"line":85,"column":78}},"54":{"start":{"line":86,"column":8},"end":{"line":91,"column":9}},"55":{"start":{"line":87,"column":10},"end":{"line":87,"column":39}},"56":{"start":{"line":89,"column":10},"end":{"line":89,"column":75}},"57":{"start":{"line":90,"column":10},"end":{"line":90,"column":72}},"58":{"start":{"line":93,"column":8},"end":{"line":93,"column":59}},"59":{"start":{"line":94,"column":8},"end":{"line":94,"column":59}},"60":{"start":{"line":97,"column":24},"end":{"line":109,"column":5}},"61":{"start":{"line":98,"column":6},"end":{"line":108,"column":7}},"62":{"start":{"line":99,"column":20},"end":{"line":99,"column":53}},"63":{"start":{"line":100,"column":8},"end":{"line":105,"column":9}},"64":{"start":{"line":101,"column":10},"end":{"line":101,"column":25}},"65":{"start":{"line":102,"column":10},"end":{"line":102,"column":39}},"66":{"start":{"line":104,"column":10},"end":{"line":104,"column":42}},"67":{"start":{"line":107,"column":8},"end":{"line":107,"column":56}},"68":{"start":{"line":111,"column":4},"end":{"line":111,"column":21}},"69":{"start":{"line":112,"column":4},"end":{"line":112,"column":22}},"70":{"start":{"line":113,"column":4},"end":{"line":113,"column":18}},"71":{"start":{"line":116,"column":2},"end":{"line":124,"column":4}},"72":{"start":{"line":118,"column":6},"end":{"line":122,"column":7}},"73":{"start":{"line":119,"column":8},"end":{"line":119,"column":21}},"74":{"start":{"line":120,"column":6},"end":{"line":120,"column":22}},"75":{"start":{"line":121,"column":6},"end":{"line":121,"column":25}},"76":{"start":{"line":126,"column":24},"end":{"line":134,"column":3}},"77":{"start":{"line":127,"column":4},"end":{"line":133,"column":5}},"78":{"start":{"line":128,"column":23},"end":{"line":128,"column":90}},"79":{"start":{"line":129,"column":6},"end":{"line":129,"column":33}},"80":{"start":{"line":130,"column":6},"end":{"line":130,"column":45}},"81":{"start":{"line":132,"column":6},"end":{"line":132,"column":55}},"82":{"start":{"line":136,"column":27},"end":{"line":144,"column":3}},"83":{"start":{"line":137,"column":4},"end":{"line":143,"column":5}},"84":{"start":{"line":138,"column":23},"end":{"line":138,"column":96}},"85":{"start":{"line":139,"column":6},"end":{"line":139,"column":36}},"86":{"start":{"line":140,"column":6},"end":{"line":140,"column":48}},"87":{"start":{"line":142,"column":6},"end":{"line":142,"column":58}},"88":{"start":{"line":146,"column":21},"end":{"line":159,"column":18}},"89":{"start":{"line":147,"column":4},"end":{"line":147,"column":21}},"90":{"start":{"line":148,"column":4},"end":{"line":158,"column":5}},"91":{"start":{"line":149,"column":6},"end":{"line":153,"column":7}},"92":{"start":{"line":150,"column":25},"end":{"line":150,"column":92}},"93":{"start":{"line":151,"column":8},"end":{"line":151,"column":32}},"94":{"start":{"line":152,"column":8},"end":{"line":152,"column":58}},"95":{"start":{"line":155,"column":6},"end":{"line":155,"column":52}},"96":{"start":{"line":157,"column":6},"end":{"line":157,"column":24}},"97":{"start":{"line":161,"column":25},"end":{"line":163,"column":3}},"98":{"start":{"line":162,"column":4},"end":{"line":162,"column":28}},"99":{"start":{"line":165,"column":27},"end":{"line":170,"column":3}},"100":{"start":{"line":166,"column":4},"end":{"line":166,"column":29}},"101":{"start":{"line":167,"column":4},"end":{"line":169,"column":5}},"102":{"start":{"line":168,"column":6},"end":{"line":168,"column":31}},"103":{"start":{"line":172,"column":30},"end":{"line":192,"column":1}},"104":{"start":{"line":173,"column":4},"end":{"line":191,"column":5}},"105":{"start":{"line":175,"column":8},"end":{"line":175,"column":72}},"106":{"start":{"line":178,"column":25},"end":{"line":178,"column":85}},"107":{"start":{"line":181,"column":8},"end":{"line":181,"column":59}},"108":{"start":{"line":184,"column":8},"end":{"line":184,"column":44}},"109":{"start":{"line":187,"column":8},"end":{"line":187,"column":39}},"110":{"start":{"line":190,"column":8},"end":{"line":190,"column":82}},"111":{"start":{"line":194,"column":29},"end":{"line":221,"column":1}},"112":{"start":{"line":195,"column":2},"end":{"line":220,"column":3}},"113":{"start":{"line":197,"column":6},"end":{"line":197,"column":70}},"114":{"start":{"line":200,"column":23},"end":{"line":200,"column":92}},"115":{"start":{"line":203,"column":6},"end":{"line":203,"column":67}},"116":{"start":{"line":206,"column":31},"end":{"line":206,"column":54}},"117":{"start":{"line":209,"column":31},"end":{"line":209,"column":71}},"118":{"start":{"line":212,"column":6},"end":{"line":212,"column":37}},"119":{"start":{"line":216,"column":6},"end":{"line":216,"column":37}},"120":{"start":{"line":219,"column":6},"end":{"line":219,"column":80}},"121":{"start":{"line":223,"column":21},"end":{"line":232,"column":1}},"122":{"start":{"line":225,"column":2},"end":{"line":231,"column":4}},"123":{"start":{"line":234,"column":19},"end":{"line":259,"column":3}},"124":{"start":{"line":235,"column":4},"end":{"line":235,"column":97}},"125":{"start":{"line":236,"column":26},"end":{"line":236,"column":101}},"126":{"start":{"line":237,"column":4},"end":{"line":258,"column":5}},"127":{"start":{"line":238,"column":23},"end":{"line":238,"column":92}},"128":{"start":{"line":239,"column":6},"end":{"line":239,"column":56}},"129":{"start":{"line":240,"column":6},"end":{"line":254,"column":7}},"130":{"start":{"line":241,"column":8},"end":{"line":241,"column":68}},"131":{"start":{"line":242,"column":8},"end":{"line":242,"column":40}},"132":{"start":{"line":243,"column":8},"end":{"line":245,"column":9}},"133":{"start":{"line":244,"column":10},"end":{"line":244,"column":50}},"134":{"start":{"line":246,"column":8},"end":{"line":246,"column":58}},"135":{"start":{"line":247,"column":8},"end":{"line":247,"column":21}},"136":{"start":{"line":248,"column":8},"end":{"line":248,"column":27}},"137":{"start":{"line":249,"column":8},"end":{"line":249,"column":25}},"138":{"start":{"line":250,"column":8},"end":{"line":250,"column":27}},"139":{"start":{"line":251,"column":8},"end":{"line":251,"column":32}},"140":{"start":{"line":252,"column":8},"end":{"line":252,"column":33}},"141":{"start":{"line":253,"column":8},"end":{"line":253,"column":22}},"142":{"start":{"line":256,"column":6},"end":{"line":256,"column":49}},"143":{"start":{"line":257,"column":6},"end":{"line":257,"column":50}},"144":{"start":{"line":261,"column":22},"end":{"line":289,"column":3}},"145":{"start":{"line":262,"column":4},"end":{"line":262,"column":46}},"146":{"start":{"line":264,"column":4},"end":{"line":288,"column":5}},"147":{"start":{"line":265,"column":25},"end":{"line":269,"column":12}},"148":{"start":{"line":270,"column":10},"end":{"line":270,"column":37}},"149":{"start":{"line":279,"column":6},"end":{"line":279,"column":28}},"150":{"start":{"line":280,"column":6},"end":{"line":280,"column":25}},"151":{"start":{"line":281,"column":6},"end":{"line":281,"column":28}},"152":{"start":{"line":282,"column":6},"end":{"line":282,"column":27}},"153":{"start":{"line":283,"column":6},"end":{"line":283,"column":29}},"154":{"start":{"line":284,"column":6},"end":{"line":284,"column":24}},"155":{"start":{"line":285,"column":6},"end":{"line":285,"column":26}},"156":{"start":{"line":287,"column":6},"end":{"line":287,"column":59}},"157":{"start":{"line":291,"column":27},"end":{"line":316,"column":3}},"158":{"start":{"line":292,"column":4},"end":{"line":292,"column":24}},"159":{"start":{"line":293,"column":4},"end":{"line":315,"column":5}},"160":{"start":{"line":294,"column":6},"end":{"line":309,"column":7}},"161":{"start":{"line":295,"column":25},"end":{"line":295,"column":124}},"162":{"start":{"line":297,"column":20},"end":{"line":297,"column":54}},"163":{"start":{"line":297,"column":46},"end":{"line":297,"column":53}},"164":{"start":{"line":298,"column":23},"end":{"line":298,"column":60}},"165":{"start":{"line":298,"column":49},"end":{"line":298,"column":59}},"166":{"start":{"line":299,"column":22},"end":{"line":299,"column":58}},"167":{"start":{"line":299,"column":48},"end":{"line":299,"column":57}},"168":{"start":{"line":300,"column":23},"end":{"line":300,"column":91}},"169":{"start":{"line":300,"column":49},"end":{"line":300,"column":90}},"170":{"start":{"line":302,"column":8},"end":{"line":302,"column":30}},"171":{"start":{"line":303,"column":8},"end":{"line":303,"column":36}},"172":{"start":{"line":304,"column":8},"end":{"line":304,"column":34}},"173":{"start":{"line":305,"column":8},"end":{"line":305,"column":36}},"174":{"start":{"line":308,"column":8},"end":{"line":308,"column":66}},"175":{"start":{"line":311,"column":6},"end":{"line":311,"column":27}},"176":{"start":{"line":312,"column":6},"end":{"line":312,"column":30}},"177":{"start":{"line":313,"column":6},"end":{"line":313,"column":29}},"178":{"start":{"line":314,"column":6},"end":{"line":314,"column":30}},"179":{"start":{"line":318,"column":28},"end":{"line":347,"column":3}},"180":{"start":{"line":321,"column":18},"end":{"line":321,"column":49}},"181":{"start":{"line":326,"column":4},"end":{"line":342,"column":5}},"182":{"start":{"line":328,"column":6},"end":{"line":328,"column":73}},"183":{"start":{"line":330,"column":6},"end":{"line":341,"column":7}},"184":{"start":{"line":332,"column":27},"end":{"line":332,"column":47}},"185":{"start":{"line":333,"column":29},"end":{"line":333,"column":51}},"186":{"start":{"line":334,"column":30},"end":{"line":334,"column":53}},"187":{"start":{"line":337,"column":8},"end":{"line":337,"column":53}},"188":{"start":{"line":338,"column":8},"end":{"line":338,"column":54}},"189":{"start":{"line":339,"column":8},"end":{"line":339,"column":59}},"190":{"start":{"line":340,"column":8},"end":{"line":340,"column":62}},"191":{"start":{"line":344,"column":4},"end":{"line":344,"column":22}},"192":{"start":{"line":345,"column":4},"end":{"line":345,"column":28}},"193":{"start":{"line":350,"column":29},"end":{"line":373,"column":3}},"194":{"start":{"line":351,"column":26},"end":{"line":351,"column":45}},"195":{"start":{"line":352,"column":25},"end":{"line":352,"column":43}},"196":{"start":{"line":353,"column":26},"end":{"line":353,"column":45}},"197":{"start":{"line":354,"column":23},"end":{"line":354,"column":39}},"198":{"start":{"line":357,"column":4},"end":{"line":357,"column":35}},"199":{"start":{"line":358,"column":4},"end":{"line":358,"column":34}},"200":{"start":{"line":359,"column":4},"end":{"line":359,"column":35}},"201":{"start":{"line":360,"column":4},"end":{"line":360,"column":32}},"202":{"start":{"line":363,"column":4},"end":{"line":363,"column":39}},"203":{"start":{"line":364,"column":4},"end":{"line":364,"column":37}},"204":{"start":{"line":365,"column":4},"end":{"line":365,"column":39}},"205":{"start":{"line":366,"column":4},"end":{"line":366,"column":33}},"206":{"start":{"line":369,"column":4},"end":{"line":369,"column":37}},"207":{"start":{"line":370,"column":4},"end":{"line":370,"column":35}},"208":{"start":{"line":371,"column":4},"end":{"line":371,"column":37}},"209":{"start":{"line":372,"column":4},"end":{"line":372,"column":31}},"210":{"start":{"line":375,"column":28},"end":{"line":377,"column":3}},"211":{"start":{"line":376,"column":4},"end":{"line":376,"column":29}},"212":{"start":{"line":379,"column":30},"end
[...]
"line":46,"column":28},"end":{"line":46,"column":55}},"17":{"start":{"line":48,"column":28},"end":{"line":62,"column":30}},"18":{"start":{"line":49,"column":32},"end":{"line":61,"column":38}},"19":{"start":{"line":50,"column":36},"end":{"line":59,"column":37}},"20":{"start":{"line":51,"column":61},"end":{"line":51,"column":141}},"21":{"start":{"line":51,"column":106},"end":{"line":51,"column":130}},"22":{"start":{"line":52,"column":40},"end":{"line":55,"column":41}},"23":{"start":{"line":54,"column":44},"end":{"line":54,"column":95}},"24":{"start":{"line":58,"column":40},"end":{"line":58,"column":55}},"25":{"start":{"line":60,"column":36},"end":{"line":60,"column":47}},"26":{"start":{"line":64,"column":28},"end":{"line":64,"column":73}},"27":{"start":{"line":73,"column":27},"end":{"line":112,"column":5}},"28":{"start":{"line":75,"column":28},"end":{"line":75,"column":92}},"29":{"start":{"line":75,"column":73},"end":{"line":75,"column":91}},"30":{"start":{"line":76,"column":26},"end":{"line":76,"column":84}},"31":{"start":{"line":76,"column":67},"end":{"line":76,"column":83}},"32":{"start":{"line":78,"column":8},"end":{"line":111,"column":10}},"33":{"start":{"line":91,"column":28},"end":{"line":98,"column":35}},"34":{"start":{"line":94,"column":69},"end":{"line":94,"column":118}},"35":{"start":{"line":114,"column":4},"end":{"line":120,"column":5}},"36":{"start":{"line":115,"column":8},"end":{"line":119,"column":10}},"37":{"start":{"line":122,"column":4},"end":{"line":131,"column":6}},"38":{"start":{"line":126,"column":40},"end":{"line":126,"column":63}},"39":{"start":{"line":134,"column":15},"end":{"line":179,"column":2}}},"fnMap":{"0":{"name":"(anonymous_0)","decl":{"start":{"line":8,"column":27},"end":{"line":8,"column":28}},"loc":{"start":{"line":8,"column":33},"end":{"line":132,"column":1}},"line":8},"1":{"name":"(anonymous_1)","decl":{"start":{"line":13,"column":33},"end":{"line":13,"column":34}},"loc":{"start":{"line":13,"column":45},"end":{"line":23,"column":9}},"line":13},"2":{"name":"(anonymous_2)","decl":{"start":{"line":25,"column":18},"end":{"line":25,"column":19}},"loc":{"start":{"line":25,"column":24},"end":{"line":27,"column":9}},"line":25},"3":{"name":"(anonymous_3)","decl":{"start":{"line":35,"column":25},"end":{"line":35,"column":26}},"loc":{"start":{"line":35,"column":61},"end":{"line":70,"column":5}},"line":35},"4":{"name":"(anonymous_4)","decl":{"start":{"line":43,"column":29},"end":{"line":43,"column":30}},"loc":{"start":{"line":43,"column":41},"end":{"line":66,"column":21}},"line":43},"5":{"name":"(anonymous_5)","decl":{"start":{"line":48,"column":43},"end":{"line":48,"column":44}},"loc":{"start":{"line":49,"column":32},"end":{"line":61,"column":38}},"line":49},"6":{"name":"(anonymous_6)","decl":{"start":{"line":49,"column":49},"end":{"line":49,"column":50}},"loc":{"start":{"line":49,"column":64},"end":{"line":61,"column":33}},"line":49},"7":{"name":"(anonymous_7)","decl":{"start":{"line":51,"column":98},"end":{"line":51,"column":99}},"loc":{"start":{"line":51,"column":106},"end":{"line":51,"column":130}},"line":51},"8":{"name":"(anonymous_8)","decl":{"start":{"line":73,"column":27},"end":{"line":73,"column":28}},"loc":{"start":{"line":73,"column":41},"end":{"line":112,"column":5}},"line":73},"9":{"name":"(anonymous_9)","decl":{"start":{"line":75,"column":65},"end":{"line":75,"column":66}},"loc":{"start":{"line":75,"column":73},"end":{"line":75,"column":91}},"line":75},"10":{"name":"(anonymous_10)","decl":{"start":{"line":76,"column":61},"end":{"line":76,"column":62}},"loc":{"start":{"line":76,"column":67},"end":{"line":76,"column":83}},"line":76},"11":{"name":"(anonymous_11)","decl":{"start":{"line":90,"column":41},"end":{"line":90,"column":42}},"loc":{"start":{"line":91,"column":28},"end":{"line":98,"column":35}},"line":91},"12":{"name":"(anonymous_12)","decl":{"start":{"line":94,"column":63},"end":{"line":94,"column":64}},"loc":{"start":{"line":94,"column":69},"end":{"line":94,"column":118}},"line":94},"13":{"name":"(anonymous_13)","decl":{"start":{"line":126,"column":30},"end":{"line":126,"column":31}},"loc":{"start":{"line":126,"column":40},"end":{"line":126,"column":63}},"line":126}},"branchMap":{"0":{"loc":{"start":{"line":50,"column":36},"end":{"line":59,"column":37}},"type":"if","locations":[{"start":{"line":50,"column":36},"end":{"line":59,"column":37}},{"start":{"line":56,"column":43},"end":{"line":59,"column":37}}],"line":50},"1":{"loc":{"start":{"line":52,"column":40},"end":{"line":55,"column":41}},"type":"if","locations":[{"start":{"line":52,"column":40},"end":{"line":55,"column":41}},{"start":{},"end":{}}],"line":52},"2":{"loc":{"start":{"line":87,"column":17},"end":{"line":101,"column":17}},"type":"binary-expr","locations":[{"start":{"line":87,"column":17},"end":{"line":87,"column":39}},{"start":{"line":88,"column":20},"end":{"line":100,"column":23}}],"line":87},"3":{"loc":{"start":{"line":104,"column":17},"end":{"line":109,"column":17}},"type":"binary-expr","locations":[{"start":{"line":104,"column":17},"end":{"line":104,"column":32}},{"start":{"line":105,"column":20},"end":{"line":108,"column":23}}],"line":104},"4":{"loc":{"start":{"line":114,"column":4},"end":{"line":120,"column":5}},"type":"if","locations":[{"start":{"line":114,"column":4},"end":{"line":120,"column":5}},{"start":{},"end":{}}],"line":114}},"s":{"0":0,"1":0,"2":0,"3":0,"4":0,"5":0,"6":0,"7":0,"8":0,"9":0,"10":0,"11":0,"12":0,"13":0,"14":0,"15":0,"16":0,"17":0,"18":0,"19":0,"20":0,"21":0,"22":0,"23":0,"24":0,"25":0,"26":0,"27":0,"28":0,"29":0,"30":0,"31":0,"32":0,"33":0,"34":0,"35":0,"36":0,"37":0,"38":0,"39":0},"f":{"0":0,"1":0,"2":0,"3":0,"4":0,"5":0,"6":0,"7":0,"8":0,"9":0,"10":0,"11":0,"12":0,"13":0},"b":{"0":[0,0],"1":[0,0],"2":[0,0],"3":[0,0],"4":[0,0]}}
,"C:\\Users\\rahul\\Documents\\tma\\frontend\\screens\\SplashScreen.js": {"path":"C:\\Users\\rahul\\Documents\\tma\\frontend\\screens\\SplashScreen.js","statementMap":{"0":{"start":{"line":5,"column":21},"end":{"line":30,"column":1}},"1":{"start":{"line":6,"column":19},"end":{"line":6,"column":40}},"2":{"start":{"line":8,"column":2},"end":{"line":15,"column":9}},"3":{"start":{"line":10,"column":4},"end":{"line":14,"column":15}},"4":{"start":{"line":17,"column":2},"end":{"line":29,"column":4}},"5":{"start":{"line":32,"column":15},"end":{"line":59,"column":2}}},"fnMap":{"0":{"name":"(anonymous_0)","decl":{"start":{"line":5,"column":21},"end":{"line":5,"column":22}},"loc":{"start":{"line":5,"column":27},"end":{"line":30,"column":1}},"line":5},"1":{"name":"(anonymous_1)","decl":{"start":{"line":8,"column":12},"end":{"line":8,"column":13}},"loc":{"start":{"line":8,"column":18},"end":{"line":15,"column":3}},"line":8}},"branchMap":{},"s":{"0":0,"1":0,"2":0,"3":0,"4":0,"5":0},"f":{"0":0,"1":0},"b":{}}
,"C:\\Users\\rahul\\Documents\\tma\\frontend\\screens\\ThemeContext.js": {"path":"C:\\Users\\rahul\\Documents\\tma\\frontend\\screens\\ThemeContext.js","statementMap":{"0":{"start":{"line":4,"column":21},"end":{"line":4,"column":36}},"1":{"start":{"line":6,"column":29},"end":{"line":18,"column":1}},"2":{"start":{"line":7,"column":28},"end":{"line":7,"column":76}},"3":{"start":{"line":9,"column":22},"end":{"line":11,"column":3}},"4":{"start":{"line":10,"column":4},"end":{"line":10,"column":72}},"5":{"start":{"line":10,"column":29},"end":{"line":10,"column":69}},"6":{"start":{"line":13,"column":2},"end":{"line":17,"column":4}},"7":{"start":{"line":20,"column":24},"end":{"line":20,"column":54}},"8":{"start":{"line":20,"column":30},"end":{"line":20,"column":54}}},"fnMap":{"0":{"name":"(anonymous_0)","decl":{"start":{"line":6,"column":29},"end":{"line":6,"column":30}},"loc":{"start":{"line":6,"column":47},"end":{"line":18,"column":1}},"line":6},"1":{"name":"(anonymous_1)","decl":{"start":{"line":9,"column":22},"end":{"line":9,"column":23}},"loc":{"start":{"line":9,"column":28},"end":{"line":11,"column":3}},"line":9},"2":{"name":"(anonymous_2)","decl":{"start":{"line":10,"column":13},"end":{"line":10,"column":14}},"loc":{"start":{"line":10,"column":29},"end":{"line":10,"column":69}},"line":10},"3":{"name":"(anonymous_3)","decl":{"start":{"line":20,"column":24},"end":{"line":20,"column":25}},"loc":{"start":{"line":20,"column":30},"end":{"line":20,"column":54}},"line":20}},"branchMap":{"0":{"loc":{"start":{"line":7,"column":37},"end":{"line":7,"column":75}},"type":"binary-expr","locations":[{"start":{"line":7,"column":37},"end":{"line":7,"column":64}},{"start":{"line":7,"column":68},"end":{"line":7,"column":75}}],"line":7},"1":{"loc":{"start":{"line":10,"column":29},"end":{"line":10,"column":69}},"type":"cond-expr","locations":[{"start":{"line":10,"column":53},"end":{"line":10,"column":59}},{"start":{"line":10,"column":62},"end":{"line":10,"column":69}}],"line":10}},"s":{"0":0,"1":0,"2":0,"3":0,"4":0,"5":0,"6":0,"7":0,"8":0},"f":{"0":0,"1":0,"2":0,"3":0},"b":{"0":[0,0],"1":[0,0]}}
,"C:\\Users\\rahul\\Documents\\tma\\frontend\\screens\\UserProfileScreen.js": {"path":"C:\\Users\\rahul\\Documents\\tma\\frontend\\screens\\UserProfileScreen.js","statementMap":{"0":{"start":{"line":11,"column":26},"end":{"line":205,"column":1}},"1":{"start":{"line":12,"column":21},"end":{"line":12,"column":36}},"2":{"start":{"line":13,"column":38},"end":{"line":13,"column":53}},"3":{"start":{"line":14,"column":42},"end":{"line":14,"column":54}},"4":{"start":{"line":15,"column":34},"end":{"line":15,"column":54}},"5":{"start":{"line":16,"column":28},"end":{"line":16,"column":60}},"6":{"start":{"line":17,"column":30},"end":{"line":17,"column":42}},"7":{"start":{"line":18,"column":36},"end":{"line":18,"column":48}},"8":{"start":{"line":20,"column":2},"end":{"line":36,"column":15}},"9":{"start":{"line":21,"column":24},"end":{"line":33,"column":5}},"10":{"start":{"line":22,"column":6},"end":{"line":32,"column":7}},"11":{"start":{"line":23,"column":20},"end":{"line":23,"column":53}},"12":{"start":{"line":24,"column":8},"end":{"line":29,"column":9}},"13":{"start":{"line":25,"column":10},"end":{"line":25,"column":25}},"14":{"start":{"line":27,"column":10},"end":{"line":27,"column":39}},"15":{"start":{"line":28,"column":10},"end":{"line":28,"column":42}},"16":{"start":{"line":31,"column":8},"end":{"line":31,"column":56}},"17":{"start":{"line":35,"column":4},"end":{"line":35,"column":18}},"18":{"start":{"line":46,"column":3},"end":{"line":53,"column":4}},"19":{"start":{"line":48,"column":6},"end":{"line":51,"column":7}},"20":{"start":{"line":49,"column":8},"end":{"line":49,"column":33}},"21":{"start":{"line":50,"column":8},"end":{"line":50,"column":25}},"22":{"start":{"line":55,"column":27},"end":{"line":68,"column":3}},"23":{"start":{"line":56,"column":4},"end":{"line":67,"column":5}},"24":{"start":{"line":57,"column":23},"end":{"line":57,"column":92}},"25":{"start":{"line":58,"column":6},"end":{"line":63,"column":7}},"26":{"start":{"line":59,"column":8},"end":{"line":59,"column":43}},"27":{"start":{"line":60,"column":8},"end":{"line":60,"column":41}},"28":{"start":{"line":62,"column":8},"end":{"line":62,"column":45}},"29":{"start":{"line":66,"column":6},"end":{"line":66,"column":59}},"30":{"start":{"line":69,"column":19},"end":{"line":90,"column":3}},"31":{"start":{"line":70,"column":4},"end":{"line":89,"column":5}},"32":{"start":{"line":71,"column":23},"end":{"line":71,"column":93}},"33":{"start":{"line":72,"column":6},"end":{"line":85,"column":7}},"34":{"start":{"line":73,"column":26},"end":{"line":73,"column":48}},"35":{"start":{"line":74,"column":25},"end":{"line":74,"column":65}},"36":{"start":{"line":76,"column":25},"end":{"line":76,"column":64}},"37":{"start":{"line":77,"column":8},"end":{"line":80,"column":9}},"38":{"start":{"line":78,"column":10},"end":{"line":78,"column":37}},"39":{"start":{"line":79,"column":10},"end":{"line":79,"column":32}},"40":{"start":{"line":81,"column":8},"end":{"line":81,"column":51}},"41":{"start":{"line":82,"column":8},"end":{"line":82,"column":49}},"42":{"start":{"line":84,"column":8},"end":{"line":84,"column":51}},"43":{"start":{"line":88,"column":6},"end":{"line":88,"column":60}},"44":{"start":{"line":93,"column":28},"end":{"line":139,"column":3}},"45":{"start":{"line":94,"column":29},"end":{"line":94,"column":84}},"46":{"start":{"line":95,"column":4},"end":{"line":98,"column":5}},"47":{"start":{"line":96,"column":6},"end":{"line":96,"column":67}},"48":{"start":{"line":97,"column":6},"end":{"line":97,"column":13}},"49":{"start":{"line":99,"column":19},"end":{"line":104,"column":6}},"50":{"start":{"line":105,"column":4},"end":{"line":105,"column":65}},"51":{"start":{"line":106,"column":4},"end":{"line":109,"column":5}},"52":{"start":{"line":107,"column":6},"end":{"line":107,"column":49}},"53":{"start":{"line":108,"column":6},"end":{"line":108,"column":13}},"54":{"start":{"line":112,"column":18},"end":{"line":112,"column":34}},"55":{"start":{"line":113,"column":16},"end":{"line":113,"column":25}},"56":{"start":{"line":115,"column":4},"end":{"line":118,"column":5}},"57":{"start":{"line":116,"column":6},"end":{"line":116,"column":53}},"58":{"start":{"line":117,"column":6},"end":{"line":117,"column":13}},"59":{"start":{"line":121,"column":22},"end":{"line":121,"column":81}},"60":{"start":{"line":124,"column":20},"end":{"line":124,"column":60}},"61":{"start":{"line":126,"column":4},"end":{"line":138,"column":5}},"62":{"start":{"line":128,"column":6},"end":{"line":131,"column":9}},"63":{"start":{"line":134,"column":6},"end":{"line":134,"column":29}},"64":{"start":{"line":136,"column":6},"end":{"line":136,"column":59}},"65":{"start":{"line":137,"column":6},"end":{"line":137,"column":60}},"66":{"start":{"line":141,"column":22},"end":{"line":153,"column":3}},"67":{"start":{"line":142,"column":4},"end":{"line":144,"column":5}},"68":{"start":{"line":143,"column":6},"end":{"line":143,"column":35}},"69":{"start":{"line":145,"column":4},"end":{"line":152,"column":5}},"70":{"start":{"line":146,"column":6},"end":{"line":146,"column":34}},"71":{"start":{"line":147,"column":23},"end":{"line":147,"column":108}},"72":{"start":{"line":148,"column":6},"end":{"line":148,"column":65}},"73":{"start":{"line":150,"column":6},"end":{"line":150,"column":58}},"74":{"start":{"line":151,"column":6},"end":{"line":151,"column":58}},"75":{"start":{"line":155,"column":20},"end":{"line":166,"column":8}},"76":{"start":{"line":156,"column":4},"end":{"line":156,"column":24}},"77":{"start":{"line":157,"column":4},"end":{"line":165,"column":5}},"78":{"start":{"line":158,"column":6},"end":{"line":158,"column":46}},"79":{"start":{"line":159,"column":6},"end":{"line":159,"column":37}},"80":{"start":{"line":160,"column":6},"end":{"line":160,"column":29}},"81":{"start":{"line":162,"column":6},"end":{"line":162,"column":53}},"82":{"start":{"line":164,"column":6},"end":{"line":164,"column":27}},"83":{"start":{"line":167,"column":2},"end":{"line":204,"column":4}},"84":{"start":{"line":199,"column":61},"end":{"line":199,"column":99}},"85":{"start":{"line":207,"column":15},"end":{"line":267,"column":2}}},"fnMap":{"0":{"name":"(anonymous_0)","decl":{"start":{"line":11,"column":26},"end":{"line":11,"column":27}},"loc":{"start":{"line":11,"column":32},"end":{"line":205,"column":1}},"line":11},"1":{"name":"(anonymous_1)","decl":{"start":{"line":20,"column":12},"end":{"line":20,"column":13}},"loc":{"start":{"line":20,"column":18},"end":{"line":36,"column":3}},"line":20},"2":{"name":"(anonymous_2)","decl":{"start":{"line":21,"column":24},"end":{"line":21,"column":25}},"loc":{"start":{"line":21,"column":36},"end":{"line":33,"column":5}},"line":21},"3":{"name":"(anonymous_3)","decl":{"start":{"line":47,"column":16},"end":{"line":47,"column":17}},"loc":{"start":{"line":47,"column":22},"end":{"line":52,"column":5}},"line":47},"4":{"name":"(anonymous_4)","decl":{"start":{"line":55,"column":27},"end":{"line":55,"column":28}},"loc":{"start":{"line":55,"column":45},"end":{"line":68,"column":3}},"line":55},"5":{"name":"(anonymous_5)","decl":{"start":{"line":69,"column":19},"end":{"line":69,"column":20}},"loc":{"start":{"line":69,"column":36},"end":{"line":90,"column":3}},"line":69},"6":{"name":"(anonymous_6)","decl":{"start":{"line":93,"column":28},"end":{"line":93,"column":29}},"loc":{"start":{"line":93,"column":40},"end":{"line":139,"column":3}},"line":93},"7":{"name":"(anonymous_7)","decl":{"start":{"line":141,"column":22},"end":{"line":141,"column":23}},"loc":{"start":{"line":141,"column":43},"end":{"line":153,"column":3}},"line":141},"8":{"name":"(anonymous_8)","decl":{"start":{"line":155,"column":32},"end":{"line":155,"column":33}},"loc":{"start":{"line":155,"column":44},"end":{"line":166,"column":3}},"line":155},"9":{"name":"(anonymous_9)","decl":{"start":{"line":199,"column":55},"end":{"line":199,"column":56}},"loc":{"start":{"line":199,"column":61},"end":{"line":199,"column":99}},"line":199}},"branchMap":{"0":{"loc":{"start":{"line":24,"column":8},"end":{"line":29,"column":9}},"type":"if","locations":[{"start":{"line":24,"column":8},"end":{"line":29,"column":9}},{"start":{"line":26,"column":15},"end":{"line":29,"column":9}}],"line":24},"1":{"loc":{"start":{"line":48,"column":6},"end":{"line":51,"column":7}},"type":"if","locations":[{"start":{"line":48,"column":6},"end":{"line":51,"column":7}},{"start":{},"end":{}}],"line":48},"2":{"loc":{"start":{"line":58,"column":6},"end":{"line":63,"column":7}},"type":"if","locations":[{"start":{"line":58,"column":6},"end":{"line":63,"column":7}},{"start":{"line":61,"column":13},"end":{"line":63,"column":7}}],"line":58},"3":{"loc":{"start":{"line":72,"column":6},"end":{"line":85,"column":7}},"type":"if","locations":[{"start":{"line":72,"column":6},"end":{"line":85,"column":7}},{"start":{"line":83,"column":13},"end":{"line":85,"column":7}}],"line":72},"4":{"loc":{"start":{"line":77,"column":8},"end":{"line":80,"column":9}},"type":"if","locations":[{"start":{"line":77,"column":8},"end":{"line":80,"column":9}},{"start":{},"end":{}}],"line":77},"5":{"loc":{"start":{"line":95,"column":4},"end":{"line":98,"column":5}},"type":"if","locations":[{"start":{"line":95,"column":4},"end":{"line":98,"column":5}},{"start":{},"end":{}}],"line":95},"6":{"loc":{"start":{"line":106,"column":4},"end":{"line":109,"column":5}},"type":"if","locations":[{"start":{"line":106,"column":4},"end":{"line":109,"column":5}},{"start":{},"end":{}}],"line":106},"7":{"loc":{"start":{"line":115,"column":4},"end":{"line":118,"column":5}},"type":"if","locations":[{"start":{"line":115,"column":4},"end":{"line":118,"column":5}},{"start":{},"end":{}}],"line":115},"8":{"loc":{"start":{"line":121,"column":22},"end":{"line":121,"column":81}},"type":"binary-expr","locations":[{"start":{"line":121,"column":22},"end":{"line":121,"column":42}},{"start":{"line":121,"column":46},"end":{"line":121,"column":81}}],"line":121},"9":{"loc":{"start":{"line":142,"column":4},"end":{"line":144,"column":5}},"type":"if","locations":[{"start":{"line":142,"column":4},"end":{"line":144,"column":5}},{"start":{},"end":{}}],"line":142},"10":{"loc":{"start":{"line":179,"column":7},"end":{"line":188,"column":7}},"type":"cond-expr","locations":[{"start":{"line":180,"column":8},"end":{"line":183,"column":10}},{"start":{"line":185,"column":8},"end":{"line":187,"column":15}}],"line":179}},"s":{"0":0,"1":0,"2":0,"3":0,"4":0,"5":0,"6":0,"7":0,"8":0,"9":0,"10":0,"11":0,"12":0,"13":0,"14":0,"15":0,"16":0,"17":0,"18":0,"19":0,"20":0,"21":0,"22":0,"23":0,"24":0,"25":0,"26":0,"27":0,"28":0,"29":0,"30":0,"31":0,"32":0,"33":0,"34":0,"35":0,"36":0,"37":0,"38":0,"39":0,"40":0,"41":0,"42":0,"43":0,"44":0,"45":0,"46":0,"47":0,"48":0,"49":0,"50":0,"51":0,"52":0,"53":0,"54":0,"55":0,"56":0,"57":0,"58":0,"59":0,"60":0,"61":0,"62":0,"63":0,"64":0,"65":0,"66":0,"67":0,"68":0,"69":0,"70":0,"71":0,"72":0,"73":0,"74":0,"75":0,"76":0,"77":0,"78":0,"79":0,"80":0,"81":0,"82":0,"83":0,"84":0,"85":0},"f":{"0":0,"1":0,"2":0,"3":0,"4":0,"5":0,"6":0,"7":0,"8":0,"9":0},"b":{"0":[0,0],"1":[0,0],"2":[0,0],"3":[0,0],"4":[0,0],"5":[0,0],"6":[0,0],"7":[0,0],"8":[0,0],"9":[0,0],"10":[0,0]}}
}
