{"C:\\Users\\Abhinav\\Documents\\Git\\tma_bkup\\frontend\\screens\\CalendarScreen.js": {"path":"C:\\Users\\Abhinav\\Documents\\Git\\tma_bkup\\frontend\\screens\\CalendarScreen.js","statementMap":{"0":{"start":{"line":13,"column":23},"end":{"line":408,"column":1}},"1":{"start":{"line":14,"column":20},"end":{"line":14,"column":30}},"2":{"start":{"line":15,"column":42},"end":{"line":15,"column":54}},"3":{"start":{"line":16,"column":28},"end":{"line":16,"column":40}},"4":{"start":{"line":17,"column":40},"end":{"line":17,"column":52}},"5":{"start":{"line":18,"column":40},"end":{"line":18,"column":52}},"6":{"start":{"line":19,"column":32},"end":{"line":19,"column":46}},"7":{"start":{"line":20,"column":38},"end":{"line":20,"column":53}},"8":{"start":{"line":21,"column":38},"end":{"line":21,"column":53}},"9":{"start":{"line":22,"column":50},"end":{"line":22,"column":65}},"10":{"start":{"line":23,"column":38},"end":{"line":23,"column":52}},"11":{"start":{"line":24,"column":28},"end":{"line":24,"column":40}},"12":{"start":{"line":25,"column":40},"end":{"line":25,"column":52}},"13":{"start":{"line":26,"column":34},"end":{"line":26,"column":46}},"14":{"start":{"line":27,"column":36},"end":{"line":27,"column":48}},"15":{"start":{"line":28,"column":26},"end":{"line":28,"column":38}},"16":{"start":{"line":29,"column":32},"end":{"line":29,"column":52}},"17":{"start":{"line":30,"column":46},"end":{"line":30,"column":61}},"18":{"start":{"line":31,"column":30},"end":{"line":31,"column":42}},"19":{"start":{"line":33,"column":21},"end":{"line":94,"column":26}},"20":{"start":{"line":34,"column":4},"end":{"line":34,"column":21}},"21":{"start":{"line":35,"column":4},"end":{"line":93,"column":5}},"22":{"start":{"line":36,"column":6},"end":{"line":87,"column":7}},"23":{"start":{"line":37,"column":25},"end":{"line":37,"column":88}},"24":{"start":{"line":38,"column":28},"end":{"line":38,"column":41}},"25":{"start":{"line":41,"column":36},"end":{"line":41,"column":105}},"26":{"start":{"line":42,"column":34},"end":{"line":42,"column":58}},"27":{"start":{"line":45,"column":25},"end":{"line":45,"column":63}},"28":{"start":{"line":48,"column":31},"end":{"line":52,"column":10}},"29":{"start":{"line":49,"column":26},"end":{"line":49,"column":49}},"30":{"start":{"line":50,"column":32},"end":{"line":50,"column":67}},"31":{"start":{"line":51,"column":10},"end":{"line":51,"column":54}},"32":{"start":{"line":55,"column":37},"end":{"line":59,"column":10}},"33":{"start":{"line":56,"column":26},"end":{"line":56,"column":49}},"34":{"start":{"line":57,"column":32},"end":{"line":57,"column":67}},"35":{"start":{"line":58,"column":10},"end":{"line":58,"column":70}},"36":{"start":{"line":62,"column":8},"end":{"line":62,"column":33}},"37":{"start":{"line":63,"column":8},"end":{"line":63,"column":45}},"38":{"start":{"line":66,"column":32},"end":{"line":66,"column":34}},"39":{"start":{"line":67,"column":8},"end":{"line":84,"column":11}},"40":{"start":{"line":68,"column":10},"end":{"line":83,"column":11}},"41":{"start":{"line":70,"column":12},"end":{"line":76,"column":13}},"42":{"start":{"line":71,"column":14},"end":{"line":75,"column":16}},"43":{"start":{"line":79,"column":29},"end":{"line":79,"column":65}},"44":{"start":{"line":80,"column":12},"end":{"line":82,"column":13}},"45":{"start":{"line":80,"column":65},"end":{"line":80,"column":87}},"46":{"start":{"line":81,"column":14},"end":{"line":81,"column":76}},"47":{"start":{"line":85,"column":8},"end":{"line":85,"column":40}},"48":{"start":{"line":89,"column":6},"end":{"line":89,"column":52}},"49":{"start":{"line":91,"column":6},"end":{"line":91,"column":24}},"50":{"start":{"line":92,"column":6},"end":{"line":92,"column":27}},"51":{"start":{"line":96,"column":2},"end":{"line":111,"column":9}},"52":{"start":{"line":97,"column":29},"end":{"line":108,"column":5}},"53":{"start":{"line":98,"column":6},"end":{"line":107,"column":7}},"54":{"start":{"line":99,"column":22},"end":{"line":99,"column":62}},"55":{"start":{"line":100,"column":20},"end":{"line":100,"column":53}},"56":{"start":{"line":101,"column":8},"end":{"line":101,"column":23}},"57":{"start":{"line":102,"column":8},"end":{"line":102,"column":40}},"58":{"start":{"line":104,"column":8},"end":{"line":104,"column":61}},"59":{"start":{"line":106,"column":8},"end":{"line":106,"column":26}},"60":{"start":{"line":110,"column":4},"end":{"line":110,"column":23}},"61":{"start":{"line":113,"column":2},"end":{"line":119,"column":4}},"62":{"start":{"line":115,"column":6},"end":{"line":117,"column":7}},"63":{"start":{"line":116,"column":8},"end":{"line":116,"column":21}},"64":{"start":{"line":128,"column":21},"end":{"line":132,"column":3}},"65":{"start":{"line":129,"column":25},"end":{"line":129,"column":81}},"66":{"start":{"line":129,"column":48},"end":{"line":129,"column":80}},"67":{"start":{"line":130,"column":31},"end":{"line":130,"column":93}},"68":{"start":{"line":130,"column":60},"end":{"line":130,"column":92}},"69":{"start":{"line":131,"column":4},"end":{"line":131,"column":62}},"70":{"start":{"line":136,"column":21},"end":{"line":155,"column":3}},"71":{"start":{"line":137,"column":4},"end":{"line":154,"column":5}},"72":{"start":{"line":138,"column":6},"end":{"line":153,"column":7}},"73":{"start":{"line":139,"column":8},"end":{"line":146,"column":11}},"74":{"start":{"line":147,"column":8},"end":{"line":147,"column":61}},"75":{"start":{"line":148,"column":8},"end":{"line":148,"column":35}},"76":{"start":{"line":149,"column":8},"end":{"line":149,"column":21}},"77":{"start":{"line":151,"column":8},"end":{"line":151,"column":53}},"78":{"start":{"line":152,"column":8},"end":{"line":152,"column":54}},"79":{"start":{"line":157,"column":23},"end":{"line":183,"column":3}},"80":{"start":{"line":158,"column":4},"end":{"line":182,"column":6}},"81":{"start":{"line":169,"column":12},"end":{"line":177,"column":13}},"82":{"start":{"line":170,"column":14},"end":{"line":170,"column":83}},"83":{"start":{"line":171,"column":14},"end":{"line":171,"column":67}},"84":{"start":{"line":172,"column":14},"end":{"line":172,"column":79}},"85":{"start":{"line":172,"column":38},"end":{"line":172,"column":77}},"86":{"start":{"line":172,"column":58},"end":{"line":172,"column":76}},"87":{"start":{"line":173,"column":14},"end":{"line":173,"column":27}},"88":{"start":{"line":175,"column":14},"end":{"line":175,"column":59}},"89":{"start":{"line":176,"column":14},"end":{"line":176,"column":60}},"90":{"start":{"line":188,"column":2},"end":{"line":194,"column":3}},"91":{"start":{"line":189,"column":4},"end":{"line":193,"column":6}},"92":{"start":{"line":196,"column":2},"end":{"line":202,"column":3}},"93":{"start":{"line":197,"column":4},"end":{"line":201,"column":6}},"94":{"start":{"line":204,"column":29},"end":{"line":212,"column":4}},"95":{"start":{"line":205,"column":4},"end":{"line":211,"column":5}},"96":{"start":{"line":206,"column":6},"end":{"line":206,"column":16}},"97":{"start":{"line":207,"column":11},"end":{"line":211,"column":5}},"98":{"start":{"line":208,"column":6},"end":{"line":208,"column":15}},"99":{"start":{"line":210,"column":6},"end":{"line":210,"column":15}},"100":{"start":{"line":214,"column":23},"end":{"line":214,"column":65}},"101":{"start":{"line":214,"column":51},"end":{"line":214,"column":64}},"102":{"start":{"line":215,"column":24},"end":{"line":215,"column":67}},"103":{"start":{"line":215,"column":52},"end":{"line":215,"column":66}},"104":{"start":{"line":217,"column":20},"end":{"line":220,"column":3}},"105":{"start":{"line":219,"column":4},"end":{"line":219,"column":48}},"106":{"start":{"line":222,"column":19},"end":{"line":225,"column":3}},"107":{"start":{"line":223,"column":34},"end":{"line":223,"column":62}},"108":{"start":{"line":224,"column":33},"end":{"line":224,"column":60}},"109":{"start":{"line":226,"column":20},"end":{"line":229,"column":3}},"110":{"start":{"line":227,"column":4},"end":{"line":227,"column":24}},"111":{"start":{"line":228,"column":4},"end":{"line":228,"column":17}},"112":{"start":{"line":246,"column":2},"end":{"line":407,"column":4}},"113":{"start":{"line":292,"column":26},"end":{"line":292,"column":41}},"114":{"start":{"line":294,"column":4},"end":{"line":326,"column":11}},"115":{"start":{"line":310,"column":41},"end":{"line":310,"column":62}},"116":{"start":{"line":314,"column":10},"end":{"line":314,"column":30}},"117":{"start":{"line":315,"column":10},"end":{"line":315,"column":31}},"118":{"start":{"line":316,"column":10},"end":{"line":316,"column":43}},"119":{"start":{"line":317,"column":10},"end":{"line":317,"column":37}},"120":{"start":{"line":318,"column":10},"end":{"line":318,"column":39}},"121":{"start":{"line":319,"column":10},"end":{"line":319,"column":29}},"122":{"start":{"line":320,"column":10},"end":{"line":320,"column":46}},"123":{"start":{"line":321,"column":10},"end":{"line":321,"column":36}},"124":{"start":{"line":351,"column":44},"end":{"line":351,"column":66}},"125":{"start":{"line":365,"column":44},"end":{"line":365,"column":62}},"126":{"start":{"line":379,"column":47},"end":{"line":379,"column":70}},"127":{"start":{"line":389,"column":20},"end":{"line":389,"column":45}},"128":{"start":{"line":390,"column":20},"end":{"line":390,"column":63}},"129":{"start":{"line":390,"column":38},"end":{"line":390,"column":63}},"130":{"start":{"line":399,"column":68},"end":{"line":399,"column":94}},"131":{"start":{"line":410,"column":15},"end":{"line":550,"column":2}}},"fnMap":{"0":{"name":"(anonymous_0)","decl":{"start":{"line":13,"column":23},"end":{"line":13,"column":24}},"loc":{"start":{"line":13,"column":29},"end":{"line":408,"column":1}},"line":13},"1":{"name":"(anonymous_1)","decl":{"start":{"line":33,"column":33},"end":{"line":33,"column":34}},"loc":{"start":{"line":33,"column":45},"end":{"line":94,"column":3}},"line":33},"2":{"name":"(anonymous_2)","decl":{"start":{"line":48,"column":47},"end":{"line":48,"column":48}},"loc":{"start":{"line":48,"column":55},"end":{"line":52,"column":9}},"line":48},"3":{"name":"(anonymous_3)","decl":{"start":{"line":55,"column":59},"end":{"line":55,"column":60}},"loc":{"start":{"line":55,"column":67},"end":{"line":59,"column":9}},"line":55},"4":{"name":"(anonymous_4)","decl":{"start":{"line":67,"column":61},"end":{"line":67,"column":62}},"loc":{"start":{"line":67,"column":71},"end":{"line":84,"column":9}},"line":67},"5":{"name":"(anonymous_5)","decl":{"start":{"line":80,"column":58},"end":{"line":80,"column":59}},"loc":{"start":{"line":80,"column":65},"end":{"line":80,"column":87}},"line":80},"6":{"name":"(anonymous_6)","decl":{"start":{"line":96,"column":12},"end":{"line":96,"column":13}},"loc":{"start":{"line":96,"column":18},"end":{"line":111,"column":3}},"line":96},"7":{"name":"(anonymous_7)","decl":{"start":{"line":97,"column":29},"end":{"line":97,"column":30}},"loc":{"start":{"line":97,"column":41},"end":{"line":108,"column":5}},"line":97},"8":{"name":"(anonymous_8)","decl":{"start":{"line":114,"column":16},"end":{"line":114,"column":17}},"loc":{"start":{"line":114,"column":22},"end":{"line":118,"column":5}},"line":114},"9":{"name":"(anonymous_9)","decl":{"start":{"line":128,"column":21},"end":{"line":128,"column":22}},"loc":{"start":{"line":128,"column":30},"end":{"line":132,"column":3}},"line":128},"10":{"name":"(anonymous_10)","decl":{"start":{"line":129,"column":38},"end":{"line":129,"column":39}},"loc":{"start":{"line":129,"column":48},"end":{"line":129,"column":80}},"line":129},"11":{"name":"(anonymous_11)","decl":{"start":{"line":130,"column":50},"end":{"line":130,"column":51}},"loc":{"start":{"line":130,"column":60},"end":{"line":130,"column":92}},"line":130},"12":{"name":"(anonymous_12)","decl":{"start":{"line":136,"column":21},"end":{"line":136,"column":22}},"loc":{"start":{"line":136,"column":33},"end":{"line":155,"column":3}},"line":136},"13":{"name":"(anonymous_13)","decl":{"start":{"line":157,"column":23},"end":{"line":157,"column":24}},"loc":{"start":{"line":157,"column":41},"end":{"line":183,"column":3}},"line":157},"14":{"name":"(anonymous_14)","decl":{"start":{"line":168,"column":19},"end":{"line":168,"column":20}},"loc":{"start":{"line":168,"column":31},"end":{"line":178,"column":11}},"line":168},"15":{"name":"(anonymous_15)","decl":{"start":{"line":172,"column":30},"end":{"line":172,"column":31}},"loc":{"start":{"line":172,"column":38},"end":{"line":172,"column":77}},"line":172},"16":{"name":"(anonymous_16)","decl":{"start":{"line":172,"column":50},"end":{"line":172,"column":51}},"loc":{"start":{"line":172,"column":58},"end":{"line":172,"column":76}},"line":172},"17":{"name":"(anonymous_17)","decl":{"start":{"line":204,"column":47},"end":{"line":204,"column":48}},"loc":{"start":{"line":204,"column":57},"end":{"line":212,"column":3}},"line":204},"18":{"name":"(anonymous_18)","decl":{"start":{"line":214,"column":43},"end":{"line":214,"column":44}},"loc":{"start":{"line":214,"column":51},"end":{"line":214,"column":64}},"line":214},"19":{"name":"(anonymous_19)","decl":{"start":{"line":215,"column":44},"end":{"line":215,"column":45}},"loc":{"start":{"line":215,"column":52},"end":{"line":215,"column":66}},"line":215},"20":{"name":"(anonymous_20)","decl":{"start":{"line":217,"column":20},"end":{"line":217,"column":21}},"loc":{"start":{"line":217,"column":30},"end":{"line":220,"column":3}},"line":217},"21":{"name":"(anonymous_21)","decl":{"start":{"line":223,"column":25},"end":{"line":223,"column":26}},"loc":{"start":{"line":223,"column":34},"end":{"line":223,"column":62}},"line":223},"22":{"name":"(anonymous_22)","decl":{"start":{"line":224,"column":24},"end":{"line":224,"column":25}},"loc":{"start":{"line":224,"column":33},"end":{"line":224,"column":60}},"line":224},"23":{"name":"(anonymous_23)","decl":{"start":{"line":226,"column":20},"end":{"line":226,"column":21}},"loc":{"start":{"line":226,"column":26},"end":{"line":229,"column":3}},"line":226},"24":{"name":"(anonymous_24)","decl":{"start":{"line":292,"column":16},"end":{"line":292,"column":17}},"loc":{"start":{"line":292,"column":26},"end":{"line":292,"column":41}},"line":292},"25":{"name":"(anonymous_25)","decl":{"start":{"line":293,"column":14},"end":{"line":293,"column":15}},"loc":{"start":{"line":294,"column":4},"end":{"line":326,"column":11}},"line":294},"26":{"name":"(anonymous_26)","decl":{"start":{"line":310,"column":35},"end":{"line":310,"column":36}},"loc":{"start":{"line":310,"column":41},"end":{"line":310,"column":62}},"line":310},"27":{"name":"(anonymous_27)","decl":{"start":{"line":313,"column":35},"end":{"line":313,"column":36}},"loc":{"start":{"line":313,"column":41},"end":{"line":322,"column":9}},"line":313},"28":{"name":"(anonymous_28)","decl":{"start":{"line":351,"column":29},"end":{"line":351,"column":30}},"loc":{"start":{"line":351,"column":44},"end":{"line":351,"column":66}},"line":351},"29":{"name":"(anonymous_29)","decl":{"start":{"line":365,"column":29},"end":{"line":365,"column":30}},"loc":{"start":{"line":365,"column":44},"end":{"line":365,"column":62}},"line":365},"30":{"name":"(anonymous_30)","decl":{"start":{"line":379,"column":41},"end":{"line":379,"column":42}},"loc":{"start":{"line":379,"column":47},"end":{"line":379,"column":70}},"line":379},"31":{"name":"(anonymous_31)","decl":{"start":{"line":388,"column":28},"end":{"line":388,"column":29}},"loc":{"start":{"line":388,"column":53},"end":{"line":391,"column":19}},"line":388},"32":{"name":"(anonymous_32)","decl":{"start":{"line":399,"column":62},"end":{"line":399,"column":63}},"loc":{"start":{"line":399,"column":68},"end":{"line":399,"column":94}},"line":399}},"branchMap":{"0":{"loc":{"start":{"line":36,"column":6},"end":{"line":87,"column":7}},"type":"if","locations":[{"start":{"line":36,"column":6},"end":{"line":87,"column":7}},{"start":{},"end":{}}],"line":36},"1":{"loc":{"start":{"line":68,"column":10},"end":{"line":83,"column":11}},"type":"if","locations":[{"start":{"line":68,"column":10},"end":{"line":83,"column":11}},{"start":{},"end":{}}],"line":68},"2":{"loc":{"start":{"line":70,"column":12},"end":{"line":76,"column":13}},"type":"if","locations":[{"start":{"line":70,"column":12},"end":{"line":76,"column":13}},{"start":{},"end":{}}],"line":70},"3":{"loc":{"start":{"line":79,"column":29},"end":{"line":79,"column":65}},"type":"cond-expr","locations":[{"start":{"line":79,"column":45},"end":{"line":79,"column":54}},{"start":{"line":79,"column":57},"end":{"line":79,"column":65}}],"line":79},"4":{"loc":{"start":{"line":80,"column":12},"end":{"line":82,"column":13}},"type":"if","locations":[{"start":{"line":80,"column":12},"end":{"line":82,"column":13}},{"start":{},"end":{}}],"line":80},"5":{"loc":{"start":{"line":115,"column":6},"end":{"line":117,"column":7}},"type":"if","locations":[{"start":{"line":115,"column":6},"end":{"line":117,"column":7}},{"start":{},"end":{}}],"line":115},"6":{"loc":{"start":{"line":137,"column":4},"end":{"line":154,"column":5}},"type":"if","locations":[{"start":{"line":137,"column":4},"end":{"line":154,"column":5}},{"start":{},"end":{}}],"line":137},"7":{"loc":{"start":{"line":188,"column":2},"end":{"line":194,"column":3}},"type":"if","locations":[{"start":{"line":188,"column":2},"end":{"line":194,"column":3}},{"start":{},"end":{}}],"line":188},"8":{"loc":{"start":{"line":196,"column":2},"end":{"line":202,"column":3}},"type":"if","locations":[{"start":{"line":196,"column":2},"end":{"line":202,"column":3}},{"start":{},"end":{}}],"line":196},"9":{"loc":{"start":{"line":205,"column":4},"end":{"line":211,"column":5}},"type":"if","locations":[{"start":{"line":205,"column":4},"end":{"line":211,"column":5}},{"start":{"line":207,"column":11},"end":{"line":211,"column":5}}],"line":205},"10":{"loc":{"start":{"line":205,"column":8},"end":{"line":205,"column":33}},"type":"binary-expr","locations":[{"start":{"line":205,"column":8},"end":{"line":205,"column":18}},{"start":{"line":205,"column":22},"end":{"line":205,"column":33}}],"line":205},"11":{"loc":{"start":{"line":207,"column":11},"end":{"line":211,"column":5}},"type":"if","locations":[{"start":{"line":207,"column":11},"end":{"line":211,"column":5}},{"start":{"line":209,"column":11},"end":{"line":211,"column":5}}],"line":207},"12":{"loc":{"start":{"line":207,"column":15},"end":{"line":207,"column":40}},"type":"binary-expr","locations":[{"start":{"line":207,"column":15},"end":{"line":207,"column":26}},{"start":{"line":207,"column":30},"end":{"line":207,"column":40}}],"line":207},"13":{"loc":{"start":{"line":247,"column":53},"end":{"line":247,"column":87}},"type":"cond-expr","locations":[{"start":{"line":247,"column":72},"end":{"line":247,"column":78}},{"start":{"line":247,"column":81},"end":{"line":247,"column":87}}],"line":247},"14":{"loc":{"start":{"line":251,"column":48},"end":{"line":251,"column":82}},"type":"cond-expr","locations":[{"start":{"line":251,"column":67},"end":{"line":251,"column":73}},{"start":{"line":251,"column":76},"end":{"line":251,"column":82}}],"line":251},"15":{"loc":{"start":{"line":255,"column":48},"end":{"line":255,"column":82}},"type":"cond-expr","locations":[{"start":{"line":255,"column":67},"end":{"line":255,"column":73}},{"start":{"line":255,"column":76},"end":{"line":255,"column":82}}],"line":255},"16":{"loc":{"start":{"line":258,"column":53},"end":{"line":258,"column":87}},"type":"cond-expr","locations":[{"start":{"line":258,"column":72},"end":{"line":258,"column":78}},{"start":{"line":258,"column":81},"end":{"line":258,"column":87}}],"line":258},"17":{"loc":{"start":{"line":262,"column":25},"end":{"line":262,"column":59}},"type":"cond-expr","locations":[{"start":{"line":262,"column":44},"end":{"line":262,"column":50}},{"start":{"line":262,"column":53},"end":{"line":262,"column":59}}],"line":262},"18":{"loc":{"start":{"line":263,"column":28},"end":{"line":263,"column":62}},"type":"cond-expr","locations":[{"start":{"line":263,"column":47},"end":{"line":263,"column":53}},{"start":{"line":263,"column":56},"end":{"line":263,"column":62}}],"line":263},"19":{"loc":{"start":{"line":273,"column":27},"end":{"line":273,"column":61}},"type":"cond-expr","locations":[{"start":{"line":273,"column":46},"end":{"line":273,"column":52}},{"start":{"line":273,"column":55},"end":{"line":273,"column":61}}],"line":273},"20":{"loc":{"start":{"line":274,"column":30},"end":{"line":274,"column":64}},"type":"cond-expr","locations":[{"start":{"line":274,"column":49},"end":{"line":274,"column":55}},{"start":{"line":274,"column":58},"end":{"line":274,"column":64}}],"line":274},"21":{"loc":{"start":{"line":275,"column":33},"end":{"line":275,"column":67}},"type":"cond-expr","locations":[{"start":{"line":275,"column":52},"end":{"line":275,"column":58}},{"start":{"line":275,"column":61},"end":{"line":275,"column":67}}],"line":275},"22":{"loc":{"start":{"line":276,"column":24},"end":{"line":276,"column":58}},"type":"cond-expr","locations":[{"start":{"line":276,"column":43},"end":{"line":276,"column":49}},{"start":{"line":276,"column":52},"end":{"line":276,"column":58}}],"line":276},"23":{"loc":{"start":{"line":277,"column":26},"end":{"line":277,"column":66}},"type":"cond-expr","locations":[{"start":{"line":277,"column":45},"end":{"line":277,"column":54}},{"start":{"line":277,"column":57},"end":{"line":277,"column":66}}],"line":277},"24":{"loc":{"start":{"line":278,"column":38},"end":{"line":278,"column":72}},"type":"cond-expr","locations":[{"start":{"line":278,"column":57},"end":{"line":278,"column":63}},{"start":{"line":278,"column":66},"end":{"line":278,"column":72}}],"line":278},"25":{"loc":{"start":{"line":279,"column":32},"end":{"line":279,"column":66}},"type":"cond-expr","locations":[{"start":{"line":279,"column":51},"end":{"line":279,"column":57}},{"start":{"line":279,"column":60},"end":{"line":279,"column":66}}],"line":279},"26":{"loc":{"start":{"line":280,"column":26},"end":{"line":280,"column":60}},"type":"cond-expr","locations":[{"start":{"line":280,"column":45},"end":{"line":280,"column":51}},{"start":{"line":280,"column":54},"end":{"line":280,"column":60}}],"line":280},"27":{"loc":{"start":{"line":281,"column":22},"end":{"line":281,"column":56}},"type":"cond-expr","locations":[{"start":{"line":281,"column":41},"end":{"line":281,"column":47}},{"start":{"line":281,"column":50},"end":{"line":281,"column":56}}],"line":281},"28":{"loc":{"start":{"line":282,"column":29},"end":{"line":282,"column":66}},"type":"cond-expr","locations":[{"start":{"line":282,"column":48},"end":{"line":282,"column":54}},{"start":{"line":282,"column":57},"end":{"line":282,"column":66}}],"line":282},"29":{"loc":{"start":{"line":283,"column":20},"end":{"line":283,"column":54}},"type":"cond-expr","locations":[{"start":{"line":283,"column":39},"end":{"line":283,"column":45}},{"start":{"line":283,"column":48},"end":{"line":283,"column":54}}],"line":283},"30":{"loc":{"start":{"line":284,"column":28},"end":{"line":284,"column":62}},"type":"cond-expr","locations":[{"start":{"line":284,"column":47},"end":{"line":284,"column":53}},{"start":{"line":284,"column":56},"end":{"line":284,"column":62}}],"line":284},"31":{"loc":{"start":{"line":294,"column":54},"end":{"line":294,"column":91}},"type":"cond-expr","locations":[{"start":{"line":294,"column":73},"end":{"line":294,"column":79}},{"start":{"line":294,"column":82},"end":{"line":294,"column":91}}],"line":294},"32":{"loc":{"start":{"line":294,"column":109},"end":{"line":294,"column":146}},"type":"cond-expr","locations":[{"start":{"line":294,"column":128},"end":{"line":294,"column":134}},{"start":{"line":294,"column":137},"end":{"line":294,"column":146}}],"line":294},"33":{"loc":{"start":{"line":294,"column":164},"end":{"line":294,"column":201}},"type":"cond-expr","locations":[{"start":{"line":294,"column":183},"end":{"line":294,"column":189}},{"start":{"line":294,"column":192},"end":{"line":294,"column":201}}],"line":294},"34":{"loc":{"start":{"line":296,"column":21},"end":{"line":296,"column":79}},"type":"cond-expr","locations":[{"start":{"line":296,"column":37},"end":{"line":296,"column":56}},{"start":{"line":296,"column":59},"end":{"line":296,"column":79}}],"line":296},"35":{"loc":{"start":{"line":297,"column":11},"end":{"line":297,"column":47}},"type":"cond-expr","locations":[{"start":{"line":297,"column":27},"end":{"line":297,"column":35}},{"start":{"line":297,"column":38},"end":{"line":297,"column":47}}],"line":297},"36":{"loc":{"start":{"line":300,"column":43},"end":{"line":300,"column":77}},"type":"cond-expr","locations":[{"start":{"line":300,"column":62},"end":{"line":300,"column":68}},{"start":{"line":300,"column":71},"end":{"line":300,"column":77}}],"line":300},"37":{"loc":{"start":{"line":301,"column":49},"end":{"line":301,"column":83}},"type":"cond-expr","locations":[{"start":{"line":301,"column":68},"end":{"line":301,"column":74}},{"start":{"line":301,"column":77},"end":{"line":301,"column":83}}],"line":301},"38":{"loc":{"start":{"line":302,"column":46},"end":{"line":302,"column":80}},"type":"cond-expr","locations":[{"start":{"line":302,"column":65},"end":{"line":302,"column":71}},{"start":{"line":302,"column":74},"end":{"line":302,"column":80}}],"line":302},"39":{"loc":{"start":{"line":303,"column":46},"end":{"line":303,"column":80}},"type":"cond-expr","locations":[{"start":{"line":303,"column":65},"end":{"line":303,"column":71}},{"start":{"line":303,"column":74},"end":{"line":303,"column":80}}],"line":303},"40":{"loc":{"start":{"line":304,"column":46},"end":{"line":304,"column":80}},"type":"cond-expr","locations":[{"start":{"line":304,"column":65},"end":{"line":304,"column":71}},{"start":{"line":304,"column":74},"end":{"line":304,"column":80}}],"line":304},"41":{"loc":{"start":{"line":305,"column":39},"end":{"line":305,"column":102}},"type":"cond-expr","locations":[{"start":{"line":305,"column":69},"end":{"line":305,"column":85}},{"start":{"line":305,"column":88},"end":{"line":305,"column":102}}],"line":305},"42":{"loc":{"start":{"line":308,"column":44},"end":{"line":308,"column":78}},"type":"cond-expr","locations":[{"start":{"line":308,"column":63},"end":{"line":308,"column":69}},{"start":{"line":308,"column":72},"end":{"line":308,"column":78}}],"line":308},"43":{"loc":{"start":{"line":333,"column":69},"end":{"line":333,"column":103}},"type":"cond-expr","locations":[{"start":{"line":333,"column":88},"end":{"line":333,"column":94}},{"start":{"line":333,"column":97},"end":{"line":333,"column":103}}],"line":333},"44":{"loc":{"start":{"line":334,"column":65},"end":{"line":334,"column":99}},"type":"cond-expr","locations":[{"start":{"line":334,"column":84},"end":{"line":334,"column":90}},{"start":{"line":334,"column":93},"end":{"line":334,"column":99}}],"line":334},"45":{"loc":{"start":{"line":335,"column":53},"end":{"line":335,"column":87}},"type":"cond-expr","locations":[{"start":{"line":335,"column":72},"end":{"line":335,"column":78}},{"start":{"line":335,"column":81},"end":{"line":335,"column":87}}],"line":335},"46":{"loc":{"start":{"line":337,"column":44},"end":{"line":337,"column":78}},"type":"cond-expr","locations":[{"start":{"line":337,"column":63},"end":{"line":337,"column":69}},{"start":{"line":337,"column":72},"end":{"line":337,"column":78}}],"line":337},"47":{"loc":{"start":{"line":343,"column":44},"end":{"line":343,"column":78}},"type":"cond-expr","locations":[{"start":{"line":343,"column":63},"end":{"line":343,"column":69}},{"start":{"line":343,"column":72},"end":{"line":343,"column":78}}],"line":343},"48":{"loc":{"start":{"line":350,"column":54},"end":{"line":350,"column":88}},"type":"cond-expr","locations":[{"start":{"line":350,"column":73},"end":{"line":350,"column":79}},{"start":{"line":350,"column":82},"end":{"line":350,"column":88}}],"line":350},"49":{"loc":{"start":{"line":352,"column":45},"end":{"line":352,"column":79}},"type":"cond-expr","locations":[{"start":{"line":352,"column":64},"end":{"line":352,"column":70}},{"start":{"line":352,"column":73},"end":{"line":352,"column":79}}],"line":352},"50":{"loc":{"start":{"line":357,"column":45},"end":{"line":357,"column":79}},"type":"cond-expr","locations":[{"start":{"line":357,"column":64},"end":{"line":357,"column":70}},{"start":{"line":357,"column":73},"end":{"line":357,"column":79}}],"line":357},"51":{"loc":{"start":{"line":364,"column":54},"end":{"line":364,"column":88}},"type":"cond-expr","locations":[{"start":{"line":364,"column":73},"end":{"line":364,"column":79}},{"start":{"line":364,"column":82},"end":{"line":364,"column":88}}],"line":364},"52":{"loc":{"start":{"line":372,"column":44},"end":{"line":372,"column":78}},"type":"cond-expr","locations":[{"start":{"line":372,"column":63},"end":{"line":372,"column":69}},{"start":{"line":372,"column":72},"end":{"line":372,"column":78}}],"line":372},"53":{"loc":{"start":{"line":380,"column":61},"end":{"line":380,"column":95}},"type":"cond-expr","locations":[{"start":{"line":380,"column":80},"end":{"line":380,"column":86}},{"start":{"line":380,"column":89},"end":{"line":380,"column":95}}],"line":380},"54":{"loc":{"start":{"line":382,"column":15},"end":{"line":396,"column":15}},"type":"binary-expr","locations":[{"start":{"line":382,"column":15},"end":{"line":382,"column":29}},{"start":{"line":383,"column":16},"end":{"line":395,"column":18}}],"line":382},"55":{"loc":{"start":{"line":387,"column":29},"end":{"line":387,"column":64}},"type":"cond-expr","locations":[{"start":{"line":387,"column":48},"end":{"line":387,"column":54}},{"start":{"line":387,"column":57},"end":{"line":387,"column":64}}],"line":387},"56":{"loc":{"start":{"line":390,"column":20},"end":{"line":390,"column":63}},"type":"if","locations":[{"start":{"line":390,"column":20},"end":{"line":390,"column":63}},{"start":{},"end":{}}],"line":390},"57":{"loc":{"start":{"line":393,"column":37},"end":{"line":393,"column":71}},"type":"cond-expr","locations":[{"start":{"line":393,"column":56},"end":{"line":393,"column":62}},{"start":{"line":393,"column":65},"end":{"line":393,"column":71}}],"line":393}},"s":{"0":0,"1":0,"2":0,"3":0,"4":0,"5":0,"6":0,"7":0,"8":0,"9":0,"10":0,"11":0,"12":0,"13":0,"14":0,"15":0,"16":0,"17":0,"18":0,"19":0,"20":0,"21":0,"22":0,"23":0,"24":0,"25":0,"26":0,"27":0,"28":0,"29":0,"30":0,"31":0,"32":0,"33":0,"34":0,"35":0,"36":0,"37":0,"38":0,"39":0,"40":0,"41":0,"42":0,"43":0,"44":0,"45":0,"46":0,"47":0,"48":0,"49":0,"50":0,"51":0,"52":0,"53":0,"54":0,"55":0,"56":0,"57":0,"58":0,"59":0,"60":0,"61":0,"62":0,"63":0,"64":0,"65":0,"66":0,"67":0,"68":0,"69":0,"70":0,"71":0,"72":0,"73":0,"74":0,"75":0,"76":0,"77":0,"78":0,"79":0,"80":0,"81":0,"82":0,"83":0,"84":0,"85":0,"86":0,"87":0,"88":0,"89":0,"90":0,"91":0,"92":0,"93":0,"94":0,"95":0,"96":0,"97":0,"98":0,"99":0,"100":0,"101":0,"102":0,"103":0,"104":0,"105":0,"106":0,"107":0,"108":0,"109":0,"110":0,"111":0,"112":0,"113":0,"114":0,"115":0,"116":0,"117":0,"118":0,"119":0,"120":0,"121":0,"122":0,"123":0,"124":0,"125":0,"126":0,"127":0,"128":0,"129":0,"130":0,"131":0},"f":{"0":0,"1":0,"2":0,"3":0,"4":0,"5":0,"6":0,"7":0,"8":0,"9":0,"10":0,"11":0,"12":0,"13":0,"14":0,"15":0,"16":0,"17":0,"18":0,"19":0,"20":0,"21":0,"22":0,"23":0,"24":0,"25":0,"26":0,"27":0,"28":0,"29":0,"30":0,"31":0,"32":0},"b":{"0":[0,0],"1":[0,0],"2":[0,0],"3":[0,0],"4":[0,0],"5":[0,0],"6":[0,0],"7":[0,0],"8":[0,0],"9":[0,0],"10":[0,0],"11":[0,0],"12":[0,0],"13":[0,0],"14":[0,0],"15":[0,0],"16":[0,0],"17":[0,0],"18":[0,0],"19":[0,0],"20":[0,0],"21":[0,0],"22":[0,0],"23":[0,0],"24":[0,0],"25":[0,0],"26":[0,0],"27":[0,0],"28":[0,0],"29":[0,0],"30":[0,0],"31":[0,0],"32":[0,0],"33":[0,0],"34":[0,0],"35":[0,0],"36":[0,0],"37":[0,0],"38":[0,0],"39":[0,0],"40":[0,0],"41":[0,0],"42":[0,0],"43":[0,0],"44":[0,0],"45":[0,0],"46":[0,0],"47":[0,0],"48":[0,0],"49":[0,0],"50":[0,0],"51":[0,0],"52":[0,0],"53":[0,0],"54":[0,0],"55":[0,0],"56":[0,0],"57":[0,0]}}
,"C:\\Users\\Abhinav\\Documents\\Git\\tma_bkup\\frontend\\screens\\CompletedTaskScreen.js": {"path":"C:\\Users\\Abhinav\\Documents\\Git\\tma_bkup\\frontend\\screens\\CompletedTaskScreen.js","statementMap":{"0":{"start":{"line":9,"column":28},"end":{"line":113,"column":1}},"1":{"start":{"line":10,"column":20},"end":{"line":10,"column":30}},"2":{"start":{"line":11,"column":28},"end":{"line":11,"column":40}},"3":{"start":{"line":12,"column":30},"end":{"line":12,"column":44}},"4":{"start":{"line":13,"column":42},"end":{"line":13,"column":57}},"5":{"start":{"line":14,"column":42},"end":{"line":14,"column":56}},"6":{"start":{"line":18,"column":30},"end":{"line":25,"column":3}},"7":{"start":{"line":19,"column":4},"end":{"line":24,"column":5}},"8":{"start":{"line":20,"column":23},"end":{"line":20,"column":95}},"9":{"start":{"line":21,"column":6},"end":{"line":21,"column":30}},"10":{"start":{"line":23,"column":6},"end":{"line":23,"column":62}},"11":{"start":{"line":27,"column":2},"end":{"line":33,"column":15}},"12":{"start":{"line":28,"column":24},"end":{"line":31,"column":5}},"13":{"start":{"line":29,"column":18},"end":{"line":29,"column":51}},"14":{"start":{"line":30,"column":6},"end":{"line":30,"column":21}},"15":{"start":{"line":32,"column":4},"end":{"line":32,"column":18}},"16":{"start":{"line":35,"column":2},"end":{"line":39,"column":15}},"17":{"start":{"line":36,"column":4},"end":{"line":38,"column":5}},"18":{"start":{"line":37,"column":6},"end":{"line":37,"column":28}},"19":{"start":{"line":41,"column":20},"end":{"line":44,"column":3}},"20":{"start":{"line":42,"column":4},"end":{"line":42,"column":26}},"21":{"start":{"line":43,"column":4},"end":{"line":43,"column":26}},"22":{"start":{"line":46,"column":21},"end":{"line":49,"column":3}},"23":{"start":{"line":47,"column":4},"end":{"line":47,"column":27}},"24":{"start":{"line":48,"column":4},"end":{"line":48,"column":26}},"25":{"start":{"line":51,"column":24},"end":{"line":54,"column":3}},"26":{"start":{"line":52,"column":20},"end":{"line":52,"column":70}},"27":{"start":{"line":53,"column":4},"end":{"line":53,"column":71}},"28":{"start":{"line":56,"column":21},"end":{"line":71,"column":3}},"29":{"start":{"line":57,"column":4},"end":{"line":70,"column":23}},"30":{"start":{"line":59,"column":21},"end":{"line":59,"column":36}},"31":{"start":{"line":73,"column":2},"end":{"line":112,"column":4}},"32":{"start":{"line":83,"column":34},"end":{"line":83,"column":52}},"33":{"start":{"line":115,"column":15},"end":{"line":196,"column":2}}},"fnMap":{"0":{"name":"(anonymous_0)","decl":{"start":{"line":9,"column":28},"end":{"line":9,"column":29}},"loc":{"start":{"line":9,"column":34},"end":{"line":113,"column":1}},"line":9},"1":{"name":"(anonymous_1)","decl":{"start":{"line":18,"column":30},"end":{"line":18,"column":31}},"loc":{"start":{"line":18,"column":42},"end":{"line":25,"column":3}},"line":18},"2":{"name":"(anonymous_2)","decl":{"start":{"line":27,"column":12},"end":{"line":27,"column":13}},"loc":{"start":{"line":27,"column":18},"end":{"line":33,"column":3}},"line":27},"3":{"name":"(anonymous_3)","decl":{"start":{"line":28,"column":24},"end":{"line":28,"column":25}},"loc":{"start":{"line":28,"column":36},"end":{"line":31,"column":5}},"line":28},"4":{"name":"(anonymous_4)","decl":{"start":{"line":35,"column":12},"end":{"line":35,"column":13}},"loc":{"start":{"line":35,"column":18},"end":{"line":39,"column":3}},"line":35},"5":{"name":"(anonymous_5)","decl":{"start":{"line":41,"column":20},"end":{"line":41,"column":21}},"loc":{"start":{"line":41,"column":30},"end":{"line":44,"column":3}},"line":41},"6":{"name":"(anonymous_6)","decl":{"start":{"line":46,"column":21},"end":{"line":46,"column":22}},"loc":{"start":{"line":46,"column":27},"end":{"line":49,"column":3}},"line":46},"7":{"name":"(anonymous_7)","decl":{"start":{"line":51,"column":24},"end":{"line":51,"column":25}},"loc":{"start":{"line":51,"column":40},"end":{"line":54,"column":3}},"line":51},"8":{"name":"(anonymous_8)","decl":{"start":{"line":56,"column":21},"end":{"line":56,"column":22}},"loc":{"start":{"line":57,"column":4},"end":{"line":70,"column":23}},"line":57},"9":{"name":"(anonymous_9)","decl":{"start":{"line":59,"column":15},"end":{"line":59,"column":16}},"loc":{"start":{"line":59,"column":21},"end":{"line":59,"column":36}},"line":59},"10":{"name":"(anonymous_10)","decl":{"start":{"line":83,"column":24},"end":{"line":83,"column":25}},"loc":{"start":{"line":83,"column":34},"end":{"line":83,"column":52}},"line":83}},"branchMap":{"0":{"loc":{"start":{"line":36,"column":4},"end":{"line":38,"column":5}},"type":"if","locations":[{"start":{"line":36,"column":4},"end":{"line":38,"column":5}},{"start":{},"end":{}}],"line":36},"1":{"loc":{"start":{"line":58,"column":50},"end":{"line":58,"column":84}},"type":"cond-expr","locations":[{"start":{"line":58,"column":69},"end":{"line":58,"column":75}},{"start":{"line":58,"column":78},"end":{"line":58,"column":84}}],"line":58},"2":{"loc":{"start":{"line":74,"column":55},"end":{"line":74,"column":89}},"type":"cond-expr","locations":[{"start":{"line":74,"column":74},"end":{"line":74,"column":80}},{"start":{"line":74,"column":83},"end":{"line":74,"column":89}}],"line":74},"3":{"loc":{"start":{"line":75,"column":7},"end":{"line":86,"column":7}},"type":"cond-expr","locations":[{"start":{"line":76,"column":8},"end":{"line":79,"column":15}},{"start":{"line":81,"column":8},"end":{"line":85,"column":10}}],"line":75},"4":{"loc":{"start":{"line":76,"column":66},"end":{"line":76,"column":100}},"type":"cond-expr","locations":[{"start":{"line":76,"column":85},"end":{"line":76,"column":91}},{"start":{"line":76,"column":94},"end":{"line":76,"column":100}}],"line":76},"5":{"loc":{"start":{"line":96,"column":11},"end":{"line":108,"column":11}},"type":"binary-expr","locations":[{"start":{"line":96,"column":11},"end":{"line":96,"column":23}},{"start":{"line":97,"column":12},"end":{"line":107,"column":19}}],"line":96}},"s":{"0":0,"1":0,"2":0,"3":0,"4":0,"5":0,"6":0,"7":0,"8":0,"9":0,"10":0,"11":0,"12":0,"13":0,"14":0,"15":0,"16":0,"17":0,"18":0,"19":0,"20":0,"21":0,"22":0,"23":0,"24":0,"25":0,"26":0,"27":0,"28":0,"29":0,"30":0,"31":0,"32":0,"33":0},"f":{"0":0,"1":0,"2":0,"3":0,"4":0,"5":0,"6":0,"7":0,"8":0,"9":0,"10":0},"b":{"0":[0,0],"1":[0,0],"2":[0,0],"3":[0,0],"4":[0,0],"5":[0,0]}}
,"C:\\Users\\Abhinav\\Documents\\Git\\tma_bkup\\frontend\\screens\\EditUserProfileScreen.js": {"path":"C:\\Users\\Abhinav\\Documents\\Git\\tma_bkup\\frontend\\screens\\EditUserProfileScreen.js","statementMap":{"0":{"start":{"line":9,"column":30},"end":{"line":116,"column":1}},"1":{"start":{"line":10,"column":20},"end":{"line":10,"column":30}},"2":{"start":{"line":11,"column":21},"end":{"line":11,"column":36}},"3":{"start":{"line":12,"column":34},"end":{"line":12,"column":46}},"4":{"start":{"line":13,"column":28},"end":{"line":13,"column":40}},"5":{"start":{"line":14,"column":30},"end":{"line":14,"column":42}},"6":{"start":{"line":15,"column":27},"end":{"line":15,"column":39}},"7":{"start":{"line":17,"column":2},"end":{"line":34,"column":9}},"8":{"start":{"line":18,"column":24},"end":{"line":31,"column":5}},"9":{"start":{"line":19,"column":6},"end":{"line":30,"column":7}},"10":{"start":{"line":20,"column":20},"end":{"line":20,"column":53}},"11":{"start":{"line":21,"column":8},"end":{"line":27,"column":9}},"12":{"start":{"line":22,"column":10},"end":{"line":22,"column":25}},"13":{"start":{"line":23,"column":10},"end":{"line":23,"column":32}},"14":{"start":{"line":25,"column":10},"end":{"line":25,"column":39}},"15":{"start":{"line":26,"column":10},"end":{"line":26,"column":42}},"16":{"start":{"line":29,"column":8},"end":{"line":29,"column":56}},"17":{"start":{"line":33,"column":4},"end":{"line":33,"column":18}},"18":{"start":{"line":36,"column":27},"end":{"line":48,"column":3}},"19":{"start":{"line":37,"column":4},"end":{"line":47,"column":5}},"20":{"start":{"line":38,"column":23},"end":{"line":38,"column":92}},"21":{"start":{"line":39,"column":6},"end":{"line":44,"column":7}},"22":{"start":{"line":40,"column":8},"end":{"line":40,"column":43}},"23":{"start":{"line":41,"column":8},"end":{"line":41,"column":41}},"24":{"start":{"line":43,"column":8},"end":{"line":43,"column":45}},"25":{"start":{"line":46,"column":6},"end":{"line":46,"column":59}},"26":{"start":{"line":50,"column":23},"end":{"line":52,"column":3}},"27":{"start":{"line":51,"column":4},"end":{"line":51,"column":24}},"28":{"start":{"line":54,"column":21},"end":{"line":83,"column":3}},"29":{"start":{"line":55,"column":4},"end":{"line":59,"column":5}},"30":{"start":{"line":56,"column":6},"end":{"line":56,"column":56}},"31":{"start":{"line":57,"column":6},"end":{"line":57,"column":44}},"32":{"start":{"line":58,"column":6},"end":{"line":58,"column":13}},"33":{"start":{"line":61,"column":4},"end":{"line":82,"column":5}},"34":{"start":{"line":62,"column":23},"end":{"line":66,"column":8}},"35":{"start":{"line":68,"column":6},"end":{"line":76,"column":7}},"36":{"start":{"line":69,"column":8},"end":{"line":69,"column":63}},"37":{"start":{"line":70,"column":8},"end":{"line":70,"column":28}},"38":{"start":{"line":71,"column":8},"end":{"line":71,"column":21}},"39":{"start":{"line":74,"column":8},"end":{"line":74,"column":82}},"40":{"start":{"line":75,"column":8},"end":{"line":75,"column":35}},"41":{"start":{"line":78,"column":6},"end":{"line":78,"column":54}},"42":{"start":{"line":79,"column":6},"end":{"line":79,"column":33}},"43":{"start":{"line":81,"column":6},"end":{"line":81,"column":88}},"44":{"start":{"line":85,"column":2},"end":{"line":115,"column":4}},"45":{"start":{"line":118,"column":15},"end":{"line":149,"column":2}}},"fnMap":{"0":{"name":"(anonymous_0)","decl":{"start":{"line":9,"column":30},"end":{"line":9,"column":31}},"loc":{"start":{"line":9,"column":36},"end":{"line":116,"column":1}},"line":9},"1":{"name":"(anonymous_1)","decl":{"start":{"line":17,"column":12},"end":{"line":17,"column":13}},"loc":{"start":{"line":17,"column":18},"end":{"line":34,"column":3}},"line":17},"2":{"name":"(anonymous_2)","decl":{"start":{"line":18,"column":24},"end":{"line":18,"column":25}},"loc":{"start":{"line":18,"column":36},"end":{"line":31,"column":5}},"line":18},"3":{"name":"(anonymous_3)","decl":{"start":{"line":36,"column":27},"end":{"line":36,"column":28}},"loc":{"start":{"line":36,"column":45},"end":{"line":48,"column":3}},"line":36},"4":{"name":"(anonymous_4)","decl":{"start":{"line":50,"column":23},"end":{"line":50,"column":24}},"loc":{"start":{"line":50,"column":29},"end":{"line":52,"column":3}},"line":50},"5":{"name":"(anonymous_5)","decl":{"start":{"line":54,"column":21},"end":{"line":54,"column":22}},"loc":{"start":{"line":54,"column":33},"end":{"line":83,"column":3}},"line":54}},"branchMap":{"0":{"loc":{"start":{"line":21,"column":8},"end":{"line":27,"column":9}},"type":"if","locations":[{"start":{"line":21,"column":8},"end":{"line":27,"column":9}},{"start":{"line":24,"column":15},"end":{"line":27,"column":9}}],"line":21},"1":{"loc":{"start":{"line":39,"column":6},"end":{"line":44,"column":7}},"type":"if","locations":[{"start":{"line":39,"column":6},"end":{"line":44,"column":7}},{"start":{"line":42,"column":13},"end":{"line":44,"column":7}}],"line":39},"2":{"loc":{"start":{"line":55,"column":4},"end":{"line":59,"column":5}},"type":"if","locations":[{"start":{"line":55,"column":4},"end":{"line":59,"column":5}},{"start":{},"end":{}}],"line":55},"3":{"loc":{"start":{"line":55,"column":8},"end":{"line":55,"column":27}},"type":"binary-expr","locations":[{"start":{"line":55,"column":8},"end":{"line":55,"column":17}},{"start":{"line":55,"column":21},"end":{"line":55,"column":27}}],"line":55},"4":{"loc":{"start":{"line":68,"column":6},"end":{"line":76,"column":7}},"type":"if","locations":[{"start":{"line":68,"column":6},"end":{"line":76,"column":7}},{"start":{"line":72,"column":13},"end":{"line":76,"column":7}}],"line":68},"5":{"loc":{"start":{"line":74,"column":29},"end":{"line":74,"column":80}},"type":"binary-expr","locations":[{"start":{"line":74,"column":29},"end":{"line":74,"column":50}},{"start":{"line":74,"column":54},"end":{"line":74,"column":80}}],"line":74},"6":{"loc":{"start":{"line":81,"column":27},"end":{"line":81,"column":86}},"type":"binary-expr","locations":[{"start":{"line":81,"column":27},"end":{"line":81,"column":56}},{"start":{"line":81,"column":60},"end":{"line":81,"column":86}}],"line":81},"7":{"loc":{"start":{"line":86,"column":53},"end":{"line":86,"column":87}},"type":"cond-expr","locations":[{"start":{"line":86,"column":72},"end":{"line":86,"column":78}},{"start":{"line":86,"column":81},"end":{"line":86,"column":87}}],"line":86},"8":{"loc":{"start":{"line":87,"column":41},"end":{"line":87,"column":75}},"type":"cond-expr","locations":[{"start":{"line":87,"column":60},"end":{"line":87,"column":66}},{"start":{"line":87,"column":69},"end":{"line":87,"column":75}}],"line":87},"9":{"loc":{"start":{"line":89,"column":37},"end":{"line":89,"column":71}},"type":"cond-expr","locations":[{"start":{"line":89,"column":56},"end":{"line":89,"column":62}},{"start":{"line":89,"column":65},"end":{"line":89,"column":71}}],"line":89},"10":{"loc":{"start":{"line":93,"column":30},"end":{"line":93,"column":64}},"type":"cond-expr","locations":[{"start":{"line":93,"column":49},"end":{"line":93,"column":55}},{"start":{"line":93,"column":58},"end":{"line":93,"column":64}}],"line":93},"11":{"loc":{"start":{"line":96,"column":41},"end":{"line":96,"column":75}},"type":"cond-expr","locations":[{"start":{"line":96,"column":60},"end":{"line":96,"column":66}},{"start":{"line":96,"column":69},"end":{"line":96,"column":75}}],"line":96},"12":{"loc":{"start":{"line":98,"column":37},"end":{"line":98,"column":71}},"type":"cond-expr","locations":[{"start":{"line":98,"column":56},"end":{"line":98,"column":62}},{"start":{"line":98,"column":65},"end":{"line":98,"column":71}}],"line":98},"13":{"loc":{"start":{"line":102,"column":30},"end":{"line":102,"column":64}},"type":"cond-expr","locations":[{"start":{"line":102,"column":49},"end":{"line":102,"column":55}},{"start":{"line":102,"column":58},"end":{"line":102,"column":64}}],"line":102},"14":{"loc":{"start":{"line":106,"column":66},"end":{"line":106,"column":103}},"type":"cond-expr","locations":[{"start":{"line":106,"column":85},"end":{"line":106,"column":91}},{"start":{"line":106,"column":94},"end":{"line":106,"column":103}}],"line":106},"15":{"loc":{"start":{"line":107,"column":50},"end":{"line":107,"column":84}},"type":"cond-expr","locations":[{"start":{"line":107,"column":69},"end":{"line":107,"column":75}},{"start":{"line":107,"column":78},"end":{"line":107,"column":84}}],"line":107},"16":{"loc":{"start":{"line":109,"column":66},"end":{"line":109,"column":103}},"type":"cond-expr","locations":[{"start":{"line":109,"column":85},"end":{"line":109,"column":91}},{"start":{"line":109,"column":94},"end":{"line":109,"column":103}}],"line":109},"17":{"loc":{"start":{"line":110,"column":50},"end":{"line":110,"column":84}},"type":"cond-expr","locations":[{"start":{"line":110,"column":69},"end":{"line":110,"column":75}},{"start":{"line":110,"column":78},"end":{"line":110,"column":84}}],"line":110},"18":{"loc":{"start":{"line":112,"column":7},"end":{"line":112,"column":74}},"type":"cond-expr","locations":[{"start":{"line":112,"column":15},"end":{"line":112,"column":67}},{"start":{"line":112,"column":70},"end":{"line":112,"column":74}}],"line":112}},"s":{"0":0,"1":0,"2":0,"3":0,"4":0,"5":0,"6":0,"7":0,"8":0,"9":0,"10":0,"11":0,"12":0,"13":0,"14":0,"15":0,"16":0,"17":0,"18":0,"19":0,"20":0,"21":0,"22":0,"23":0,"24":0,"25":0,"26":0,"27":0,"28":0,"29":0,"30":0,"31":0,"32":0,"33":0,"34":0,"35":0,"36":0,"37":0,"38":0,"39":0,"40":0,"41":0,"42":0,"43":0,"44":0,"45":0},"f":{"0":0,"1":0,"2":0,"3":0,"4":0,"5":0},"b":{"0":[0,0],"1":[0,0],"2":[0,0],"3":[0,0],"4":[0,0],"5":[0,0],"6":[0,0],"7":[0,0],"8":[0,0],"9":[0,0],"10":[0,0],"11":[0,0],"12":[0,0],"13":[0,0],"14":[0,0],"15":[0,0],"16":[0,0],"17":[0,0],"18":[0,0]}}
,"C:\\Users\\Abhinav\\Documents\\Git\\tma_bkup\\frontend\\screens\\HomeScreen.js": {"path":"C:\\Users\\Abhinav\\Documents\\Git\\tma_bkup\\frontend\\screens\\HomeScreen.js","statementMap":{"0":{"start":{"line":18,"column":19},"end":{"line":617,"column":1}},"1":{"start":{"line":19,"column":20},"end":{"line":19,"column":30}},"2":{"start":{"line":20,"column":28},"end":{"line":20,"column":42}},"3":{"start":{"line":21,"column":28},"end":{"line":21,"column":40}},"4":{"start":{"line":22,"column":40},"end":{"line":22,"column":52}},"5":{"start":{"line":23,"column":30},"end":{"line":23,"column":44}},"6":{"start":{"line":24,"column":42},"end":{"line":24,"column":57}},"7":{"start":{"line":25,"column":42},"end":{"line":25,"column":56}},"8":{"start":{"line":26,"column":54},"end":{"line":26,"column":69}},"9":{"start":{"line":27,"column":50},"end":{"line":27,"column":62}},"10":{"start":{"line":28,"column":42},"end":{"line":28,"column":54}},"11":{"start":{"line":29,"column":52},"end":{"line":29,"column":66}},"12":{"start":{"line":30,"column":40},"end":{"line":30,"column":55}},"13":{"start":{"line":31,"column":36},"end":{"line":31,"column":50}},"14":{"start":{"line":33,"column":52},"end":{"line":33,"column":67}},"15":{"start":{"line":34,"column":28},"end":{"line":34,"column":40}},"16":{"start":{"line":35,"column":48},"end":{"line":35,"column":60}},"17":{"start":{"line":37,"column":42},"end":{"line":37,"column":54}},"18":{"start":{"line":38,"column":42},"end":{"line":38,"column":57}},"19":{"start":{"line":39,"column":42},"end":{"line":39,"column":57}},"20":{"start":{"line":40,"column":38},"end":{"line":40,"column":52}},"21":{"start":{"line":42,"column":56},"end":{"line":42,"column":71}},"22":{"start":{"line":45,"column":21},"end":{"line":54,"column":13}},"23":{"start":{"line":46,"column":4},"end":{"line":53,"column":5}},"24":{"start":{"line":47,"column":23},"end":{"line":47,"column":93}},"25":{"start":{"line":48,"column":28},"end":{"line":48,"column":54}},"26":{"start":{"line":49,"column":6},"end":{"line":49,"column":30}},"27":{"start":{"line":52,"column":6},"end":{"line":52,"column":52}},"28":{"start":{"line":56,"column":27},"end":{"line":65,"column":13}},"29":{"start":{"line":57,"column":4},"end":{"line":64,"column":5}},"30":{"start":{"line":58,"column":23},"end":{"line":58,"column":97}},"31":{"start":{"line":59,"column":34},"end":{"line":59,"column":60}},"32":{"start":{"line":60,"column":6},"end":{"line":60,"column":42}},"33":{"start":{"line":63,"column":6},"end":{"line":63,"column":59}},"34":{"start":{"line":67,"column":25},"end":{"line":78,"column":3}},"35":{"start":{"line":68,"column":4},"end":{"line":76,"column":5}},"36":{"start":{"line":69,"column":23},"end":{"line":69,"column":92}},"37":{"start":{"line":70,"column":6},"end":{"line":73,"column":7}},"38":{"start":{"line":71,"column":8},"end":{"line":71,"column":45}},"39":{"start":{"line":72,"column":8},"end":{"line":72,"column":29}},"40":{"start":{"line":75,"column":6},"end":{"line":75,"column":57}},"41":{"start":{"line":77,"column":4},"end":{"line":77,"column":14}},"42":{"start":{"line":80,"column":2},"end":{"line":87,"column":9}},"43":{"start":{"line":81,"column":24},"end":{"line":85,"column":5}},"44":{"start":{"line":82,"column":18},"end":{"line":82,"column":51}},"45":{"start":{"line":83,"column":6},"end":{"line":83,"column":21}},"46":{"start":{"line":84,"column":6},"end":{"line":84,"column":28}},"47":{"start":{"line":86,"column":4},"end":{"line":86,"column":18}},"48":{"start":{"line":89,"column":2},"end":{"line":94,"column":107}},"49":{"start":{"line":90,"column":4},"end":{"line":93,"column":5}},"50":{"start":{"line":91,"column":6},"end":{"line":91,"column":19}},"51":{"start":{"line":92,"column":6},"end":{"line":92,"column":25}},"52":{"start":{"line":96,"column":2},"end":{"line":105,"column":21}},"53":{"start":{"line":97,"column":4},"end":{"line":99,"column":5}},"54":{"start":{"line":98,"column":6},"end":{"line":98,"column":25}},"55":{"start":{"line":100,"column":4},"end":{"line":104,"column":6}},"56":{"start":{"line":101,"column":6},"end":{"line":103,"column":7}},"57":{"start":{"line":102,"column":8},"end":{"line":102,"column":34}},"58":{"start":{"line":107,"column":2},"end":{"line":113,"column":4}},"59":{"start":{"line":109,"column":6},"end":{"line":111,"column":7}},"60":{"start":{"line":110,"column":8},"end":{"line":110,"column":27}},"61":{"start":{"line":117,"column":22},"end":{"line":177,"column":3}},"62":{"start":{"line":118,"column":19},"end":{"line":118,"column":24}},"63":{"start":{"line":123,"column":4},"end":{"line":126,"column":7}},"64":{"start":{"line":124,"column":6},"end":{"line":124,"column":44}},"65":{"start":{"line":130,"column":4},"end":{"line":132,"column":5}},"66":{"start":{"line":131,"column":6},"end":{"line":131,"column":83}},"67":{"start":{"line":131,"column":41},"end":{"line":131,"column":81}},"68":{"start":{"line":135,"column":4},"end":{"line":137,"column":5}},"69":{"start":{"line":136,"column":6},"end":{"line":136,"column":75}},"70":{"start":{"line":136,"column":41},"end":{"line":136,"column":73}},"71":{"start":{"line":140,"column":4},"end":{"line":163,"column":5}},"72":{"start":{"line":141,"column":6},"end":{"line":141,"column":62}},"73":{"start":{"line":142,"column":18},"end":{"line":142,"column":28}},"74":{"start":{"line":143,"column":6},"end":{"line":143,"column":33}},"75":{"start":{"line":146,"column":37},"end":{"line":146,"column":81}},"76":{"start":{"line":148,"column":6},"end":{"line":162,"column":7}},"77":{"start":{"line":149,"column":30},"end":{"line":149,"column":107}},"78":{"start":{"line":151,"column":8},"end":{"line":156,"column":11}},"79":{"start":{"line":152,"column":28},"end":{"line":152,"column":51}},"80":{"start":{"line":153,"column":36},"end":{"line":153,"column":131}},"81":{"start":{"line":155,"column":10},"end":{"line":155,"column":73}},"82":{"start":{"line":158,"column":8},"end":{"line":161,"column":11}},"83":{"start":{"line":159,"column":28},"end":{"line":159,"column":51}},"84":{"start":{"line":160,"column":10},"end":{"line":160,"column":64}},"85":{"start":{"line":166,"column":4},"end":{"line":174,"column":5}},"86":{"start":{"line":167,"column":18},"end":{"line":167,"column":28}},"87":{"start":{"line":168,"column":6},"end":{"line":168,"column":54}},"88":{"start":{"line":169,"column":6},"end":{"line":173,"column":9}},"89":{"start":{"line":170,"column":24},"end":{"line":170,"column":47}},"90":{"start":{"line":171,"column":8},"end":{"line":171,"column":61}},"91":{"start":{"line":172,"column":8},"end":{"line":172,"column":58}},"92":{"start":{"line":176,"column":4},"end":{"line":176,"column":20}},"93":{"start":{"line":179,"column":31},"end":{"line":234,"column":3}},"94":{"start":{"line":180,"column":24},"end":{"line":180,"column":37}},"95":{"start":{"line":184,"column":4},"end":{"line":228,"column":5}},"96":{"start":{"line":186,"column":8},"end":{"line":186,"column":122}},"97":{"start":{"line":187,"column":8},"end":{"line":187,"column":28}},"98":{"start":{"line":188,"column":8},"end":{"line":188,"column":14}},"99":{"start":{"line":191,"column":26},"end":{"line":191,"column":49}},"100":{"start":{"line":192,"column":28},"end":{"line":192,"column":170}},"101":{"start":{"line":193,"column":26},"end":{"line":193,"column":131}},"102":{"start":{"line":194,"column":8},"end":{"line":194,"column":32}},"103":{"start":{"line":195,"column":8},"end":{"line":195,"column":28}},"104":{"start":{"line":196,"column":8},"end":{"line":196,"column":14}},"105":{"start":{"line":199,"column":30},"end":{"line":199,"column":167}},"106":{"start":{"line":200,"column":32},"end":{"line":200,"column":140}},"107":{"start":{"line":201,"column":8},"end":{"line":201,"column":34}},"108":{"start":{"line":202,"column":8},"end":{"line":202,"column":34}},"109":{"start":{"line":203,"column":8},"end":{"line":203,"column":14}},"110":{"start":{"line":206,"column":8},"end":{"line":206,"column":99}},"111":{"start":{"line":207,"column":8},"end":{"line":207,"column":101}},"112":{"start":{"line":208,"column":8},"end":{"line":208,"column":14}},"113":{"start":{"line":211,"column":8},"end":{"line":211,"column":103}},"114":{"start":{"line":212,"column":8},"end":{"line":212,"column":101}},"115":{"start":{"line":213,"column":8},"end":{"line":213,"column":14}},"116":{"start":{"line":216,"column":8},"end":{"line":216,"column":103}},"117":{"start":{"line":217,"column":8},"end":{"line":217,"column":101}},"118":{"start":{"line":218,"column":8},"end":{"line":218,"column":14}},"119":{"start":{"line":221,"column":8},"end":{"line":221,"column":100}},"120":{"start":{"line":222,"column":8},"end":{"line":222,"column":105}},"121":{"start":{"line":223,"column":8},"end":{"line":223,"column":14}},"122":{"start":{"line":226,"column":8},"end":{"line":226,"column":42}},"123":{"start":{"line":227,"column":8},"end":{"line":227,"column":40}},"124":{"start":{"line":230,"column":4},"end":{"line":230,"column":42}},"125":{"start":{"line":231,"column":4},"end":{"line":231,"column":38}},"126":{"start":{"line":233,"column":4},"end":{"line":233,"column":34}},"127":{"start":{"line":236,"column":23},"end":{"line":246,"column":3}},"128":{"start":{"line":237,"column":4},"end":{"line":245,"column":5}},"129":{"start":{"line":238,"column":6},"end":{"line":238,"column":74}},"130":{"start":{"line":239,"column":6},"end":{"line":239,"column":58}},"131":{"start":{"line":240,"column":6},"end":{"line":240,"column":19}},"132":{"start":{"line":241,"column":6},"end":{"line":241,"column":25}},"133":{"start":{"line":243,"column":6},"end":{"line":243,"column":53}},"134":{"start":{"line":244,"column":6},"end":{"line":244,"column":54}},"135":{"start":{"line":248,"column":20},"end":{"line":258,"column":3}},"136":{"start":{"line":249,"column":4},"end":{"line":257,"column":5}},"137":{"start":{"line":250,"column":37},"end":{"line":252,"column":7}},"138":{"start":{"line":253,"column":6},"end":{"line":253,"column":28}},"139":{"start":{"line":254,"column":6},"end":{"line":254,"column":36}},"140":{"start":{"line":256,"column":6},"end":{"line":256,"column":51}},"141":{"start":{"line":260,"column":2},"end":{"line":266,"column":14}},"142":{"start":{"line":261,"column":4},"end":{"line":265,"column":18}},"143":{"start":{"line":263,"column":10},"end":{"line":263,"column":30}},"144":{"start":{"line":268,"column":20},"end":{"line":273,"column":3}},"145":{"start":{"line":269,"column":4},"end":{"line":269,"column":26}},"146":{"start":{"line":270,"column":4},"end":{"line":270,"column":26}},"147":{"start":{"line":271,"column":4},"end":{"line":271,"column":41}},"148":{"start":{"line":272,"column":4},"end":{"line":272,"column":26}},"149":{"start":{"line":275,"column":21},"end":{"line":281,"column":3}},"150":{"start":{"line":276,"column":4},"end":{"line":276,"column":27}},"151":{"start":{"line":277,"column":4},"end":{"line":277,"column":26}},"152":{"start":{"line":278,"column":4},"end":{"line":278,"column":26}},"153":{"start":{"line":279,"column":4},"end":{"line":279,"column":26}},"154":{"start":{"line":280,"column":4},"end":{"line":280,"column":17}},"155":{"start":{"line":283,"column":26},"end":{"line":285,"column":3}},"156":{"start":{"line":284,"column":4},"end":{"line":284,"column":32}},"157":{"start":{"line":287,"column":27},"end":{"line":289,"column":3}},"158":{"start":{"line":288,"column":4},"end":{"line":288,"column":33}},"159":{"start":{"line":291,"column":23},"end":{"line":295,"column":3}},"160":{"start":{"line":292,"column":4},"end":{"line":292,"column":17}},"161":{"start":{"line":293,"column":4},"end":{"line":293,"column":23}},"162":{"start":{"line":294,"column":4},"end":{"line":294,"column":23}},"163":{"start":{"line":297,"column":24},"end":{"line":300,"column":3}},"164":{"start":{"line":298,"column":20},"end":{"line":298,"column":70}},"165":{"start":{"line":299,"column":4},"end":{"line":299,"column":71}},"166":{"start":{"line":302,"column":21},"end":{"line":315,"column":3}},"167":{"start":{"line":303,"column":4},"end":{"line":314,"column":23}},"168":{"start":{"line":303,"column":120},"end":{"line":303,"column":135}},"169":{"start":{"line":313,"column":57},"end":{"line":313,"column":78}},"170":{"start":{"line":317,"column":24},"end":{"line":317,"column":137}},"171":{"start":{"line":317,"column":47},"end":{"line":317,"column":75}},"172":{"start":{"line":317,"column":107},"end":{"line":317,"column":134}},"173":{"start":{"line":319,"column":21},"end":{"line":335,"column":3}},"174":{"start":{"line":320,"column":4},"end":{"line":320,"column":29}},"175":{"start":{"line":320,"column":22},"end":{"line":320,"column":29}},"176":{"start":{"line":321,"column":4},"end":{"line":321,"column":26}},"177":{"start":{"line":322,"column":15},"end":{"line":333,"column":12}},"178":{"start":{"line":323,"column":6},"end":{"line":332,"column":9}},"179":{"start":{"line":324,"column":8},"end":{"line":330,"column":9}},"180":{"start":{"line":325,"column":10},"end":{"line":325,"column":28}},"181":{"start":{"line":326,"column":10},"end":{"line":326,"column":33}},"182":{"start":{"line":327,"column":10},"end":{"line":327,"column":22}},"183":{"start":{"line":328,"column":10},"end":{"line":328,"column":58}},"184":{"start":{"line":329,"column":10},"end":{"line":329,"column":70}},"185":{"start":{"line":331,"column":8},"end":{"line":331,"column":24}},"186":{"start":{"line":334,"column":4},"end":{"line":334,"column":22}},"187":{"start":{"line":337,"column":21},"end":{"line":341,"column":3}},"188":{"start":{"line":338,"column":4},"end":{"line":338,"column":30}},"189":{"start":{"line":338,"column":23},"end":{"line":338,"column":30}},"190":{"start":{"line":339,"column":4},"end":{"line":339,"column":30}},"191":{"start":{"line":340,"column":4},"end":{"line":340,"column":27}},"192":{"start":{"line":343,"column":21},"end":{"line":354,"column":3}},"193":{"start":{"line":345,"column":4},"end":{"line":345,"column":27}},"194":{"start":{"line":346,"column":4},"end":{"line":348,"column":5}},"195":{"start":{"line":347,"column":6},"end":{"line":347,"column":51}},"196":{"start":{"line":350,"column":4},"end":{"line":353,"column":5}},"197":{"start":{"line":351,"column":6},"end":{"line":351,"column":32}},"198":{"start":{"line":352,"column":6},"end":{"line":352,"column":26}},"199":{"start":{"line":356,"column":21},"end":{"line":360,"column":3}},"200":{"start":{"line":357,"column":20},"end":{"line":357,"column":41}},"201":{"start":{"line":358,"column":20},"end":{"line":358,"column":29}},"202":{"start":{"line":359,"column":4},"end":{"line":359,"column":85}},"203":{"start":{"line":362,"column":27},"end":{"line":364,"column":3}},"204":{"start":{"line":363,"column":4},"end":{"line":363,"column":17}},"205":{"start":{"line":369,"column":24},"end":{"line":385,"column":3}},"206":{"start":{"line":370,"column":4},"end":{"line":384,"column":11}},"207":{"start":{"line":388,"column":29},"end":{"line":409,"column":3}},"208":{"start":{"line":389,"column":4},"end":{"line":408,"column":23}},"209":{"start":{"line":389,"column":245},"end":{"line":389,"column":260}},"210":{"start":{"line":400,"column":39},"end":{"line":400,"column":60}},"211":{"start":{"line":403,"column":63},"end":{"line":403,"column":83}},"212":{"start":{"line":411,"column":25},"end":{"line":425,"column":3}},"213":{"start":{"line":413,"column":18},"end":{"line":413,"column":47}},"214":{"start":{"line":414,"column":23},"end":{"line":414,"column":28}},"215":{"start":{"line":415,"column":6},"end":{"line":424,"column":7}},"216":{"start":{"line":417,"column":26},"end":{"line":417,"column":77}},"217":{"start":{"line":417,"column":49},"end":{"line":417,"column":63}},"218":{"start":{"line":418,"column":32},"end":{"line":418,"column":71}},"219":{"start":{"line":418,"column":55},"end":{"line":418,"column":70}},"220":{"start":{"line":419,"column":7},"end":{"line":423,"column":9}},"221":{"start":{"line":420,"column":10},"end":{"line":420,"column":30}},"222":{"start":{"line":421,"column":10},"end":{"line":421,"column":46}},"223":{"start":{"line":422,"column":10},"end":{"line":422,"column":37}},"224":{"start":{"line":427,"column":26},"end":{"line":430,"column":3}},"225":{"start":{"line":428,"column":4},"end":{"line":428,"column":32}},"226":{"start":{"line":429,"column":4},"end":{"line":429,"column":17}},"227":{"start":{"line":432,"column":28},"end":{"line":434,"column":3}},"228":{"start":{"line":433,"column":4},"end":{"line":433,"column":33}},"229":{"start":{"line":436,"column":27},"end":{"line":438,"column":3}},"230":{"start":{"line":437,"column":4},"end":{"line":437,"column":34}},"231":{"start":{"line":440,"column":2},"end":{"line":616,"column":4}},"232":{"start":{"line":489,"column":34},"end":{"line":489,"column":52}},"233":{"start":{"line":490,"column":36},"end":{"line":490,"column":89}},"234":{"start":{"line":558,"column":14},"end":{"line":569,"column":21}},"235":{"start":{"line":562,"column":20},"end":{"line":564,"column":22}},"236":{"start":{"line":563,"column":22},"end":{"line":563,"column":102}},"237":{"start":{"line":563,"column":65},"end":{"line":563,"column":79}},"238":{"start":{"line":574,"column":14},"end":{"line":584,"column":21}},"239":{"start":{"line":578,"column":20},"end":{"line":580,"column":22}},"240":{"start":{"line":579,"column":22},"end":{"line":579,"column":90}},"241":{"start":{"line":579,"column":61},"end":{"line":579,"column":71}},"242":{"start":{"line":589,"column":14},"end":{"line":595,"column":21}},"243":{"start":{"line":592,"column":39},"end":{"line":592,"column":103}},"244":{"start":{"line":601,"column":37},"end":{"line":601,"column":65}},"245":{"start":{"line":619,"column":15},"end":{"line":849,"column":2}}},"fnMap":{"0":{"name":"(anonymous_0)","decl":{"start":{"line":18,"column":19},"end":{"line":18,"column":20}},"loc":{"start":{"line":18,"column":25},"end":{"line":617,"column":1}},"line":18},"1":{"name":"(anonymous_1)","decl":{"start":{"line":45,"column":33},"end":{"line":45,"column":34}},"loc":{"start":{"line":45,"column":45},"end":{"line":54,"column":3}},"line":45},"2":{"name":"(anonymous_2)","decl":{"start":{"line":56,"column":39},"end":{"line":56,"column":40}},"loc":{"start":{"line":56,"column":51},"end":{"line":65,"column":3}},"line":56},"3":{"name":"(anonymous_3)","decl":{"start":{"line":67,"column":25},"end":{"line":67,"column":26}},"loc":{"start":{"line":67,"column":43},"end":{"line":78,"column":3}},"line":67},"4":{"name":"(anonymous_4)","decl":{"start":{"line":80,"column":12},"end":{"line":80,"column":13}},"loc":{"start":{"line":80,"column":18},"end":{"line":87,"column":3}},"line":80},"5":{"name":"(anonymous_5)","decl":{"start":{"line":81,"column":24},"end":{"line":81,"column":25}},"loc":{"start":{"line":81,"column":36},"end":{"line":85,"column":5}},"line":81},"6":{"name":"(anonymous_6)","decl":{"start":{"line":89,"column":12},"end":{"line":89,"column":13}},"loc":{"start":{"line":89,"column":18},"end":{"line":94,"column":3}},"line":89},"7":{"name":"(anonymous_7)","decl":{"start":{"line":96,"column":12},"end":{"line":96,"column":13}},"loc":{"start":{"line":96,"column":18},"end":{"line":105,"column":3}},"line":96},"8":{"name":"(anonymous_8)","decl":{"start":{"line":100,"column":11},"end":{"line":100,"column":12}},"loc":{"start":{"line":100,"column":17},"end":{"line":104,"column":5}},"line":100},"9":{"name":"(anonymous_9)","decl":{"start":{"line":108,"column":16},"end":{"line":108,"column":17}},"loc":{"start":{"line":108,"column":22},"end":{"line":112,"column":5}},"line":108},"10":{"name":"(anonymous_10)","decl":{"start":{"line":117,"column":22},"end":{"line":117,"column":23}},"loc":{"start":{"line":117,"column":33},"end":{"line":177,"column":3}},"line":117},"11":{"name":"(anonymous_11)","decl":{"start":{"line":123,"column":21},"end":{"line":123,"column":22}},"loc":{"start":{"line":123,"column":29},"end":{"line":126,"column":5}},"line":123},"12":{"name":"(anonymous_12)","decl":{"start":{"line":131,"column":33},"end":{"line":131,"column":34}},"loc":{"start":{"line":131,"column":41},"end":{"line":131,"column":81}},"line":131},"13":{"name":"(anonymous_13)","decl":{"start":{"line":136,"column":33},"end":{"line":136,"column":34}},"loc":{"start":{"line":136,"column":41},"end":{"line":136,"column":73}},"line":136},"14":{"name":"(anonymous_14)","decl":{"start":{"line":151,"column":35},"end":{"line":151,"column":36}},"loc":{"start":{"line":151,"column":43},"end":{"line":156,"column":9}},"line":151},"15":{"name":"(anonymous_15)","decl":{"start":{"line":158,"column":35},"end":{"line":158,"column":36}},"loc":{"start":{"line":158,"column":43},"end":{"line":161,"column":9}},"line":158},"16":{"name":"(anonymous_16)","decl":{"start":{"line":169,"column":33},"end":{"line":169,"column":34}},"loc":{"start":{"line":169,"column":41},"end":{"line":173,"column":7}},"line":169},"17":{"name":"(anonymous_17)","decl":{"start":{"line":179,"column":31},"end":{"line":179,"column":32}},"loc":{"start":{"line":179,"column":47},"end":{"line":234,"column":3}},"line":179},"18":{"name":"(anonymous_18)","decl":{"start":{"line":236,"column":23},"end":{"line":236,"column":24}},"loc":{"start":{"line":236,"column":41},"end":{"line":246,"column":3}},"line":236},"19":{"name":"(anonymous_19)","decl":{"start":{"line":248,"column":20},"end":{"line":248,"column":21}},"loc":{"start":{"line":248,"column":32},"end":{"line":258,"column":3}},"line":248},"20":{"name":"(anonymous_20)","decl":{"start":{"line":260,"column":12},"end":{"line":260,"column":13}},"loc":{"start":{"line":260,"column":18},"end":{"line":266,"column":3}},"line":260},"21":{"name":"(anonymous_21)","decl":{"start":{"line":262,"column":8},"end":{"line":262,"column":9}},"loc":{"start":{"line":262,"column":14},"end":{"line":264,"column":9}},"line":262},"22":{"name":"(anonymous_22)","decl":{"start":{"line":268,"column":20},"end":{"line":268,"column":21}},"loc":{"start":{"line":268,"column":30},"end":{"line":273,"column":3}},"line":268},"23":{"name":"(anonymous_23)","decl":{"start":{"line":275,"column":21},"end":{"line":275,"column":22}},"loc":{"start":{"line":275,"column":27},"end":{"line":281,"column":3}},"line":275},"24":{"name":"(anonymous_24)","decl":{"start":{"line":283,"column":26},"end":{"line":283,"column":27}},"loc":{"start":{"line":283,"column":32},"end":{"line":285,"column":3}},"line":283},"25":{"name":"(anonymous_25)","decl":{"start":{"line":287,"column":27},"end":{"line":287,"column":28}},"loc":{"start":{"line":287,"column":33},"end":{"line":289,"column":3}},"line":287},"26":{"name":"(anonymous_26)","decl":{"start":{"line":291,"column":23},"end":{"line":291,"column":24}},"loc":{"start":{"line":291,"column":29},"end":{"line":295,"column":3}},"line":291},"27":{"name":"(anonymous_27)","decl":{"start":{"line":297,"column":24},"end":{"line":297,"column":25}},"loc":{"start":{"line":297,"column":40},"end":{"line":300,"column":3}},"line":297},"28":{"name":"(anonymous_28)","decl":{"start":{"line":302,"column":21},"end":{"line":302,"column":22}},"loc":{"start":{"line":303,"column":4},"end":{"line":314,"column":23}},"line":303},"29":{"name":"(anonymous_29)","decl":{"start":{"line":303,"column":114},"end":{"line":303,"column":115}},"loc":{"start":{"line":303,"column":120},"end":{"line":303,"column":135}},"line":303},"30":{"name":"(anonymous_30)","decl":{"start":{"line":313,"column":51},"end":{"line":313,"column":52}},"loc":{"start":{"line":313,"column":57},"end":{"line":313,"column":78}},"line":313},"31":{"name":"(anonymous_31)","decl":{"start":{"line":317,"column":38},"end":{"line":317,"column":39}},"loc":{"start":{"line":317,"column":47},"end":{"line":317,"column":75}},"line":317},"32":{"name":"(anonymous_32)","decl":{"start":{"line":317,"column":98},"end":{"line":317,"column":99}},"loc":{"start":{"line":317,"column":107},"end":{"line":317,"column":134}},"line":317},"33":{"name":"(anonymous_33)","decl":{"start":{"line":319,"column":21},"end":{"line":319,"column":22}},"loc":{"start":{"line":319,"column":27},"end":{"line":335,"column":3}},"line":319},"34":{"name":"(anonymous_34)","decl":{"start":{"line":322,"column":27},"end":{"line":322,"column":28}},"loc":{"start":{"line":322,"column":33},"end":{"line":333,"column":5}},"line":322},"35":{"name":"(anonymous_35)","decl":{"start":{"line":323,"column":22},"end":{"line":323,"column":23}},"loc":{"start":{"line":323,"column":30},"end":{"line":332,"column":7}},"line":323},"36":{"name":"(anonymous_36)","decl":{"start":{"line":337,"column":21},"end":{"line":337,"column":22}},"loc":{"start":{"line":337,"column":27},"end":{"line":341,"column":3}},"line":337},"37":{"name":"(anonymous_37)","decl":{"start":{"line":343,"column":21},"end":{"line":343,"column":22}},"loc":{"start":{"line":343,"column":27},"end":{"line":354,"column":3}},"line":343},"38":{"name":"(anonymous_38)","decl":{"start":{"line":356,"column":21},"end":{"line":356,"column":22}},"loc":{"start":{"line":356,"column":31},"end":{"line":360,"column":3}},"line":356},"39":{"name":"(anonymous_39)","decl":{"start":{"line":362,"column":27},"end":{"line":362,"column":28}},"loc":{"start":{"line":362,"column":33},"end":{"line":364,"column":3}},"line":362},"40":{"name":"(anonymous_40)","decl":{"start":{"line":369,"column":24},"end":{"line":369,"column":25}},"loc":{"start":{"line":370,"column":4},"end":{"line":384,"column":11}},"line":370},"41":{"name":"(anonymous_41)","decl":{"start":{"line":388,"column":29},"end":{"line":388,"column":30}},"loc":{"start":{"line":389,"column":4},"end":{"line":408,"column":23}},"line":389},"42":{"name":"(anonymous_42)","decl":{"start":{"line":389,"column":239},"end":{"line":389,"column":240}},"loc":{"start":{"line":389,"column":245},"end":{"line":389,"column":260}},"line":389},"43":{"name":"(anonymous_43)","decl":{"start":{"line":400,"column":33},"end":{"line":400,"column":34}},"loc":{"start":{"line":400,"column":39},"end":{"line":400,"column":60}},"line":400},"44":{"name":"(anonymous_44)","decl":{"start":{"line":403,"column":57},"end":{"line":403,"column":58}},"loc":{"start":{"line":403,"column":63},"end":{"line":403,"column":83}},"line":403},"45":{"name":"(anonymous_45)","decl":{"start":{"line":411,"column":25},"end":{"line":411,"column":26}},"loc":{"start":{"line":411,"column":40},"end":{"line":425,"column":3}},"line":411},"46":{"name":"(anonymous_46)","decl":{"start":{"line":417,"column":41},"end":{"line":417,"column":42}},"loc":{"start":{"line":417,"column":49},"end":{"line":417,"column":63}},"line":417},"47":{"name":"(anonymous_47)","decl":{"start":{"line":418,"column":47},"end":{"line":418,"column":48}},"loc":{"start":{"line":418,"column":55},"end":{"line":418,"column":70}},"line":418},"48":{"name":"(anonymous_48)","decl":{"start":{"line":427,"column":26},"end":{"line":427,"column":27}},"loc":{"start":{"line":427,"column":32},"end":{"line":430,"column":3}},"line":427},"49":{"name":"(anonymous_49)","decl":{"start":{"line":432,"column":28},"end":{"line":432,"column":29}},"loc":{"start":{"line":432,"column":40},"end":{"line":434,"column":3}},"line":432},"50":{"name":"(anonymous_50)","decl":{"start":{"line":436,"column":27},"end":{"line":436,"column":28}},"loc":{"start":{"line":436,"column":33},"end":{"line":438,"column":3}},"line":436},"51":{"name":"(anonymous_51)","decl":{"start":{"line":489,"column":24},"end":{"line":489,"column":25}},"loc":{"start":{"line":489,"column":34},"end":{"line":489,"column":52}},"line":489},"52":{"name":"(anonymous_52)","decl":{"start":{"line":490,"column":22},"end":{"line":490,"column":23}},"loc":{"start":{"line":490,"column":36},"end":{"line":490,"column":89}},"line":490},"53":{"name":"(anonymous_53)","decl":{"start":{"line":557,"column":43},"end":{"line":557,"column":44}},"loc":{"start":{"line":558,"column":14},"end":{"line":569,"column":21}},"line":558},"54":{"name":"(anonymous_54)","decl":{"start":{"line":561,"column":33},"end":{"line":561,"column":34}},"loc":{"start":{"line":561,"column":39},"end":{"line":565,"column":19}},"line":561},"55":{"name":"(anonymous_55)","decl":{"start":{"line":562,"column":40},"end":{"line":562,"column":41}},"loc":{"start":{"line":563,"column":22},"end":{"line":563,"column":102}},"line":563},"56":{"name":"(anonymous_56)","decl":{"start":{"line":563,"column":60},"end":{"line":563,"column":61}},"loc":{"start":{"line":563,"column":65},"end":{"line":563,"column":79}},"line":563},"57":{"name":"(anonymous_57)","decl":{"start":{"line":573,"column":55},"end":{"line":573,"column":56}},"loc":{"start":{"line":574,"column":14},"end":{"line":584,"column":21}},"line":574},"58":{"name":"(anonymous_58)","decl":{"start":{"line":577,"column":33},"end":{"line":577,"column":34}},"loc":{"start":{"line":577,"column":39},"end":{"line":581,"column":19}},"line":577},"59":{"name":"(anonymous_59)","decl":{"start":{"line":578,"column":36},"end":{"line":578,"column":37}},"loc":{"start":{"line":579,"column":22},"end":{"line":579,"column":90}},"line":579},"60":{"name":"(anonymous_60)","decl":{"start":{"line":579,"column":56},"end":{"line":579,"column":57}},"loc":{"start":{"line":579,"column":61},"end":{"line":579,"column":71}},"line":579},"61":{"name":"(anonymous_61)","decl":{"start":{"line":588,"column":129},"end":{"line":588,"column":130}},"loc":{"start":{"line":589,"column":14},"end":{"line":595,"column":21}},"line":589},"62":{"name":"(anonymous_62)","decl":{"start":{"line":592,"column":33},"end":{"line":592,"column":34}},"loc":{"start":{"line":592,"column":39},"end":{"line":592,"column":103}},"line":592},"63":{"name":"(anonymous_63)","decl":{"start":{"line":601,"column":31},"end":{"line":601,"column":32}},"loc":{"start":{"line":601,"column":37},"end":{"line":601,"column":65}},"line":601}},"branchMap":{"0":{"loc":{"start":{"line":70,"column":6},"end":{"line":73,"column":7}},"type":"if","locations":[{"start":{"line":70,"column":6},"end":{"line":73,"column":7}},{"start":{},"end":{}}],"line":70},"1":{"loc":{"start":{"line":90,"column":4},"end":{"line":93,"column":5}},"type":"if","locations":[{"start":{"line":90,"column":4},"end":{"line":93,"column":5}},{"start":{},"end":{}}],"line":90},"2":{"loc":{"start":{"line":97,"column":4},"end":{"line":99,"column":5}},"type":"if","locations":[{"start":{"line":97,"column":4},"end":{"line":99,"column":5}},{"start":{},"end":{}}],"line":97},"3":{"loc":{"start":{"line":101,"column":6},"end":{"line":103,"column":7}},"type":"if","locations":[{"start":{"line":101,"column":6},"end":{"line":103,"column":7}},{"start":{},"end":{}}],"line":101},"4":{"loc":{"start":{"line":109,"column":6},"end":{"line":111,"column":7}},"type":"if","locations":[{"start":{"line":109,"column":6},"end":{"line":111,"column":7}},{"start":{},"end":{}}],"line":109},"5":{"loc":{"start":{"line":130,"column":4},"end":{"line":132,"column":5}},"type":"if","locations":[{"start":{"line":130,"column":4},"end":{"line":132,"column":5}},{"start":{},"end":{}}],"line":130},"6":{"loc":{"start":{"line":135,"column":4},"end":{"line":137,"column":5}},"type":"if","locations":[{"start":{"line":135,"column":4},"end":{"line":137,"column":5}},{"start":{},"end":{}}],"line":135},"7":{"loc":{"start":{"line":140,"column":4},"end":{"line":163,"column":5}},"type":"if","locations":[{"start":{"line":140,"column":4},"end":{"line":163,"column":5}},{"start":{},"end":{}}],"line":140},"8":{"loc":{"start":{"line":148,"column":6},"end":{"line":162,"column":7}},"type":"if","locations":[{"start":{"line":148,"column":6},"end":{"line":162,"column":7}},{"start":{"line":157,"column":13},"end":{"line":162,"column":7}}],"line":148},"9":{"loc":{"start":{"line":160,"column":17},"end":{"line":160,"column":63}},"type":"binary-expr","locations":[{"start":{"line":160,"column":17},"end":{"line":160,"column":39}},{"start":{"line":160,"column":43},"end":{"line":160,"column":63}}],"line":160},"10":{"loc":{"start":{"line":166,"column":4},"end":{"line":174,"column":5}},"type":"if","locations":[{"start":{"line":166,"column":4},"end":{"line":174,"column":5}},{"start":{},"end":{}}],"line":166},"11":{"loc":{"start":{"line":172,"column":15},"end":{"line":172,"column":57}},"type":"binary-expr","locations":[{"start":{"line":172,"column":15},"end":{"line":172,"column":28}},{"start":{"line":172,"column":32},"end":{"line":172,"column":57}}],"line":172},"12":{"loc":{"start":{"line":184,"column":4},"end":{"line":228,"column":5}},"type":"switch","locations":[{"start":{"line":185,"column":6},"end":{"line":188,"column":14}},{"start":{"line":190,"column":6},"end":{"line":196,"column":14}},{"start":{"line":198,"column":6},"end":{"line":203,"column":14}},{"start":{"line":205,"column":6},"end":{"line":208,"column":14}},{"start":{"line":210,"column":6},"end":{"line":213,"column":14}},{"start":
[...]
rt":{"line":51,"column":8},"end":{"line":51,"column":33}},"22":{"start":{"line":52,"column":8},"end":{"line":52,"column":25}},"23":{"start":{"line":57,"column":27},"end":{"line":70,"column":3}},"24":{"start":{"line":58,"column":4},"end":{"line":69,"column":5}},"25":{"start":{"line":59,"column":23},"end":{"line":59,"column":92}},"26":{"start":{"line":60,"column":6},"end":{"line":65,"column":7}},"27":{"start":{"line":61,"column":8},"end":{"line":61,"column":43}},"28":{"start":{"line":62,"column":8},"end":{"line":62,"column":41}},"29":{"start":{"line":64,"column":8},"end":{"line":64,"column":45}},"30":{"start":{"line":68,"column":6},"end":{"line":68,"column":59}},"31":{"start":{"line":71,"column":19},"end":{"line":108,"column":3}},"32":{"start":{"line":72,"column":4},"end":{"line":107,"column":5}},"33":{"start":{"line":73,"column":23},"end":{"line":73,"column":93}},"34":{"start":{"line":74,"column":6},"end":{"line":97,"column":7}},"35":{"start":{"line":75,"column":8},"end":{"line":94,"column":9}},"36":{"start":{"line":76,"column":28},"end":{"line":76,"column":50}},"37":{"start":{"line":77,"column":27},"end":{"line":77,"column":67}},"38":{"start":{"line":79,"column":27},"end":{"line":79,"column":66}},"39":{"start":{"line":80,"column":10},"end":{"line":89,"column":11}},"40":{"start":{"line":81,"column":12},"end":{"line":81,"column":39}},"41":{"start":{"line":82,"column":12},"end":{"line":82,"column":34}},"42":{"start":{"line":83,"column":12},"end":{"line":83,"column":55}},"43":{"start":{"line":84,"column":12},"end":{"line":84,"column":53}},"44":{"start":{"line":87,"column":12},"end":{"line":87,"column":28}},"45":{"start":{"line":88,"column":12},"end":{"line":88,"column":69}},"46":{"start":{"line":91,"column":10},"end":{"line":91,"column":26}},"47":{"start":{"line":92,"column":10},"end":{"line":92,"column":72}},"48":{"start":{"line":93,"column":10},"end":{"line":93,"column":53}},"49":{"start":{"line":96,"column":8},"end":{"line":96,"column":65}},"50":{"start":{"line":100,"column":6},"end":{"line":106,"column":7}},"51":{"start":{"line":104,"column":10},"end":{"line":104,"column":64}},"52":{"start":{"line":105,"column":10},"end":{"line":105,"column":65}},"53":{"start":{"line":111,"column":28},"end":{"line":157,"column":3}},"54":{"start":{"line":112,"column":29},"end":{"line":112,"column":84}},"55":{"start":{"line":113,"column":4},"end":{"line":116,"column":5}},"56":{"start":{"line":114,"column":6},"end":{"line":114,"column":67}},"57":{"start":{"line":115,"column":6},"end":{"line":115,"column":13}},"58":{"start":{"line":117,"column":19},"end":{"line":122,"column":6}},"59":{"start":{"line":123,"column":4},"end":{"line":123,"column":65}},"60":{"start":{"line":124,"column":4},"end":{"line":127,"column":5}},"61":{"start":{"line":125,"column":6},"end":{"line":125,"column":49}},"62":{"start":{"line":126,"column":6},"end":{"line":126,"column":13}},"63":{"start":{"line":130,"column":18},"end":{"line":130,"column":34}},"64":{"start":{"line":131,"column":16},"end":{"line":131,"column":25}},"65":{"start":{"line":133,"column":4},"end":{"line":136,"column":5}},"66":{"start":{"line":134,"column":6},"end":{"line":134,"column":53}},"67":{"start":{"line":135,"column":6},"end":{"line":135,"column":13}},"68":{"start":{"line":139,"column":22},"end":{"line":139,"column":81}},"69":{"start":{"line":142,"column":20},"end":{"line":142,"column":60}},"70":{"start":{"line":144,"column":4},"end":{"line":156,"column":5}},"71":{"start":{"line":146,"column":6},"end":{"line":149,"column":9}},"72":{"start":{"line":152,"column":6},"end":{"line":152,"column":29}},"73":{"start":{"line":154,"column":6},"end":{"line":154,"column":59}},"74":{"start":{"line":155,"column":6},"end":{"line":155,"column":60}},"75":{"start":{"line":159,"column":22},"end":{"line":171,"column":3}},"76":{"start":{"line":160,"column":4},"end":{"line":162,"column":5}},"77":{"start":{"line":161,"column":6},"end":{"line":161,"column":35}},"78":{"start":{"line":163,"column":4},"end":{"line":170,"column":5}},"79":{"start":{"line":164,"column":6},"end":{"line":164,"column":34}},"80":{"start":{"line":165,"column":23},"end":{"line":165,"column":108}},"81":{"start":{"line":166,"column":6},"end":{"line":166,"column":65}},"82":{"start":{"line":168,"column":6},"end":{"line":168,"column":58}},"83":{"start":{"line":169,"column":6},"end":{"line":169,"column":58}},"84":{"start":{"line":173,"column":20},"end":{"line":185,"column":14}},"85":{"start":{"line":174,"column":4},"end":{"line":174,"column":24}},"86":{"start":{"line":175,"column":4},"end":{"line":184,"column":5}},"87":{"start":{"line":176,"column":6},"end":{"line":179,"column":7}},"88":{"start":{"line":177,"column":8},"end":{"line":177,"column":39}},"89":{"start":{"line":178,"column":8},"end":{"line":178,"column":31}},"90":{"start":{"line":181,"column":6},"end":{"line":181,"column":53}},"91":{"start":{"line":183,"column":6},"end":{"line":183,"column":27}},"92":{"start":{"line":186,"column":2},"end":{"line":223,"column":4}},"93":{"start":{"line":218,"column":122},"end":{"line":218,"column":160}},"94":{"start":{"line":226,"column":15},"end":{"line":287,"column":2}}},"fnMap":{"0":{"name":"(anonymous_0)","decl":{"start":{"line":12,"column":26},"end":{"line":12,"column":27}},"loc":{"start":{"line":12,"column":32},"end":{"line":224,"column":1}},"line":12},"1":{"name":"(anonymous_1)","decl":{"start":{"line":22,"column":12},"end":{"line":22,"column":13}},"loc":{"start":{"line":22,"column":18},"end":{"line":38,"column":3}},"line":22},"2":{"name":"(anonymous_2)","decl":{"start":{"line":23,"column":24},"end":{"line":23,"column":25}},"loc":{"start":{"line":23,"column":36},"end":{"line":35,"column":5}},"line":23},"3":{"name":"(anonymous_3)","decl":{"start":{"line":49,"column":16},"end":{"line":49,"column":17}},"loc":{"start":{"line":49,"column":22},"end":{"line":54,"column":5}},"line":49},"4":{"name":"(anonymous_4)","decl":{"start":{"line":57,"column":27},"end":{"line":57,"column":28}},"loc":{"start":{"line":57,"column":45},"end":{"line":70,"column":3}},"line":57},"5":{"name":"(anonymous_5)","decl":{"start":{"line":71,"column":19},"end":{"line":71,"column":20}},"loc":{"start":{"line":71,"column":36},"end":{"line":108,"column":3}},"line":71},"6":{"name":"(anonymous_6)","decl":{"start":{"line":111,"column":28},"end":{"line":111,"column":29}},"loc":{"start":{"line":111,"column":40},"end":{"line":157,"column":3}},"line":111},"7":{"name":"(anonymous_7)","decl":{"start":{"line":159,"column":22},"end":{"line":159,"column":23}},"loc":{"start":{"line":159,"column":43},"end":{"line":171,"column":3}},"line":159},"8":{"name":"(anonymous_8)","decl":{"start":{"line":173,"column":32},"end":{"line":173,"column":33}},"loc":{"start":{"line":173,"column":44},"end":{"line":185,"column":3}},"line":173},"9":{"name":"(anonymous_9)","decl":{"start":{"line":218,"column":116},"end":{"line":218,"column":117}},"loc":{"start":{"line":218,"column":122},"end":{"line":218,"column":160}},"line":218}},"branchMap":{"0":{"loc":{"start":{"line":26,"column":8},"end":{"line":31,"column":9}},"type":"if","locations":[{"start":{"line":26,"column":8},"end":{"line":31,"column":9}},{"start":{"line":28,"column":15},"end":{"line":31,"column":9}}],"line":26},"1":{"loc":{"start":{"line":50,"column":6},"end":{"line":53,"column":7}},"type":"if","locations":[{"start":{"line":50,"column":6},"end":{"line":53,"column":7}},{"start":{},"end":{}}],"line":50},"2":{"loc":{"start":{"line":60,"column":6},"end":{"line":65,"column":7}},"type":"if","locations":[{"start":{"line":60,"column":6},"end":{"line":65,"column":7}},{"start":{"line":63,"column":13},"end":{"line":65,"column":7}}],"line":60},"3":{"loc":{"start":{"line":74,"column":6},"end":{"line":97,"column":7}},"type":"if","locations":[{"start":{"line":74,"column":6},"end":{"line":97,"column":7}},{"start":{"line":95,"column":11},"end":{"line":97,"column":7}}],"line":74},"4":{"loc":{"start":{"line":75,"column":8},"end":{"line":94,"column":9}},"type":"if","locations":[{"start":{"line":75,"column":8},"end":{"line":94,"column":9}},{"start":{"line":90,"column":15},"end":{"line":94,"column":9}}],"line":75},"5":{"loc":{"start":{"line":80,"column":10},"end":{"line":89,"column":11}},"type":"if","locations":[{"start":{"line":80,"column":10},"end":{"line":89,"column":11}},{"start":{"line":85,"column":15},"end":{"line":89,"column":11}}],"line":80},"6":{"loc":{"start":{"line":100,"column":6},"end":{"line":106,"column":7}},"type":"if","locations":[{"start":{"line":100,"column":6},"end":{"line":106,"column":7}},{"start":{"line":103,"column":13},"end":{"line":106,"column":7}}],"line":100},"7":{"loc":{"start":{"line":100,"column":10},"end":{"line":100,"column":57}},"type":"binary-expr","locations":[{"start":{"line":100,"column":10},"end":{"line":100,"column":24}},{"start":{"line":100,"column":28},"end":{"line":100,"column":57}}],"line":100},"8":{"loc":{"start":{"line":113,"column":4},"end":{"line":116,"column":5}},"type":"if","locations":[{"start":{"line":113,"column":4},"end":{"line":116,"column":5}},{"start":{},"end":{}}],"line":113},"9":{"loc":{"start":{"line":124,"column":4},"end":{"line":127,"column":5}},"type":"if","locations":[{"start":{"line":124,"column":4},"end":{"line":127,"column":5}},{"start":{},"end":{}}],"line":124},"10":{"loc":{"start":{"line":133,"column":4},"end":{"line":136,"column":5}},"type":"if","locations":[{"start":{"line":133,"column":4},"end":{"line":136,"column":5}},{"start":{},"end":{}}],"line":133},"11":{"loc":{"start":{"line":139,"column":22},"end":{"line":139,"column":81}},"type":"binary-expr","locations":[{"start":{"line":139,"column":22},"end":{"line":139,"column":42}},{"start":{"line":139,"column":46},"end":{"line":139,"column":81}}],"line":139},"12":{"loc":{"start":{"line":160,"column":4},"end":{"line":162,"column":5}},"type":"if","locations":[{"start":{"line":160,"column":4},"end":{"line":162,"column":5}},{"start":{},"end":{}}],"line":160},"13":{"loc":{"start":{"line":176,"column":6},"end":{"line":179,"column":7}},"type":"if","locations":[{"start":{"line":176,"column":6},"end":{"line":179,"column":7}},{"start":{},"end":{}}],"line":176},"14":{"loc":{"start":{"line":188,"column":49},"end":{"line":188,"column":83}},"type":"cond-expr","locations":[{"start":{"line":188,"column":68},"end":{"line":188,"column":74}},{"start":{"line":188,"column":77},"end":{"line":188,"column":83}}],"line":188},"15":{"loc":{"start":{"line":198,"column":7},"end":{"line":207,"column":7}},"type":"cond-expr","locations":[{"start":{"line":199,"column":8},"end":{"line":202,"column":10}},{"start":{"line":204,"column":8},"end":{"line":206,"column":15}}],"line":198},"16":{"loc":{"start":{"line":208,"column":77},"end":{"line":208,"column":114}},"type":"cond-expr","locations":[{"start":{"line":208,"column":96},"end":{"line":208,"column":102}},{"start":{"line":208,"column":105},"end":{"line":208,"column":114}}],"line":208},"17":{"loc":{"start":{"line":209,"column":69},"end":{"line":209,"column":106}},"type":"cond-expr","locations":[{"start":{"line":209,"column":88},"end":{"line":209,"column":94}},{"start":{"line":209,"column":97},"end":{"line":209,"column":106}}],"line":209},"18":{"loc":{"start":{"line":209,"column":118},"end":{"line":209,"column":152}},"type":"cond-expr","locations":[{"start":{"line":209,"column":137},"end":{"line":209,"column":143}},{"start":{"line":209,"column":146},"end":{"line":209,"column":152}}],"line":209},"19":{"loc":{"start":{"line":214,"column":44},"end":{"line":214,"column":78}},"type":"cond-expr","locations":[{"start":{"line":214,"column":63},"end":{"line":214,"column":69}},{"start":{"line":214,"column":72},"end":{"line":214,"column":78}}],"line":214},"20":{"loc":{"start":{"line":215,"column":41},"end":{"line":215,"column":75}},"type":"cond-expr","locations":[{"start":{"line":215,"column":60},"end":{"line":215,"column":66}},{"start":{"line":215,"column":69},"end":{"line":215,"column":75}}],"line":215},"21":{"loc":{"start":{"line":218,"column":64},"end":{"line":218,"column":101}},"type":"cond-expr","locations":[{"start":{"line":218,"column":83},"end":{"line":218,"column":89}},{"start":{"line":218,"column":92},"end":{"line":218,"column":101}}],"line":218},"22":{"loc":{"start":{"line":219,"column":48},"end":{"line":219,"column":82}},"type":"cond-expr","locations":[{"start":{"line":219,"column":67},"end":{"line":219,"column":73}},{"start":{"line":219,"column":76},"end":{"line":219,"column":82}}],"line":219}},"s":{"0":0,"1":0,"2":0,"3":0,"4":0,"5":0,"6":0,"7":0,"8":0,"9":0,"10":0,"11":0,"12":0,"13":0,"14":0,"15":0,"16":0,"17":0,"18":0,"19":0,"20":0,"21":0,"22":0,"23":0,"24":0,"25":0,"26":0,"27":0,"28":0,"29":0,"30":0,"31":0,"32":0,"33":0,"34":0,"35":0,"36":0,"37":0,"38":0,"39":0,"40":0,"41":0,"42":0,"43":0,"44":0,"45":0,"46":0,"47":0,"48":0,"49":0,"50":0,"51":0,"52":0,"53":0,"54":0,"55":0,"56":0,"57":0,"58":0,"59":0,"60":0,"61":0,"62":0,"63":0,"64":0,"65":0,"66":0,"67":0,"68":0,"69":0,"70":0,"71":0,"72":0,"73":0,"74":0,"75":0,"76":0,"77":0,"78":0,"79":0,"80":0,"81":0,"82":0,"83":0,"84":0,"85":0,"86":0,"87":0,"88":0,"89":0,"90":0,"91":0,"92":0,"93":0,"94":0},"f":{"0":0,"1":0,"2":0,"3":0,"4":0,"5":0,"6":0,"7":0,"8":0,"9":0},"b":{"0":[0,0],"1":[0,0],"2":[0,0],"3":[0,0],"4":[0,0],"5":[0,0],"6":[0,0],"7":[0,0],"8":[0,0],"9":[0,0],"10":[0,0],"11":[0,0],"12":[0,0],"13":[0,0],"14":[0,0],"15":[0,0],"16":[0,0],"17":[0,0],"18":[0,0],"19":[0,0],"20":[0,0],"21":[0,0],"22":[0,0]}}
,"C:\\Users\\Abhinav\\Documents\\Git\\tma_bkup\\frontend\\screens\\WeatherScreen.js": {"path":"C:\\Users\\Abhinav\\Documents\\Git\\tma_bkup\\frontend\\screens\\WeatherScreen.js","statementMap":{"0":{"start":{"line":5,"column":16},"end":{"line":5,"column":50}},"1":{"start":{"line":6,"column":20},"end":{"line":6,"column":69}},"2":{"start":{"line":7,"column":24},"end":{"line":7,"column":79}},"3":{"start":{"line":9,"column":22},"end":{"line":116,"column":1}},"4":{"start":{"line":10,"column":44},"end":{"line":10,"column":56}},"5":{"start":{"line":11,"column":40},"end":{"line":11,"column":54}},"6":{"start":{"line":12,"column":46},"end":{"line":12,"column":60}},"7":{"start":{"line":13,"column":46},"end":{"line":13,"column":64}},"8":{"start":{"line":15,"column":2},"end":{"line":52,"column":23}},"9":{"start":{"line":16,"column":38},"end":{"line":49,"column":5}},"10":{"start":{"line":17,"column":6},"end":{"line":48,"column":7}},"11":{"start":{"line":18,"column":27},"end":{"line":18,"column":77}},"12":{"start":{"line":19,"column":8},"end":{"line":22,"column":9}},"13":{"start":{"line":20,"column":10},"end":{"line":20,"column":57}},"14":{"start":{"line":21,"column":10},"end":{"line":21,"column":17}},"15":{"start":{"line":24,"column":25},"end":{"line":24,"column":65}},"16":{"start":{"line":25,"column":40},"end":{"line":25,"column":55}},"17":{"start":{"line":27,"column":32},"end":{"line":29,"column":9}},"18":{"start":{"line":30,"column":30},"end":{"line":30,"column":58}},"19":{"start":{"line":31,"column":8},"end":{"line":35,"column":9}},"20":{"start":{"line":32,"column":10},"end":{"line":32,"column":40}},"21":{"start":{"line":34,"column":10},"end":{"line":34,"column":50}},"22":{"start":{"line":37,"column":35},"end":{"line":39,"column":9}},"23":{"start":{"line":40,"column":33},"end":{"line":40,"column":64}},"24":{"start":{"line":41,"column":8},"end":{"line":45,"column":9}},"25":{"start":{"line":42,"column":10},"end":{"line":42,"column":46}},"26":{"start":{"line":44,"column":10},"end":{"line":44,"column":53}},"27":{"start":{"line":47,"column":8},"end":{"line":47,"column":66}},"28":{"start":{"line":51,"column":4},"end":{"line":51,"column":32}},"29":{"start":{"line":54,"column":28},"end":{"line":56,"column":3}},"30":{"start":{"line":55,"column":4},"end":{"line":55,"column":65}},"31":{"start":{"line":58,"column":29},"end":{"line":61,"column":3}},"32":{"start":{"line":59,"column":25},"end":{"line":59,"column":74}},"33":{"start":{"line":60,"column":4},"end":{"line":60,"column":46}},"34":{"start":{"line":63,"column":35},"end":{"line":74,"column":3}},"35":{"start":{"line":64,"column":29},"end":{"line":72,"column":5}},"36":{"start":{"line":73,"column":4},"end":{"line":73,"column":52}},"37":{"start":{"line":76,"column":2},"end":{"line":115,"column":3}},"38":{"start":{"line":80,"column":8},"end":{"line":80,"column":19}},"39":{"start":{"line":81,"column":45},"end":{"line":81,"column":59}},"40":{"start":{"line":82,"column":28},"end":{"line":82,"column":70}},"41":{"start":{"line":84,"column":4},"end":{"line":107,"column":6}},"42":{"start":{"line":109,"column":4},"end":{"line":114,"column":6}},"43":{"start":{"line":118,"column":15},"end":{"line":169,"column":2}}},"fnMap":{"0":{"name":"(anonymous_0)","decl":{"start":{"line":9,"column":22},"end":{"line":9,"column":23}},"loc":{"start":{"line":9,"column":28},"end":{"line":116,"column":1}},"line":9},"1":{"name":"(anonymous_1)","decl":{"start":{"line":15,"column":12},"end":{"line":15,"column":13}},"loc":{"start":{"line":15,"column":18},"end":{"line":52,"column":3}},"line":15},"2":{"name":"(anonymous_2)","decl":{"start":{"line":16,"column":38},"end":{"line":16,"column":39}},"loc":{"start":{"line":16,"column":50},"end":{"line":49,"column":5}},"line":16},"3":{"name":"(anonymous_3)","decl":{"start":{"line":54,"column":28},"end":{"line":54,"column":29}},"loc":{"start":{"line":54,"column":42},"end":{"line":56,"column":3}},"line":54},"4":{"name":"(anonymous_4)","decl":{"start":{"line":58,"column":29},"end":{"line":58,"column":30}},"loc":{"start":{"line":58,"column":38},"end":{"line":61,"column":3}},"line":58},"5":{"name":"(anonymous_5)","decl":{"start":{"line":63,"column":35},"end":{"line":63,"column":36}},"loc":{"start":{"line":63,"column":50},"end":{"line":74,"column":3}},"line":63}},"branchMap":{"0":{"loc":{"start":{"line":19,"column":8},"end":{"line":22,"column":9}},"type":"if","locations":[{"start":{"line":19,"column":8},"end":{"line":22,"column":9}},{"start":{},"end":{}}],"line":19},"1":{"loc":{"start":{"line":31,"column":8},"end":{"line":35,"column":9}},"type":"if","locations":[{"start":{"line":31,"column":8},"end":{"line":35,"column":9}},{"start":{"line":33,"column":15},"end":{"line":35,"column":9}}],"line":31},"2":{"loc":{"start":{"line":41,"column":8},"end":{"line":45,"column":9}},"type":"if","locations":[{"start":{"line":41,"column":8},"end":{"line":45,"column":9}},{"start":{"line":43,"column":15},"end":{"line":45,"column":9}}],"line":41},"3":{"loc":{"start":{"line":60,"column":11},"end":{"line":60,"column":45}},"type":"binary-expr","locations":[{"start":{"line":60,"column":11},"end":{"line":60,"column":32}},{"start":{"line":60,"column":36},"end":{"line":60,"column":45}}],"line":60},"4":{"loc":{"start":{"line":73,"column":11},"end":{"line":73,"column":51}},"type":"binary-expr","locations":[{"start":{"line":73,"column":11},"end":{"line":73,"column":38}},{"start":{"line":73,"column":42},"end":{"line":73,"column":51}}],"line":73},"5":{"loc":{"start":{"line":76,"column":2},"end":{"line":115,"column":3}},"type":"if","locations":[{"start":{"line":76,"column":2},"end":{"line":115,"column":3}},{"start":{"line":108,"column":9},"end":{"line":115,"column":3}}],"line":76},"6":{"loc":{"start":{"line":98,"column":9},"end":{"line":105,"column":9}},"type":"binary-expr","locations":[{"start":{"line":98,"column":9},"end":{"line":98,"column":23}},{"start":{"line":99,"column":10},"end":{"line":104,"column":17}}],"line":98},"7":{"loc":{"start":{"line":112,"column":9},"end":{"line":112,"column":82}},"type":"binary-expr","locations":[{"start":{"line":112,"column":9},"end":{"line":112,"column":22}},{"start":{"line":112,"column":26},"end":{"line":112,"column":82}}],"line":112}},"s":{"0":0,"1":0,"2":0,"3":0,"4":0,"5":0,"6":0,"7":0,"8":0,"9":0,"10":0,"11":0,"12":0,"13":0,"14":0,"15":0,"16":0,"17":0,"18":0,"19":0,"20":0,"21":0,"22":0,"23":0,"24":0,"25":0,"26":0,"27":0,"28":0,"29":0,"30":0,"31":0,"32":0,"33":0,"34":0,"35":0,"36":0,"37":0,"38":0,"39":0,"40":0,"41":0,"42":0,"43":0},"f":{"0":0,"1":0,"2":0,"3":0,"4":0,"5":0},"b":{"0":[0,0],"1":[0,0],"2":[0,0],"3":[0,0],"4":[0,0],"5":[0,0],"6":[0,0],"7":[0,0]}}
}
