TN:
SF:screens\CalendarScreen.js
FN:12,(anonymous_0)
FN:32,(anonymous_1)
FN:47,(anonymous_2)
FN:54,(anonymous_3)
FN:66,(anonymous_4)
FN:82,(anonymous_5)
FN:83,(anonymous_6)
FN:100,(anonymous_7)
FN:107,(anonymous_8)
FN:108,(anonymous_9)
FN:109,(anonymous_10)
FN:113,(anonymous_11)
FN:118,(anonymous_12)
FN:139,(anonymous_13)
FN:150,(anonymous_14)
FN:154,(anonymous_15)
FN:154,(anonymous_16)
FN:183,(anonymous_17)
FN:193,(anonymous_18)
FN:194,(anonymous_19)
FN:196,(anonymous_20)
FN:228,(anonymous_21)
FN:230,(anonymous_22)
FN:246,(anonymous_23)
FN:247,(anonymous_24)
FN:267,(anonymous_25)
FN:269,(anonymous_26)
FN:285,(anonymous_27)
FN:286,(anonymous_28)
FN:324,(anonymous_29)
FN:338,(anonymous_30)
FN:352,(anonymous_31)
FN:361,(anonymous_32)
FN:372,(anonymous_33)
FNF:34
FNH:0
FNDA:0,(anonymous_0)
FNDA:0,(anonymous_1)
FNDA:0,(anonymous_2)
FNDA:0,(anonymous_3)
FNDA:0,(anonymous_4)
FNDA:0,(anonymous_5)
FNDA:0,(anonymous_6)
FNDA:0,(anonymous_7)
FNDA:0,(anonymous_8)
FNDA:0,(anonymous_9)
FNDA:0,(anonymous_10)
FNDA:0,(anonymous_11)
FNDA:0,(anonymous_12)
FNDA:0,(anonymous_13)
FNDA:0,(anonymous_14)
FNDA:0,(anonymous_15)
FNDA:0,(anonymous_16)
FNDA:0,(anonymous_17)
FNDA:0,(anonymous_18)
FNDA:0,(anonymous_19)
FNDA:0,(anonymous_20)
FNDA:0,(anonymous_21)
FNDA:0,(anonymous_22)
FNDA:0,(anonymous_23)
FNDA:0,(anonymous_24)
FNDA:0,(anonymous_25)
FNDA:0,(anonymous_26)
FNDA:0,(anonymous_27)
FNDA:0,(anonymous_28)
FNDA:0,(anonymous_29)
FNDA:0,(anonymous_30)
FNDA:0,(anonymous_31)
FNDA:0,(anonymous_32)
FNDA:0,(anonymous_33)
DA:12,0
DA:13,0
DA:14,0
DA:15,0
DA:16,0
DA:17,0
DA:18,0
DA:19,0
DA:20,0
DA:21,0
DA:22,0
DA:23,0
DA:24,0
DA:25,0
DA:26,0
DA:27,0
DA:28,0
DA:29,0
DA:30,0
DA:32,0
DA:33,0
DA:34,0
DA:35,0
DA:36,0
DA:37,0
DA:40,0
DA:41,0
DA:44,0
DA:47,0
DA:48,0
DA:49,0
DA:50,0
DA:54,0
DA:55,0
DA:56,0
DA:57,0
DA:61,0
DA:62,0
DA:65,0
DA:66,0
DA:67,0
DA:68,0
DA:71,0
DA:75,0
DA:77,0
DA:78,0
DA:82,0
DA:83,0
DA:84,0
DA:85,0
DA:86,0
DA:87,0
DA:88,0
DA:90,0
DA:92,0
DA:96,0
DA:99,0
DA:101,0
DA:102,0
DA:107,0
DA:108,0
DA:109,0
DA:110,0
DA:113,0
DA:114,0
DA:115,0
DA:118,0
DA:119,0
DA:120,0
DA:121,0
DA:129,0
DA:130,0
DA:131,0
DA:133,0
DA:134,0
DA:139,0
DA:140,0
DA:151,0
DA:152,0
DA:153,0
DA:154,0
DA:155,0
DA:157,0
DA:158,0
DA:167,0
DA:168,0
DA:175,0
DA:176,0
DA:183,0
DA:184,0
DA:185,0
DA:186,0
DA:187,0
DA:189,0
DA:193,0
DA:194,0
DA:196,0
DA:198,0
DA:201,0
DA:228,0
DA:232,0
DA:246,0
DA:248,0
DA:249,0
DA:250,0
DA:251,0
DA:252,0
DA:253,0
DA:254,0
DA:255,0
DA:267,0
DA:271,0
DA:285,0
DA:287,0
DA:288,0
DA:289,0
DA:290,0
DA:291,0
DA:292,0
DA:293,0
DA:294,0
DA:324,0
DA:338,0
DA:352,0
DA:362,0
DA:363,0
DA:372,0
DA:382,0
LF:128
LH:0
BRDA:35,0,0,0
BRDA:35,0,1,0
BRDA:67,1,0,0
BRDA:67,1,1,0
BRDA:68,2,0,0
BRDA:68,2,1,0
BRDA:101,3,0,0
BRDA:101,3,1,0
BRDA:119,4,0,0
BRDA:119,4,1,0
BRDA:167,5,0,0
BRDA:167,5,1,0
BRDA:175,6,0,0
BRDA:175,6,1,0
BRDA:184,7,0,0
BRDA:184,7,1,0
BRDA:184,8,0,0
BRDA:184,8,1,0
BRDA:186,9,0,0
BRDA:186,9,1,0
BRDA:186,10,0,0
BRDA:186,10,1,0
BRDA:202,11,0,0
BRDA:202,11,1,0
BRDA:209,12,0,0
BRDA:209,12,1,0
BRDA:210,13,0,0
BRDA:210,13,1,0
BRDA:211,14,0,0
BRDA:211,14,1,0
BRDA:212,15,0,0
BRDA:212,15,1,0
BRDA:213,16,0,0
BRDA:213,16,1,0
BRDA:214,17,0,0
BRDA:214,17,1,0
BRDA:215,18,0,0
BRDA:215,18,1,0
BRDA:216,19,0,0
BRDA:216,19,1,0
BRDA:217,20,0,0
BRDA:217,20,1,0
BRDA:218,21,0,0
BRDA:218,21,1,0
BRDA:219,22,0,0
BRDA:219,22,1,0
BRDA:220,23,0,0
BRDA:220,23,1,0
BRDA:224,24,0,0
BRDA:224,24,1,0
BRDA:232,25,0,0
BRDA:232,25,1,0
BRDA:241,26,0,0
BRDA:241,26,1,0
BRDA:263,27,0,0
BRDA:263,27,1,0
BRDA:271,28,0,0
BRDA:271,28,1,0
BRDA:280,29,0,0
BRDA:280,29,1,0
BRDA:307,30,0,0
BRDA:307,30,1,0
BRDA:308,31,0,0
BRDA:308,31,1,0
BRDA:310,32,0,0
BRDA:310,32,1,0
BRDA:316,33,0,0
BRDA:316,33,1,0
BRDA:323,34,0,0
BRDA:323,34,1,0
BRDA:325,35,0,0
BRDA:325,35,1,0
BRDA:330,36,0,0
BRDA:330,36,1,0
BRDA:337,37,0,0
BRDA:337,37,1,0
BRDA:345,38,0,0
BRDA:345,38,1,0
BRDA:353,39,0,0
BRDA:353,39,1,0
BRDA:355,40,0,0
BRDA:355,40,1,0
BRDA:360,41,0,0
BRDA:360,41,1,0
BRDA:363,42,0,0
BRDA:363,42,1,0
BRDA:366,43,0,0
BRDA:366,43,1,0
BRF:88
BRH:0
end_of_record
TN:
SF:screens\EditUserProfileScreen.js
FN:8,(anonymous_0)
FN:15,(anonymous_1)
FN:16,(anonymous_2)
FN:34,(anonymous_3)
FN:48,(anonymous_4)
FNF:5
FNH:0
FNDA:0,(anonymous_0)
FNDA:0,(anonymous_1)
FNDA:0,(anonymous_2)
FNDA:0,(anonymous_3)
FNDA:0,(anonymous_4)
DA:8,0
DA:9,0
DA:10,0
DA:11,0
DA:12,0
DA:13,0
DA:15,0
DA:16,0
DA:17,0
DA:18,0
DA:19,0
DA:20,0
DA:21,0
DA:23,0
DA:24,0
DA:27,0
DA:31,0
DA:34,0
DA:35,0
DA:36,0
DA:37,0
DA:38,0
DA:39,0
DA:41,0
DA:44,0
DA:48,0
DA:49,0
DA:50,0
DA:51,0
DA:52,0
DA:55,0
DA:56,0
DA:62,0
DA:63,0
DA:64,0
DA:65,0
DA:68,0
DA:69,0
DA:72,0
DA:73,0
DA:75,0
DA:79,0
DA:106,0
LF:43
LH:0
BRDA:19,0,0,0
BRDA:19,0,1,0
BRDA:37,1,0,0
BRDA:37,1,1,0
BRDA:49,2,0,0
BRDA:49,2,1,0
BRDA:49,3,0,0
BRDA:49,3,1,0
BRDA:62,4,0,0
BRDA:62,4,1,0
BRDA:68,5,0,0
BRDA:68,5,1,0
BRDA:75,6,0,0
BRDA:75,6,1,0
BRDA:101,7,0,0
BRDA:101,7,1,0
BRF:16
BRH:0
end_of_record
TN:
SF:screens\HomeScreen.js
FN:13,(anonymous_0)
FN:28,(anonymous_1)
FN:39,(anonymous_2)
FN:50,(anonymous_3)
FN:51,(anonymous_4)
FN:73,(anonymous_5)
FN:79,(anonymous_6)
FN:87,(anonymous_7)
FN:92,(anonymous_8)
FN:107,(anonymous_9)
FN:114,(anonymous_10)
FN:125,(anonymous_11)
FN:135,(anonymous_12)
FN:192,(anonymous_13)
FN:204,(anonymous_14)
FN:209,(anonymous_15)
FN:214,(anonymous_16)
FN:218,(anonymous_17)
FN:222,(anonymous_18)
FN:228,(anonymous_19)
FN:233,(anonymous_20)
FN:234,(anonymous_21)
FN:244,(anonymous_22)
FN:248,(anonymous_23)
FN:248,(anonymous_24)
FN:264,(anonymous_25)
FN:265,(anonymous_26)
FN:304,(anonymous_27)
FN:308,(anonymous_28)
FN:309,(anonymous_29)
FN:310,(anonymous_30)
FN:320,(anonymous_31)
FN:324,(anonymous_32)
FN:325,(anonymous_33)
FN:326,(anonymous_34)
FN:335,(anonymous_35)
FN:339,(anonymous_36)
FN:348,(anonymous_37)
FNF:38
FNH:0
FNDA:0,(anonymous_0)
FNDA:0,(anonymous_1)
FNDA:0,(anonymous_2)
FNDA:0,(anonymous_3)
FNDA:0,(anonymous_4)
FNDA:0,(anonymous_5)
FNDA:0,(anonymous_6)
FNDA:0,(anonymous_7)
FNDA:0,(anonymous_8)
FNDA:0,(anonymous_9)
FNDA:0,(anonymous_10)
FNDA:0,(anonymous_11)
FNDA:0,(anonymous_12)
FNDA:0,(anonymous_13)
FNDA:0,(anonymous_14)
FNDA:0,(anonymous_15)
FNDA:0,(anonymous_16)
FNDA:0,(anonymous_17)
FNDA:0,(anonymous_18)
FNDA:0,(anonymous_19)
FNDA:0,(anonymous_20)
FNDA:0,(anonymous_21)
FNDA:0,(anonymous_22)
FNDA:0,(anonymous_23)
FNDA:0,(anonymous_24)
FNDA:0,(anonymous_25)
FNDA:0,(anonymous_26)
FNDA:0,(anonymous_27)
FNDA:0,(anonymous_28)
FNDA:0,(anonymous_29)
FNDA:0,(anonymous_30)
FNDA:0,(anonymous_31)
FNDA:0,(anonymous_32)
FNDA:0,(anonymous_33)
FNDA:0,(anonymous_34)
FNDA:0,(anonymous_35)
FNDA:0,(anonymous_36)
FNDA:0,(anonymous_37)
DA:13,0
DA:14,0
DA:16,0
DA:17,0
DA:18,0
DA:19,0
DA:20,0
DA:21,0
DA:22,0
DA:23,0
DA:24,0
DA:25,0
DA:26,0
DA:28,0
DA:29,0
DA:30,0
DA:31,0
DA:32,0
DA:35,0
DA:39,0
DA:40,0
DA:41,0
DA:42,0
DA:43,0
DA:46,0
DA:50,0
DA:51,0
DA:52,0
DA:53,0
DA:55,0
DA:56,0
DA:57,0
DA:58,0
DA:73,0
DA:74,0
DA:79,0
DA:80,0
DA:86,0
DA:87,0
DA:91,0
DA:92,0
DA:96,0
DA:97,0
DA:98,0
DA:99,0
DA:102,0
DA:104,0
DA:105,0
DA:107,0
DA:108,0
DA:109,0
DA:111,0
DA:114,0
DA:115,0
DA:116,0
DA:122,0
DA:123,0
DA:124,0
DA:125,0
DA:126,0
DA:127,0
DA:128,0
DA:132,0
DA:135,0
DA:136,0
DA:140,0
DA:142,0
DA:143,0
DA:144,0
DA:147,0
DA:148,0
DA:149,0
DA:150,0
DA:151,0
DA:152,0
DA:155,0
DA:156,0
DA:157,0
DA:158,0
DA:159,0
DA:162,0
DA:163,0
DA:164,0
DA:167,0
DA:168,0
DA:169,0
DA:172,0
DA:173,0
DA:174,0
DA:177,0
DA:178,0
DA:179,0
DA:182,0
DA:183,0
DA:186,0
DA:187,0
DA:189,0
DA:192,0
DA:193,0
DA:194,0
DA:195,0
DA:196,0
DA:197,0
DA:199,0
DA:200,0
DA:204,0
DA:205,0
DA:206,0
DA:209,0
DA:210,0
DA:211,0
DA:214,0
DA:215,0
DA:218,0
DA:219,0
DA:222,0
DA:223,0
DA:224,0
DA:225,0
DA:228,0
DA:229,0
DA:230,0
DA:233,0
DA:234,0
DA:244,0
DA:248,0
DA:250,0
DA:264,0
DA:265,0
DA:305,0
DA:309,0
DA:310,0
DA:321,0
DA:325,0
DA:326,0
DA:336,0
DA:339,0
DA:348,0
DA:366,0
LF:139
LH:0
BRDA:56,0,0,0
BRDA:56,0,1,0
BRDA:86,1,0,0
BRDA:86,1,1,0
BRDA:91,2,0,0
BRDA:91,2,1,0
BRDA:96,3,0,0
BRDA:96,3,1,0
BRDA:104,4,0,0
BRDA:104,4,1,0
BRDA:116,5,0,0
BRDA:116,5,1,0
BRDA:122,6,0,0
BRDA:122,6,1,0
BRDA:128,7,0,0
BRDA:128,7,1,0
BRDA:140,8,0,0
BRDA:140,8,1,0
BRDA:140,8,2,0
BRDA:140,8,3,0
BRDA:140,8,4,0
BRDA:140,8,5,0
BRDA:140,8,6,0
BRDA:140,8,7,0
BRDA:148,9,0,0
BRDA:148,9,1,0
BRDA:234,10,0,0
BRDA:234,10,1,0
BRDA:237,11,0,0
BRDA:237,11,1,0
BRDA:251,12,0,0
BRDA:251,12,1,0
BRDA:256,13,0,0
BRDA:256,13,1,0
BRDA:257,14,0,0
BRDA:257,14,1,0
BRDA:268,15,0,0
BRDA:268,15,1,0
BRDA:280,16,0,0
BRDA:280,16,1,0
BRDA:297,17,0,0
BRDA:297,17,1,0
BRDA:300,18,0,0
BRDA:300,18,1,0
BRDA:310,19,0,0
BRDA:310,19,1,0
BRDA:326,20,0,0
BRDA:326,20,1,0
BRDA:339,21,0,0
BRDA:339,21,1,0
BRF:50
BRH:0
end_of_record
TN:
SF:screens\LoginScreen.js
FN:8,(anonymous_0)
FN:14,(anonymous_1)
FNF:2
FNH:0
FNDA:0,(anonymous_0)
FNDA:0,(anonymous_1)
DA:8,0
DA:9,0
DA:10,0
DA:11,0
DA:12,0
DA:14,0
DA:15,0
DA:16,0
DA:21,0
DA:23,0
DA:25,0
DA:26,0
DA:27,0
DA:28,0
DA:29,0
DA:30,0
DA:37,0
DA:40,0
DA:41,0
DA:42,0
DA:46,0
DA:71,0
LF:22
LH:0
BRDA:23,0,0,0
BRDA:23,0,1,0
BRDA:40,1,0,0
BRDA:40,1,1,0
BRDA:47,2,0,0
BRDA:47,2,1,0
BRDA:51,3,0,0
BRDA:51,3,1,0
BRDA:58,4,0,0
BRDA:58,4,1,0
BRDA:66,5,0,0
BRDA:66,5,1,0
BRF:12
BRH:0
end_of_record
TN:
SF:screens\LogoutScreen.js
FN:7,(anonymous_0)
FN:9,(anonymous_1)
FNF:2
FNH:0
FNDA:0,(anonymous_0)
FNDA:0,(anonymous_1)
DA:7,0
DA:8,0
DA:9,0
DA:10,0
DA:11,0
DA:12,0
DA:13,0
DA:14,0
DA:16,0
DA:17,0
DA:21,0
DA:28,0
LF:12
LH:0
BRDA:22,0,0,0
BRDA:22,0,1,0
BRF:2
BRH:0
end_of_record
TN:
SF:screens\NewTaskScreen.js
FN:13,(anonymous_0)
FN:49,(anonymous_1)
FN:50,(anonymous_2)
FN:66,(anonymous_3)
FN:68,(anonymous_4)
FN:83,(anonymous_5)
FN:97,(anonymous_6)
FN:117,(anonymous_7)
FN:126,(anonymous_8)
FN:136,(anonymous_9)
FN:146,(anonymous_10)
FN:161,(anonymous_11)
FN:165,(anonymous_12)
FN:172,(anonymous_13)
FN:194,(anonymous_14)
FN:223,(anonymous_15)
FN:234,(anonymous_16)
FN:261,(anonymous_17)
FN:291,(anonymous_18)
FN:297,(anonymous_19)
FN:298,(anonymous_20)
FN:299,(anonymous_21)
FN:300,(anonymous_22)
FN:318,(anonymous_23)
FN:350,(anonymous_24)
FN:375,(anonymous_25)
FN:379,(anonymous_26)
FN:380,(anonymous_27)
FN:382,(anonymous_28)
FN:389,(anonymous_29)
FN:394,(anonymous_30)
FN:439,(anonymous_31)
FN:440,(anonymous_32)
FN:441,(anonymous_33)
FN:452,(anonymous_34)
FN:456,(anonymous_35)
FN:501,(anonymous_36)
FN:504,(anonymous_37)
FN:516,(anonymous_38)
FN:518,(anonymous_39)
FN:535,(anonymous_40)
FN:539,(anonymous_41)
FNF:42
FNH:8
FNDA:28,(anonymous_0)
FNDA:5,(anonymous_1)
FNDA:5,(anonymous_2)
FNDA:11,(anonymous_3)
FNDA:11,(anonymous_4)
FNDA:11,(anonymous_5)
FNDA:11,(anonymous_6)
FNDA:27,(anonymous_7)
FNDA:0,(anonymous_8)
FNDA:0,(anonymous_9)
FNDA:0,(anonymous_10)
FNDA:0,(anonymous_11)
FNDA:0,(anonymous_12)
FNDA:0,(anonymous_13)
FNDA:0,(anonymous_14)
FNDA:0,(anonymous_15)
FNDA:0,(anonymous_16)
FNDA:0,(anonymous_17)
FNDA:0,(anonymous_18)
FNDA:0,(anonymous_19)
FNDA:0,(anonymous_20)
FNDA:0,(anonymous_21)
FNDA:0,(anonymous_22)
FNDA:0,(anonymous_23)
FNDA:0,(anonymous_24)
FNDA:0,(anonymous_25)
FNDA:0,(anonymous_26)
FNDA:0,(anonymous_27)
FNDA:0,(anonymous_28)
FNDA:0,(anonymous_29)
FNDA:0,(anonymous_30)
FNDA:0,(anonymous_31)
FNDA:0,(anonymous_32)
FNDA:0,(anonymous_33)
FNDA:0,(anonymous_34)
FNDA:0,(anonymous_35)
FNDA:0,(anonymous_36)
FNDA:0,(anonymous_37)
FNDA:0,(anonymous_38)
FNDA:0,(anonymous_39)
FNDA:0,(anonymous_40)
FNDA:0,(anonymous_41)
DA:13,1
DA:15,28
DA:16,27
DA:17,27
DA:18,27
DA:19,27
DA:20,27
DA:21,27
DA:22,27
DA:23,27
DA:24,27
DA:25,27
DA:26,27
DA:27,27
DA:28,27
DA:29,27
DA:30,27
DA:31,27
DA:32,27
DA:33,27
DA:34,27
DA:36,27
DA:37,27
DA:38,27
DA:39,27
DA:40,27
DA:41,27
DA:42,27
DA:43,27
DA:45,27
DA:46,27
DA:49,27
DA:50,5
DA:51,5
DA:52,5
DA:53,5
DA:54,5
DA:55,2
DA:57,3
DA:59,5
DA:63,5
DA:66,27
DA:68,11
DA:69,11
DA:70,11
DA:71,10
DA:72,5
DA:74,0
DA:75,0
DA:78,6
DA:79,6
DA:83,11
DA:84,11
DA:85,11
DA:86,10
DA:87,4
DA:89,0
DA:90,0
DA:93,7
DA:94,7
DA:97,11
DA:98,11
DA:99,11
DA:100,11
DA:101,11
DA:102,11
DA:104,0
DA:107,0
DA:111,11
DA:112,11
DA:113,11
DA:116,27
DA:118,27
DA:119,3
DA:120,0
DA:121,0
DA:126,24
DA:127,0
DA:128,0
DA:129,0
DA:130,0
DA:132,0
DA:136,24
DA:137,0
DA:138,0
DA:139,0
DA:140,0
DA:142,0
DA:146,24
DA:147,0
DA:148,0
DA:149,0
DA:150,0
DA:151,0
DA:152,0
DA:155,0
DA:157,0
DA:161,24
DA:162,0
DA:165,24
DA:166,0
DA:167,0
DA:168,0
DA:172,24
DA:173,0
DA:175,0
DA:178,0
DA:181,0
DA:184,0
DA:187,0
DA:190,0
DA:194,24
DA:195,0
DA:197,0
DA:200,0
DA:203,0
DA:206,0
DA:209,0
DA:212,0
DA:216,0
DA:219,0
DA:223,24
DA:225,0
DA:234,24
DA:235,0
DA:236,0
DA:237,0
DA:238,0
DA:239,0
DA:240,0
DA:241,0
DA:242,0
DA:243,0
DA:244,0
DA:246,0
DA:247,0
DA:248,0
DA:249,0
DA:250,0
DA:251,0
DA:252,0
DA:253,0
DA:256,0
DA:257,0
DA:261,24
DA:262,0
DA:264,0
DA:265,0
DA:270,0
DA:279,0
DA:280,0
DA:281,0
DA:282,0
DA:283,0
DA:284,0
DA:285,0
DA:287,0
DA:291,24
DA:292,0
DA:293,0
DA:294,0
DA:295,0
DA:297,0
DA:298,0
DA:299,0
DA:300,0
DA:302,0
DA:303,0
DA:304,0
DA:305,0
DA:308,0
DA:311,0
DA:312,0
DA:313,0
DA:314,0
DA:318,24
DA:321,0
DA:326,0
DA:328,0
DA:330,0
DA:332,0
DA:333,0
DA:334,0
DA:337,0
DA:338,0
DA:339,0
DA:340,0
DA:344,0
DA:345,0
DA:350,24
DA:351,0
DA:352,0
DA:353,0
DA:354,0
DA:357,0
DA:358,0
DA:359,0
DA:360,0
DA:363,0
DA:364,0
DA:365,0
DA:366,0
DA:369,0
DA:370,0
DA:371,0
DA:372,0
DA:375,24
DA:376,0
DA:379,24
DA:380,0
DA:381,0
DA:382,0
DA:384,0
DA:389,24
DA:390,0
DA:394,0
DA:400,24
DA:401,19
DA:408,5
DA:409,2
DA:416,3
DA:439,0
DA:441,0
DA:453,0
DA:456,0
DA:501,0
DA:505,0
DA:516,0
DA:519,0
DA:536,0
DA:540,0
DA:541,0
DA:571,1
LF:233
LH:90
BRDA:71,0,0,5
BRDA:71,0,1,0
BRDA:86,1,0,4
BRDA:86,1,1,0
BRDA:100,2,0,11
BRDA:100,2,1,0
BRDA:118,3,0,3
BRDA:118,3,1,24
BRDA:149,4,0,0
BRDA:149,4,1,0
BRDA:167,5,0,0
BRDA:167,5,1,0
BRDA:240,6,0,0
BRDA:240,6,1,0
BRDA:243,7,0,0
BRDA:243,7,1,0
BRDA:293,8,0,0
BRDA:293,8,1,0
BRDA:326,9,0,0
BRDA:326,9,1,0
BRDA:330,10,0,0
BRDA:330,10,1,0
BRDA:381,11,0,0
BRDA:381,11,1,0
BRDA:400,12,0,19
BRDA:400,12,1,5
BRDA:408,13,0,2
BRDA:408,13,1,3
BRDA:423,14,0,0
BRDA:423,14,1,3
BRDA:427,15,0,3
BRDA:427,15,1,0
BRDA:435,16,0,3
BRDA:435,16,1,0
BRDA:548,17,0,3
BRDA:548,17,1,0
BRDA:550,18,0,0
BRDA:550,18,1,0
BRDA:555,19,0,3
BRDA:555,19,1,0
BRDA:561,20,0,0
BRDA:561,20,1,3
BRF:42
BRH:15
end_of_record
TN:
SF:screens\NotesScreen.js
FN:11,(anonymous_0)
FN:21,(anonymous_1)
FN:22,(anonymous_2)
FN:31,(anonymous_3)
FN:38,(anonymous_4)
FN:41,(anonymous_5)
FN:57,(anonymous_6)
FN:86,(anonymous_7)
FN:110,(anonymous_8)
FN:130,(anonymous_9)
FN:133,(anonymous_10)
FN:139,(anonymous_11)
FN:146,(anonymous_12)
FN:153,(anonymous_13)
FN:154,(anonymous_14)
FN:162,(anonymous_15)
FN:165,(anonymous_16)
FN:172,(anonymous_17)
FN:177,(anonymous_18)
FN:213,(anonymous_19)
FNF:20
FNH:0
FNDA:0,(anonymous_0)
FNDA:0,(anonymous_1)
FNDA:0,(anonymous_2)
FNDA:0,(anonymous_3)
FNDA:0,(anonymous_4)
FNDA:0,(anonymous_5)
FNDA:0,(anonymous_6)
FNDA:0,(anonymous_7)
FNDA:0,(anonymous_8)
FNDA:0,(anonymous_9)
FNDA:0,(anonymous_10)
FNDA:0,(anonymous_11)
FNDA:0,(anonymous_12)
FNDA:0,(anonymous_13)
FNDA:0,(anonymous_14)
FNDA:0,(anonymous_15)
FNDA:0,(anonymous_16)
FNDA:0,(anonymous_17)
FNDA:0,(anonymous_18)
FNDA:0,(anonymous_19)
DA:11,0
DA:12,0
DA:13,0
DA:14,0
DA:15,0
DA:16,0
DA:17,0
DA:18,0
DA:19,0
DA:21,0
DA:22,0
DA:23,0
DA:24,0
DA:25,0
DA:27,0
DA:30,0
DA:32,0
DA:33,0
DA:38,0
DA:39,0
DA:40,0
DA:41,0
DA:42,0
DA:43,0
DA:44,0
DA:45,0
DA:46,0
DA:49,0
DA:51,0
DA:53,0
DA:57,0
DA:58,0
DA:59,0
DA:60,0
DA:62,0
DA:63,0
DA:65,0
DA:66,0
DA:67,0
DA:68,0
DA:69,0
DA:75,0
DA:79,0
DA:81,0
DA:82,0
DA:86,0
DA:87,0
DA:91,0
DA:92,0
DA:95,0
DA:100,0
DA:103,0
DA:104,0
DA:106,0
DA:110,0
DA:111,0
DA:112,0
DA:113,0
DA:114,0
DA:117,0
DA:123,0
DA:124,0
DA:127,0
DA:130,0
DA:131,0
DA:132,0
DA:133,0
DA:135,0
DA:139,0
DA:140,0
DA:141,0
DA:142,0
DA:143,0
DA:146,0
DA:147,0
DA:148,0
DA:149,0
DA:150,0
DA:153,0
DA:154,0
DA:162,0
DA:165,0
DA:172,0
DA:173,0
DA:174,0
DA:177,0
DA:178,0
DA:179,0
DA:182,0
DA:213,0
DA:244,0
LF:91
LH:0
BRDA:32,0,0,0
BRDA:32,0,1,0
BRDA:42,1,0,0
BRDA:42,1,1,0
BRDA:45,2,0,0
BRDA:45,2,1,0
BRDA:58,3,0,0
BRDA:58,3,1,0
BRDA:65,4,0,0
BRDA:65,4,1,0
BRDA:66,5,0,0
BRDA:66,5,1,0
BRDA:68,6,0,0
BRDA:68,6,1,0
BRDA:79,7,0,0
BRDA:79,7,1,0
BRDA:87,8,0,0
BRDA:87,8,1,0
BRDA:112,9,0,0
BRDA:112,9,1,0
BRDA:123,10,0,0
BRDA:123,10,1,0
BRDA:141,11,0,0
BRDA:141,11,1,0
BRDA:157,12,0,0
BRDA:157,12,1,0
BRDA:191,13,0,0
BRDA:191,13,1,0
BRDA:196,14,0,0
BRDA:196,14,1,0
BRDA:208,15,0,0
BRDA:208,15,1,0
BRDA:228,16,0,0
BRDA:228,16,1,0
BRF:34
BRH:0
end_of_record
TN:
SF:screens\PeopleScreen.js
FN:11,(anonymous_0)
FN:41,(anonymous_1)
FN:42,(anonymous_2)
FN:58,(anonymous_3)
FN:75,(anonymous_4)
FN:85,(anonymous_5)
FN:89,(anonymous_6)
FN:90,(anonymous_7)
FN:91,(anonymous_8)
FN:92,(anonymous_9)
FN:111,(anonymous_10)
FN:126,(anonymous_11)
FN:131,(anonymous_12)
FN:143,(anonymous_13)
FN:151,(anonymous_14)
FN:169,(anonymous_15)
FN:175,(anonymous_16)
FN:176,(anonymous_17)
FN:177,(anonymous_18)
FN:178,(anonymous_19)
FN:196,(anonymous_20)
FN:226,(anonymous_21)
FN:251,(anonymous_22)
FN:252,(anonymous_23)
FN:254,(anonymous_24)
FN:261,(anonymous_25)
FN:266,(anonymous_26)
FN:302,(anonymous_27)
FN:303,(anonymous_28)
FN:304,(anonymous_29)
FN:313,(anonymous_30)
FN:318,(anonymous_31)
FN:322,(anonymous_32)
FN:330,(anonymous_33)
FN:336,(anonymous_34)
FN:348,(anonymous_35)
FN:357,(anonymous_36)
FN:364,(anonymous_37)
FNF:38
FNH:0
FNDA:0,(anonymous_0)
FNDA:0,(anonymous_1)
FNDA:0,(anonymous_2)
FNDA:0,(anonymous_3)
FNDA:0,(anonymous_4)
FNDA:0,(anonymous_5)
FNDA:0,(anonymous_6)
FNDA:0,(anonymous_7)
FNDA:0,(anonymous_8)
FNDA:0,(anonymous_9)
FNDA:0,(anonymous_10)
FNDA:0,(anonymous_11)
FNDA:0,(anonymous_12)
FNDA:0,(anonymous_13)
FNDA:0,(anonymous_14)
FNDA:0,(anonymous_15)
FNDA:0,(anonymous_16)
FNDA:0,(anonymous_17)
FNDA:0,(anonymous_18)
FNDA:0,(anonymous_19)
FNDA:0,(anonymous_20)
FNDA:0,(anonymous_21)
FNDA:0,(anonymous_22)
FNDA:0,(anonymous_23)
FNDA:0,(anonymous_24)
FNDA:0,(anonymous_25)
FNDA:0,(anonymous_26)
FNDA:0,(anonymous_27)
FNDA:0,(anonymous_28)
FNDA:0,(anonymous_29)
FNDA:0,(anonymous_30)
FNDA:0,(anonymous_31)
FNDA:0,(anonymous_32)
FNDA:0,(anonymous_33)
FNDA:0,(anonymous_34)
FNDA:0,(anonymous_35)
FNDA:0,(anonymous_36)
FNDA:0,(anonymous_37)
DA:11,0
DA:12,0
DA:14,0
DA:16,0
DA:17,0
DA:18,0
DA:19,0
DA:21,0
DA:22,0
DA:23,0
DA:24,0
DA:25,0
DA:27,0
DA:28,0
DA:29,0
DA:30,0
DA:32,0
DA:33,0
DA:34,0
DA:35,0
DA:37,0
DA:38,0
DA:39,0
DA:41,0
DA:42,0
DA:43,0
DA:44,0
DA:45,0
DA:46,0
DA:47,0
DA:49,0
DA:51,0
DA:55,0
DA:57,0
DA:59,0
DA:60,0
DA:61,0
DA:62,0
DA:75,0
DA:76,0
DA:77,0
DA:78,0
DA:79,0
DA:81,0
DA:85,0
DA:86,0
DA:87,0
DA:88,0
DA:89,0
DA:90,0
DA:91,0
DA:92,0
DA:94,0
DA:95,0
DA:96,0
DA:97,0
DA:104,0
DA:105,0
DA:107,0
DA:111,0
DA:112,0
DA:113,0
DA:114,0
DA:115,0
DA:116,0
DA:117,0
DA:120,0
DA:122,0
DA:126,0
DA:127,0
DA:128,0
DA:131,0
DA:132,0
DA:133,0
DA:134,0
DA:136,0
DA:137,0
DA:138,0
DA:139,0
DA:140,0
DA:141,0
DA:142,0
DA:144,0
DA:151,0
DA:152,0
DA:153,0
DA:156,0
DA:157,0
DA:158,0
DA:159,0
DA:160,0
DA:161,0
DA:162,0
DA:163,0
DA:165,0
DA:169,0
DA:170,0
DA:171,0
DA:172,0
DA:173,0
DA:175,0
DA:176,0
DA:177,0
DA:178,0
DA:180,0
DA:181,0
DA:182,0
DA:183,0
DA:186,0
DA:189,0
DA:190,0
DA:191,0
DA:192,0
DA:196,0
DA:199,0
DA:202,0
DA:204,0
DA:206,0
DA:208,0
DA:209,0
DA:210,0
DA:213,0
DA:214,0
DA:215,0
DA:216,0
DA:217,0
DA:221,0
DA:222,0
DA:226,0
DA:227,0
DA:228,0
DA:229,0
DA:230,0
DA:233,0
DA:234,0
DA:235,0
DA:236,0
DA:239,0
DA:240,0
DA:241,0
DA:242,0
DA:245,0
DA:246,0
DA:247,0
DA:248,0
DA:251,0
DA:252,0
DA:253,0
DA:254,0
DA:256,0
DA:261,0
DA:262,0
DA:266,0
DA:272,0
DA:273,0
DA:280,0
DA:281,0
DA:288,0
DA:302,0
DA:304,0
DA:314,0
DA:318,0
DA:322,0
DA:331,0
DA:336,0
DA:348,0
DA:357,0
DA:364,0
DA:376,0
LF:169
LH:0
BRDA:59,0,0,0
BRDA:59,0,1,0
BRDA:114,1,0,0
BRDA:114,1,1,0
BRDA:132,2,0,0
BRDA:132,2,1,0
BRDA:132,3,0,0
BRDA:132,3,1,0
BRDA:171,4,0,0
BRDA:171,4,1,0
BRDA:202,5,0,0
BRDA:202,5,1,0
BRDA:202,6,0,0
BRDA:202,6,1,0
BRDA:206,7,0,0
BRDA:206,7,1,0
BRDA:253,8,0,0
BRDA:253,8,1,0
BRDA:272,9,0,0
BRDA:272,9,1,0
BRDA:280,10,0,0
BRDA:280,10,1,0
BRDA:298,11,0,0
BRDA:298,11,1,0
BRDA:343,12,0,0
BRDA:343,12,1,0
BRF:26
BRH:0
end_of_record
TN:
SF:screens\RegisterScreen.js
FN:7,(anonymous_0)
FN:15,(anonymous_1)
FNF:2
FNH:0
FNDA:0,(anonymous_0)
FNDA:0,(anonymous_1)
DA:7,0
DA:8,0
DA:9,0
DA:10,0
DA:11,0
DA:12,0
DA:13,0
DA:15,0
DA:16,0
DA:17,0
DA:24,0
DA:25,0
DA:26,0
DA:27,0
DA:29,0
DA:30,0
DA:33,0
DA:34,0
DA:35,0
DA:39,0
DA:78,0
LF:21
LH:0
BRDA:24,0,0,0
BRDA:24,0,1,0
BRDA:40,1,0,0
BRDA:40,1,1,0
BRDA:44,2,0,0
BRDA:44,2,1,0
BRDA:51,3,0,0
BRDA:51,3,1,0
BRDA:58,4,0,0
BRDA:58,4,1,0
BRDA:65,5,0,0
BRDA:65,5,1,0
BRF:12
BRH:0
end_of_record
TN:
SF:screens\SharedPersonScreen.js
FN:8,(anonymous_0)
FN:13,(anonymous_1)
FN:25,(anonymous_2)
FN:35,(anonymous_3)
FN:43,(anonymous_4)
FN:48,(anonymous_5)
FN:49,(anonymous_6)
FN:51,(anonymous_7)
FN:73,(anonymous_8)
FN:75,(anonymous_9)
FN:76,(anonymous_10)
FN:90,(anonymous_11)
FN:94,(anonymous_12)
FN:126,(anonymous_13)
FNF:14
FNH:0
FNDA:0,(anonymous_0)
FNDA:0,(anonymous_1)
FNDA:0,(anonymous_2)
FNDA:0,(anonymous_3)
FNDA:0,(anonymous_4)
FNDA:0,(anonymous_5)
FNDA:0,(anonymous_6)
FNDA:0,(anonymous_7)
FNDA:0,(anonymous_8)
FNDA:0,(anonymous_9)
FNDA:0,(anonymous_10)
FNDA:0,(anonymous_11)
FNDA:0,(anonymous_12)
FNDA:0,(anonymous_13)
DA:8,0
DA:9,0
DA:10,0
DA:13,0
DA:14,0
DA:15,0
DA:16,0
DA:17,0
DA:19,0
DA:21,0
DA:25,0
DA:26,0
DA:35,0
DA:36,0
DA:44,0
DA:45,0
DA:46,0
DA:48,0
DA:49,0
DA:50,0
DA:51,0
DA:52,0
DA:54,0
DA:58,0
DA:60,0
DA:64,0
DA:73,0
DA:75,0
DA:76,0
DA:78,0
DA:91,0
DA:94,0
DA:114,0
DA:115,0
DA:122,0
DA:126,0
DA:134,0
LF:37
LH:0
BRDA:50,0,0,0
BRDA:50,0,1,0
BRDA:52,1,0,0
BRDA:52,1,1,0
BRDA:87,2,0,0
BRDA:87,2,1,0
BRDA:104,3,0,0
BRDA:104,3,1,0
BRDA:114,4,0,0
BRDA:114,4,1,0
BRF:10
BRH:0
end_of_record
TN:
SF:screens\SplashScreen.js
FN:5,(anonymous_0)
FN:8,(anonymous_1)
FNF:2
FNH:0
FNDA:0,(anonymous_0)
FNDA:0,(anonymous_1)
DA:5,0
DA:6,0
DA:8,0
DA:10,0
DA:17,0
DA:32,0
LF:6
LH:0
BRF:0
BRH:0
end_of_record
TN:
SF:screens\ThemeContext.js
FN:6,(anonymous_0)
FN:9,(anonymous_1)
FN:10,(anonymous_2)
FN:20,(anonymous_3)
FNF:4
FNH:0
FNDA:0,(anonymous_0)
FNDA:0,(anonymous_1)
FNDA:0,(anonymous_2)
FNDA:0,(anonymous_3)
DA:4,0
DA:6,0
DA:7,0
DA:9,0
DA:10,0
DA:13,0
DA:20,0
LF:7
LH:0
BRDA:7,0,0,0
BRDA:7,0,1,0
BRDA:10,1,0,0
BRDA:10,1,1,0
BRF:4
BRH:0
end_of_record
TN:
SF:screens\UserProfileScreen.js
FN:11,(anonymous_0)
FN:20,(anonymous_1)
FN:21,(anonymous_2)
FN:47,(anonymous_3)
FN:55,(anonymous_4)
FN:69,(anonymous_5)
FN:93,(anonymous_6)
FN:141,(anonymous_7)
FN:155,(anonymous_8)
FN:199,(anonymous_9)
FNF:10
FNH:0
FNDA:0,(anonymous_0)
FNDA:0,(anonymous_1)
FNDA:0,(anonymous_2)
FNDA:0,(anonymous_3)
FNDA:0,(anonymous_4)
FNDA:0,(anonymous_5)
FNDA:0,(anonymous_6)
FNDA:0,(anonymous_7)
FNDA:0,(anonymous_8)
FNDA:0,(anonymous_9)
DA:11,0
DA:12,0
DA:13,0
DA:14,0
DA:15,0
DA:16,0
DA:17,0
DA:18,0
DA:20,0
DA:21,0
DA:22,0
DA:23,0
DA:24,0
DA:25,0
DA:27,0
DA:28,0
DA:31,0
DA:35,0
DA:46,0
DA:48,0
DA:49,0
DA:50,0
DA:55,0
DA:56,0
DA:57,0
DA:58,0
DA:59,0
DA:60,0
DA:62,0
DA:66,0
DA:69,0
DA:70,0
DA:71,0
DA:72,0
DA:73,0
DA:74,0
DA:76,0
DA:77,0
DA:78,0
DA:79,0
DA:81,0
DA:82,0
DA:84,0
DA:88,0
DA:93,0
DA:94,0
DA:95,0
DA:96,0
DA:97,0
DA:99,0
DA:105,0
DA:106,0
DA:107,0
DA:108,0
DA:112,0
DA:113,0
DA:115,0
DA:116,0
DA:117,0
DA:121,0
DA:124,0
DA:126,0
DA:128,0
DA:134,0
DA:136,0
DA:137,0
DA:141,0
DA:142,0
DA:143,0
DA:145,0
DA:146,0
DA:147,0
DA:148,0
DA:150,0
DA:151,0
DA:155,0
DA:156,0
DA:157,0
DA:158,0
DA:159,0
DA:160,0
DA:162,0
DA:164,0
DA:167,0
DA:199,0
DA:207,0
LF:86
LH:0
BRDA:24,0,0,0
BRDA:24,0,1,0
BRDA:48,1,0,0
BRDA:48,1,1,0
BRDA:58,2,0,0
BRDA:58,2,1,0
BRDA:72,3,0,0
BRDA:72,3,1,0
BRDA:77,4,0,0
BRDA:77,4,1,0
BRDA:95,5,0,0
BRDA:95,5,1,0
BRDA:106,6,0,0
BRDA:106,6,1,0
BRDA:115,7,0,0
BRDA:115,7,1,0
BRDA:121,8,0,0
BRDA:121,8,1,0
BRDA:142,9,0,0
BRDA:142,9,1,0
BRDA:179,10,0,0
BRDA:179,10,1,0
BRF:22
BRH:0
end_of_record
