TN:
SF:screens/CalendarScreen.js
FN:12,(anonymous_0)
FN:32,(anonymous_1)
FN:47,(anonymous_2)
FN:54,(anonymous_3)
FN:66,(anonymous_4)
FN:82,(anonymous_5)
FN:83,(anonymous_6)
FN:100,(anonymous_7)
FN:107,(anonymous_8)
FN:108,(anonymous_9)
FN:109,(anonymous_10)
FN:113,(anonymous_11)
FN:118,(anonymous_12)
FN:139,(anonymous_13)
FN:150,(anonymous_14)
FN:154,(anonymous_15)
FN:154,(anonymous_16)
FN:183,(anonymous_17)
FN:193,(anonymous_18)
FN:194,(anonymous_19)
FN:196,(anonymous_20)
FN:228,(anonymous_21)
FN:230,(anonymous_22)
FN:246,(anonymous_23)
FN:247,(anonymous_24)
FN:267,(anonymous_25)
FN:269,(anonymous_26)
FN:285,(anonymous_27)
FN:286,(anonymous_28)
FN:324,(anonymous_29)
FN:338,(anonymous_30)
FN:352,(anonymous_31)
FN:361,(anonymous_32)
FN:372,(anonymous_33)
FNF:34
FNH:0
FNDA:0,(anonymous_0)
FNDA:0,(anonymous_1)
FNDA:0,(anonymous_2)
FNDA:0,(anonymous_3)
FNDA:0,(anonymous_4)
FNDA:0,(anonymous_5)
FNDA:0,(anonymous_6)
FNDA:0,(anonymous_7)
FNDA:0,(anonymous_8)
FNDA:0,(anonymous_9)
FNDA:0,(anonymous_10)
FNDA:0,(anonymous_11)
FNDA:0,(anonymous_12)
FNDA:0,(anonymous_13)
FNDA:0,(anonymous_14)
FNDA:0,(anonymous_15)
FNDA:0,(anonymous_16)
FNDA:0,(anonymous_17)
FNDA:0,(anonymous_18)
FNDA:0,(anonymous_19)
FNDA:0,(anonymous_20)
FNDA:0,(anonymous_21)
FNDA:0,(anonymous_22)
FNDA:0,(anonymous_23)
FNDA:0,(anonymous_24)
FNDA:0,(anonymous_25)
FNDA:0,(anonymous_26)
FNDA:0,(anonymous_27)
FNDA:0,(anonymous_28)
FNDA:0,(anonymous_29)
FNDA:0,(anonymous_30)
FNDA:0,(anonymous_31)
FNDA:0,(anonymous_32)
FNDA:0,(anonymous_33)
DA:12,0
DA:13,0
DA:14,0
DA:15,0
DA:16,0
DA:17,0
DA:18,0
DA:19,0
DA:20,0
DA:21,0
DA:22,0
DA:23,0
DA:24,0
DA:25,0
DA:26,0
DA:27,0
DA:28,0
DA:29,0
DA:30,0
DA:32,0
DA:33,0
DA:34,0
DA:35,0
DA:36,0
DA:37,0
DA:40,0
DA:41,0
DA:44,0
DA:47,0
DA:48,0
DA:49,0
DA:50,0
DA:54,0
DA:55,0
DA:56,0
DA:57,0
DA:61,0
DA:62,0
DA:65,0
DA:66,0
DA:67,0
DA:68,0
DA:71,0
DA:75,0
DA:77,0
DA:78,0
DA:82,0
DA:83,0
DA:84,0
DA:85,0
DA:86,0
DA:87,0
DA:88,0
DA:90,0
DA:92,0
DA:96,0
DA:99,0
DA:101,0
DA:102,0
DA:107,0
DA:108,0
DA:109,0
DA:110,0
DA:113,0
DA:114,0
DA:115,0
DA:118,0
DA:119,0
DA:120,0
DA:121,0
DA:129,0
DA:130,0
DA:131,0
DA:133,0
DA:134,0
DA:139,0
DA:140,0
DA:151,0
DA:152,0
DA:153,0
DA:154,0
DA:155,0
DA:157,0
DA:158,0
DA:167,0
DA:168,0
DA:175,0
DA:176,0
DA:183,0
DA:184,0
DA:185,0
DA:186,0
DA:187,0
DA:189,0
DA:193,0
DA:194,0
DA:196,0
DA:198,0
DA:201,0
DA:228,0
DA:232,0
DA:246,0
DA:248,0
DA:249,0
DA:250,0
DA:251,0
DA:252,0
DA:253,0
DA:254,0
DA:255,0
DA:267,0
DA:271,0
DA:285,0
DA:287,0
DA:288,0
DA:289,0
DA:290,0
DA:291,0
DA:292,0
DA:293,0
DA:294,0
DA:324,0
DA:338,0
DA:352,0
DA:362,0
DA:363,0
DA:372,0
DA:382,0
LF:128
LH:0
BRDA:35,0,0,0
BRDA:35,0,1,0
BRDA:67,1,0,0
BRDA:67,1,1,0
BRDA:68,2,0,0
BRDA:68,2,1,0
BRDA:101,3,0,0
BRDA:101,3,1,0
BRDA:119,4,0,0
BRDA:119,4,1,0
BRDA:167,5,0,0
BRDA:167,5,1,0
BRDA:175,6,0,0
BRDA:175,6,1,0
BRDA:184,7,0,0
BRDA:184,7,1,0
BRDA:184,8,0,0
BRDA:184,8,1,0
BRDA:186,9,0,0
BRDA:186,9,1,0
BRDA:186,10,0,0
BRDA:186,10,1,0
BRDA:202,11,0,0
BRDA:202,11,1,0
BRDA:209,12,0,0
BRDA:209,12,1,0
BRDA:210,13,0,0
BRDA:210,13,1,0
BRDA:211,14,0,0
BRDA:211,14,1,0
BRDA:212,15,0,0
BRDA:212,15,1,0
BRDA:213,16,0,0
BRDA:213,16,1,0
BRDA:214,17,0,0
BRDA:214,17,1,0
BRDA:215,18,0,0
BRDA:215,18,1,0
BRDA:216,19,0,0
BRDA:216,19,1,0
BRDA:217,20,0,0
BRDA:217,20,1,0
BRDA:218,21,0,0
BRDA:218,21,1,0
BRDA:219,22,0,0
BRDA:219,22,1,0
BRDA:220,23,0,0
BRDA:220,23,1,0
BRDA:224,24,0,0
BRDA:224,24,1,0
BRDA:232,25,0,0
BRDA:232,25,1,0
BRDA:241,26,0,0
BRDA:241,26,1,0
BRDA:263,27,0,0
BRDA:263,27,1,0
BRDA:271,28,0,0
BRDA:271,28,1,0
BRDA:280,29,0,0
BRDA:280,29,1,0
BRDA:307,30,0,0
BRDA:307,30,1,0
BRDA:308,31,0,0
BRDA:308,31,1,0
BRDA:310,32,0,0
BRDA:310,32,1,0
BRDA:316,33,0,0
BRDA:316,33,1,0
BRDA:323,34,0,0
BRDA:323,34,1,0
BRDA:325,35,0,0
BRDA:325,35,1,0
BRDA:330,36,0,0
BRDA:330,36,1,0
BRDA:337,37,0,0
BRDA:337,37,1,0
BRDA:345,38,0,0
BRDA:345,38,1,0
BRDA:353,39,0,0
BRDA:353,39,1,0
BRDA:355,40,0,0
BRDA:355,40,1,0
BRDA:360,41,0,0
BRDA:360,41,1,0
BRDA:363,42,0,0
BRDA:363,42,1,0
BRDA:366,43,0,0
BRDA:366,43,1,0
BRF:88
BRH:0
end_of_record
TN:
SF:screens/EditUserProfileScreen.js
FN:8,(anonymous_0)
FN:15,(anonymous_1)
FN:16,(anonymous_2)
FN:34,(anonymous_3)
FN:48,(anonymous_4)
FNF:5
FNH:4
FNDA:8,(anonymous_0)
FNDA:3,(anonymous_1)
FNDA:3,(anonymous_2)
FNDA:0,(anonymous_3)
FNDA:2,(anonymous_4)
DA:8,1
DA:9,8
DA:10,8
DA:11,8
DA:12,8
DA:13,8
DA:15,8
DA:16,3
DA:17,3
DA:18,3
DA:19,3
DA:20,0
DA:21,0
DA:23,3
DA:24,3
DA:27,0
DA:31,3
DA:34,8
DA:35,0
DA:36,0
DA:37,0
DA:38,0
DA:39,0
DA:41,0
DA:44,0
DA:48,8
DA:49,2
DA:50,1
DA:51,1
DA:52,1
DA:55,1
DA:56,1
DA:62,0
DA:63,0
DA:64,0
DA:65,0
DA:68,0
DA:69,0
DA:72,1
DA:73,1
DA:75,1
DA:79,8
DA:106,1
LF:43
LH:27
BRDA:19,0,0,0
BRDA:19,0,1,3
BRDA:37,1,0,0
BRDA:37,1,1,0
BRDA:49,2,0,1
BRDA:49,2,1,1
BRDA:49,3,0,2
BRDA:49,3,1,2
BRDA:62,4,0,0
BRDA:62,4,1,0
BRDA:68,5,0,0
BRDA:68,5,1,0
BRDA:75,6,0,1
BRDA:75,6,1,0
BRDA:101,7,0,2
BRDA:101,7,1,6
BRF:16
BRH:8
end_of_record
TN:
SF:screens/HomeScreen.js
FN:13,(anonymous_0)
FN:28,(anonymous_1)
FN:29,(anonymous_2)
FN:37,(anonymous_3)
FN:45,(anonymous_4)
FN:56,(anonymous_5)
FN:67,(anonymous_6)
FN:73,(anonymous_7)
FN:81,(anonymous_8)
FN:86,(anonymous_9)
FN:101,(anonymous_10)
FN:108,(anonymous_11)
FN:119,(anonymous_12)
FN:129,(anonymous_13)
FN:186,(anonymous_14)
FN:198,(anonymous_15)
FN:203,(anonymous_16)
FN:208,(anonymous_17)
FN:212,(anonymous_18)
FN:216,(anonymous_19)
FN:222,(anonymous_20)
FN:227,(anonymous_21)
FN:228,(anonymous_22)
FN:238,(anonymous_23)
FN:242,(anonymous_24)
FN:242,(anonymous_25)
FN:258,(anonymous_26)
FN:259,(anonymous_27)
FN:298,(anonymous_28)
FN:302,(anonymous_29)
FN:303,(anonymous_30)
FN:304,(anonymous_31)
FN:314,(anonymous_32)
FN:318,(anonymous_33)
FN:319,(anonymous_34)
FN:320,(anonymous_35)
FN:329,(anonymous_36)
FN:333,(anonymous_37)
FN:342,(anonymous_38)
FNF:39
FNH:0
FNDA:0,(anonymous_0)
FNDA:0,(anonymous_1)
FNDA:0,(anonymous_2)
FNDA:0,(anonymous_3)
FNDA:0,(anonymous_4)
FNDA:0,(anonymous_5)
FNDA:0,(anonymous_6)
FNDA:0,(anonymous_7)
FNDA:0,(anonymous_8)
FNDA:0,(anonymous_9)
FNDA:0,(anonymous_10)
FNDA:0,(anonymous_11)
FNDA:0,(anonymous_12)
FNDA:0,(anonymous_13)
FNDA:0,(anonymous_14)
FNDA:0,(anonymous_15)
FNDA:0,(anonymous_16)
FNDA:0,(anonymous_17)
FNDA:0,(anonymous_18)
FNDA:0,(anonymous_19)
FNDA:0,(anonymous_20)
FNDA:0,(anonymous_21)
FNDA:0,(anonymous_22)
FNDA:0,(anonymous_23)
FNDA:0,(anonymous_24)
FNDA:0,(anonymous_25)
FNDA:0,(anonymous_26)
FNDA:0,(anonymous_27)
FNDA:0,(anonymous_28)
FNDA:0,(anonymous_29)
FNDA:0,(anonymous_30)
FNDA:0,(anonymous_31)
FNDA:0,(anonymous_32)
FNDA:0,(anonymous_33)
FNDA:0,(anonymous_34)
FNDA:0,(anonymous_35)
FNDA:0,(anonymous_36)
FNDA:0,(anonymous_37)
FNDA:0,(anonymous_38)
DA:13,0
DA:14,0
DA:16,0
DA:17,0
DA:18,0
DA:19,0
DA:20,0
DA:21,0
DA:22,0
DA:23,0
DA:24,0
DA:25,0
DA:26,0
DA:28,0
DA:29,0
DA:30,0
DA:31,0
DA:33,0
DA:36,0
DA:38,0
DA:39,0
DA:40,0
DA:45,0
DA:46,0
DA:47,0
DA:48,0
DA:49,0
DA:52,0
DA:56,0
DA:57,0
DA:58,0
DA:59,0
DA:60,0
DA:63,0
DA:67,0
DA:68,0
DA:73,0
DA:74,0
DA:80,0
DA:81,0
DA:85,0
DA:86,0
DA:90,0
DA:91,0
DA:92,0
DA:93,0
DA:96,0
DA:98,0
DA:99,0
DA:101,0
DA:102,0
DA:103,0
DA:105,0
DA:108,0
DA:109,0
DA:110,0
DA:116,0
DA:117,0
DA:118,0
DA:119,0
DA:120,0
DA:121,0
DA:122,0
DA:126,0
DA:129,0
DA:130,0
DA:134,0
DA:136,0
DA:137,0
DA:138,0
DA:141,0
DA:142,0
DA:143,0
DA:144,0
DA:145,0
DA:146,0
DA:149,0
DA:150,0
DA:151,0
DA:152,0
DA:153,0
DA:156,0
DA:157,0
DA:158,0
DA:161,0
DA:162,0
DA:163,0
DA:166,0
DA:167,0
DA:168,0
DA:171,0
DA:172,0
DA:173,0
DA:176,0
DA:177,0
DA:180,0
DA:181,0
DA:183,0
DA:186,0
DA:187,0
DA:188,0
DA:189,0
DA:190,0
DA:191,0
DA:193,0
DA:194,0
DA:198,0
DA:199,0
DA:200,0
DA:203,0
DA:204,0
DA:205,0
DA:208,0
DA:209,0
DA:212,0
DA:213,0
DA:216,0
DA:217,0
DA:218,0
DA:219,0
DA:222,0
DA:223,0
DA:224,0
DA:227,0
DA:228,0
DA:238,0
DA:242,0
DA:244,0
DA:258,0
DA:259,0
DA:299,0
DA:303,0
DA:304,0
DA:315,0
DA:319,0
DA:320,0
DA:330,0
DA:333,0
DA:342,0
DA:360,0
LF:140
LH:0
BRDA:38,0,0,0
BRDA:38,0,1,0
BRDA:80,1,0,0
BRDA:80,1,1,0
BRDA:85,2,0,0
BRDA:85,2,1,0
BRDA:90,3,0,0
BRDA:90,3,1,0
BRDA:98,4,0,0
BRDA:98,4,1,0
BRDA:110,5,0,0
BRDA:110,5,1,0
BRDA:116,6,0,0
BRDA:116,6,1,0
BRDA:122,7,0,0
BRDA:122,7,1,0
BRDA:134,8,0,0
BRDA:134,8,1,0
BRDA:134,8,2,0
BRDA:134,8,3,0
BRDA:134,8,4,0
BRDA:134,8,5,0
BRDA:134,8,6,0
BRDA:134,8,7,0
BRDA:142,9,0,0
BRDA:142,9,1,0
BRDA:228,10,0,0
BRDA:228,10,1,0
BRDA:231,11,0,0
BRDA:231,11,1,0
BRDA:245,12,0,0
BRDA:245,12,1,0
BRDA:250,13,0,0
BRDA:250,13,1,0
BRDA:251,14,0,0
BRDA:251,14,1,0
BRDA:262,15,0,0
BRDA:262,15,1,0
BRDA:274,16,0,0
BRDA:274,16,1,0
BRDA:291,17,0,0
BRDA:291,17,1,0
BRDA:294,18,0,0
BRDA:294,18,1,0
BRDA:304,19,0,0
BRDA:304,19,1,0
BRDA:320,20,0,0
BRDA:320,20,1,0
BRDA:333,21,0,0
BRDA:333,21,1,0
BRF:50
BRH:0
end_of_record
TN:
SF:screens/LoginScreen.js
FN:8,(anonymous_0)
FN:14,(anonymous_1)
FNF:2
FNH:2
FNDA:7,(anonymous_0)
FNDA:1,(anonymous_1)
DA:8,1
DA:9,7
DA:10,7
DA:11,7
DA:12,7
DA:14,7
DA:15,1
DA:16,1
DA:21,0
DA:23,0
DA:25,0
DA:26,0
DA:27,0
DA:28,0
DA:29,0
DA:30,0
DA:37,0
DA:40,1
DA:41,1
DA:42,1
DA:46,7
DA:71,1
LF:22
LH:13
BRDA:23,0,0,0
BRDA:23,0,1,0
BRDA:40,1,0,1
BRDA:40,1,1,0
BRDA:47,2,0,0
BRDA:47,2,1,7
BRDA:51,3,0,0
BRDA:51,3,1,7
BRDA:58,4,0,0
BRDA:58,4,1,7
BRDA:66,5,0,1
BRDA:66,5,1,6
BRF:12
BRH:6
end_of_record
TN:
SF:screens/LogoutScreen.js
FN:7,(anonymous_0)
FN:9,(anonymous_1)
FNF:2
FNH:2
FNDA:3,(anonymous_0)
FNDA:2,(anonymous_1)
DA:7,1
DA:8,3
DA:9,3
DA:10,2
DA:11,2
DA:12,1
DA:13,1
DA:14,1
DA:16,1
DA:17,1
DA:21,3
DA:28,1
LF:12
LH:12
BRDA:22,0,0,0
BRDA:22,0,1,3
BRF:2
BRH:1
end_of_record
TN:
SF:screens/NewTaskScreen.js
FN:13,(anonymous_0)
FN:49,(anonymous_1)
FN:50,(anonymous_2)
FN:66,(anonymous_3)
FN:68,(anonymous_4)
FN:83,(anonymous_5)
FN:97,(anonymous_6)
FN:117,(anonymous_7)
FN:126,(anonymous_8)
FN:136,(anonymous_9)
FN:146,(anonymous_10)
FN:161,(anonymous_11)
FN:165,(anonymous_12)
FN:172,(anonymous_13)
FN:194,(anonymous_14)
FN:223,(anonymous_15)
FN:234,(anonymous_16)
FN:261,(anonymous_17)
FN:291,(anonymous_18)
FN:297,(anonymous_19)
FN:298,(anonymous_20)
FN:299,(anonymous_21)
FN:300,(anonymous_22)
FN:318,(anonymous_23)
FN:350,(anonymous_24)
FN:375,(anonymous_25)
FN:379,(anonymous_26)
FN:380,(anonymous_27)
FN:382,(anonymous_28)
FN:389,(anonymous_29)
FN:394,(anonymous_30)
FN:439,(anonymous_31)
FN:440,(anonymous_32)
FN:441,(anonymous_33)
FN:452,(anonymous_34)
FN:456,(anonymous_35)
FN:501,(anonymous_36)
FN:503,(anonymous_37)
FN:515,(anonymous_38)
FN:517,(anonymous_39)
FN:534,(anonymous_40)
FN:538,(anonymous_41)
FNF:42
FNH:8
FNDA:7,(anonymous_0)
FNDA:1,(anonymous_1)
FNDA:1,(anonymous_2)
FNDA:3,(anonymous_3)
FNDA:3,(anonymous_4)
FNDA:3,(anonymous_5)
FNDA:3,(anonymous_6)
FNDA:7,(anonymous_7)
FNDA:0,(anonymous_8)
FNDA:0,(anonymous_9)
FNDA:0,(anonymous_10)
FNDA:0,(anonymous_11)
FNDA:0,(anonymous_12)
FNDA:0,(anonymous_13)
FNDA:0,(anonymous_14)
FNDA:0,(anonymous_15)
FNDA:0,(anonymous_16)
FNDA:0,(anonymous_17)
FNDA:0,(anonymous_18)
FNDA:0,(anonymous_19)
FNDA:0,(anonymous_20)
FNDA:0,(anonymous_21)
FNDA:0,(anonymous_22)
FNDA:0,(anonymous_23)
FNDA:0,(anonymous_24)
FNDA:0,(anonymous_25)
FNDA:0,(anonymous_26)
FNDA:0,(anonymous_27)
FNDA:0,(anonymous_28)
FNDA:0,(anonymous_29)
FNDA:0,(anonymous_30)
FNDA:0,(anonymous_31)
FNDA:0,(anonymous_32)
FNDA:0,(anonymous_33)
FNDA:0,(anonymous_34)
FNDA:0,(anonymous_35)
FNDA:0,(anonymous_36)
FNDA:0,(anonymous_37)
FNDA:0,(anonymous_38)
FNDA:0,(anonymous_39)
FNDA:0,(anonymous_40)
FNDA:0,(anonymous_41)
DA:13,1
DA:15,7
DA:16,7
DA:17,7
DA:18,7
DA:19,7
DA:20,7
DA:21,7
DA:22,7
DA:23,7
DA:24,7
DA:25,7
DA:26,7
DA:27,7
DA:28,7
DA:29,7
DA:30,7
DA:31,7
DA:32,7
DA:33,7
DA:34,7
DA:36,7
DA:37,7
DA:38,7
DA:39,7
DA:40,7
DA:41,7
DA:42,7
DA:43,7
DA:45,7
DA:46,7
DA:49,7
DA:50,1
DA:51,1
DA:52,1
DA:53,1
DA:54,1
DA:55,1
DA:57,0
DA:59,1
DA:63,1
DA:66,7
DA:68,3
DA:69,3
DA:70,3
DA:71,3
DA:72,0
DA:74,0
DA:75,0
DA:78,3
DA:79,3
DA:83,3
DA:84,3
DA:85,3
DA:86,3
DA:87,0
DA:89,0
DA:90,0
DA:93,3
DA:94,3
DA:97,3
DA:98,3
DA:99,3
DA:100,3
DA:101,3
DA:102,3
DA:104,0
DA:107,0
DA:111,3
DA:112,3
DA:113,3
DA:116,7
DA:118,7
DA:119,0
DA:120,0
DA:121,0
DA:126,7
DA:127,0
DA:128,0
DA:129,0
DA:130,0
DA:132,0
DA:136,7
DA:137,0
DA:138,0
DA:139,0
DA:140,0
DA:142,0
DA:146,7
DA:147,0
DA:148,0
DA:149,0
DA:150,0
DA:151,0
DA:152,0
DA:155,0
DA:157,0
DA:161,7
DA:162,0
DA:165,7
DA:166,0
DA:167,0
DA:168,0
DA:172,7
DA:173,0
DA:175,0
DA:178,0
DA:181,0
DA:184,0
DA:187,0
DA:190,0
DA:194,7
DA:195,0
DA:197,0
DA:200,0
DA:203,0
DA:206,0
DA:209,0
DA:212,0
DA:216,0
DA:219,0
DA:223,7
DA:225,0
DA:234,7
DA:235,0
DA:236,0
DA:237,0
DA:238,0
DA:239,0
DA:240,0
DA:241,0
DA:242,0
DA:243,0
DA:244,0
DA:246,0
DA:247,0
DA:248,0
DA:249,0
DA:250,0
DA:251,0
DA:252,0
DA:253,0
DA:256,0
DA:257,0
DA:261,7
DA:262,0
DA:264,0
DA:265,0
DA:270,0
DA:279,0
DA:280,0
DA:281,0
DA:282,0
DA:283,0
DA:284,0
DA:285,0
DA:287,0
DA:291,7
DA:292,0
DA:293,0
DA:294,0
DA:295,0
DA:297,0
DA:298,0
DA:299,0
DA:300,0
DA:302,0
DA:303,0
DA:304,0
DA:305,0
DA:308,0
DA:311,0
DA:312,0
DA:313,0
DA:314,0
DA:318,7
DA:321,0
DA:326,0
DA:328,0
DA:330,0
DA:332,0
DA:333,0
DA:334,0
DA:337,0
DA:338,0
DA:339,0
DA:340,0
DA:344,0
DA:345,0
DA:350,7
DA:351,0
DA:352,0
DA:353,0
DA:354,0
DA:357,0
DA:358,0
DA:359,0
DA:360,0
DA:363,0
DA:364,0
DA:365,0
DA:366,0
DA:369,0
DA:370,0
DA:371,0
DA:372,0
DA:375,7
DA:376,0
DA:379,7
DA:380,0
DA:381,0
DA:382,0
DA:384,0
DA:389,7
DA:390,0
DA:394,0
DA:400,7
DA:401,4
DA:408,3
DA:409,0
DA:416,3
DA:439,0
DA:441,0
DA:453,0
DA:456,0
DA:501,0
DA:504,0
DA:515,0
DA:518,0
DA:535,0
DA:539,0
DA:540,0
DA:570,1
LF:233
LH:85
BRDA:71,0,0,0
BRDA:71,0,1,0
BRDA:86,1,0,0
BRDA:86,1,1,0
BRDA:100,2,0,3
BRDA:100,2,1,0
BRDA:118,3,0,0
BRDA:118,3,1,7
BRDA:149,4,0,0
BRDA:149,4,1,0
BRDA:167,5,0,0
BRDA:167,5,1,0
BRDA:240,6,0,0
BRDA:240,6,1,0
BRDA:243,7,0,0
BRDA:243,7,1,0
BRDA:293,8,0,0
BRDA:293,8,1,0
BRDA:326,9,0,0
BRDA:326,9,1,0
BRDA:330,10,0,0
BRDA:330,10,1,0
BRDA:381,11,0,0
BRDA:381,11,1,0
BRDA:400,12,0,4
BRDA:400,12,1,3
BRDA:408,13,0,0
BRDA:408,13,1,3
BRDA:423,14,0,0
BRDA:423,14,1,3
BRDA:427,15,0,3
BRDA:427,15,1,0
BRDA:435,16,0,3
BRDA:435,16,1,0
BRDA:547,17,0,3
BRDA:547,17,1,0
BRDA:549,18,0,0
BRDA:549,18,1,0
BRDA:554,19,0,3
BRDA:554,19,1,0
BRDA:560,20,0,0
BRDA:560,20,1,3
BRF:42
BRH:11
end_of_record
TN:
SF:screens/NotesScreen.js
FN:11,(anonymous_0)
FN:21,(anonymous_1)
FN:22,(anonymous_2)
FN:31,(anonymous_3)
FN:38,(anonymous_4)
FN:41,(anonymous_5)
FN:57,(anonymous_6)
FN:86,(anonymous_7)
FN:110,(anonymous_8)
FN:130,(anonymous_9)
FN:133,(anonymous_10)
FN:139,(anonymous_11)
FN:146,(anonymous_12)
FN:153,(anonymous_13)
FN:154,(anonymous_14)
FN:162,(anonymous_15)
FN:165,(anonymous_16)
FN:172,(anonymous_17)
FN:177,(anonymous_18)
FN:213,(anonymous_19)
FNF:20
FNH:9
FNDA:12,(anonymous_0)
FNDA:4,(anonymous_1)
FNDA:4,(anonymous_2)
FNDA:4,(anonymous_3)
FNDA:6,(anonymous_4)
FNDA:12,(anonymous_5)
FNDA:1,(anonymous_6)
FNDA:0,(anonymous_7)
FNDA:0,(anonymous_8)
FNDA:0,(anonymous_9)
FNDA:0,(anonymous_10)
FNDA:0,(anonymous_11)
FNDA:0,(anonymous_12)
FNDA:12,(anonymous_13)
FNDA:0,(anonymous_14)
FNDA:0,(anonymous_15)
FNDA:0,(anonymous_16)
FNDA:0,(anonymous_17)
FNDA:0,(anonymous_18)
FNDA:14,(anonymous_19)
DA:11,1
DA:12,12
DA:13,12
DA:14,12
DA:15,12
DA:16,12
DA:17,12
DA:18,12
DA:19,12
DA:21,12
DA:22,4
DA:23,4
DA:24,4
DA:25,4
DA:27,4
DA:30,12
DA:32,4
DA:33,2
DA:38,12
DA:39,6
DA:40,6
DA:41,6
DA:42,12
DA:43,6
DA:44,6
DA:45,6
DA:46,6
DA:49,6
DA:51,6
DA:53,0
DA:57,12
DA:58,1
DA:59,1
DA:60,1
DA:62,0
DA:63,0
DA:65,0
DA:66,0
DA:67,0
DA:68,0
DA:69,0
DA:75,0
DA:79,0
DA:81,0
DA:82,0
DA:86,0
DA:87,0
DA:91,0
DA:92,0
DA:95,0
DA:100,0
DA:103,0
DA:104,0
DA:106,0
DA:110,12
DA:111,0
DA:112,0
DA:113,0
DA:114,0
DA:117,0
DA:123,0
DA:124,0
DA:127,0
DA:130,12
DA:131,0
DA:132,0
DA:133,0
DA:135,0
DA:139,12
DA:140,0
DA:141,0
DA:142,0
DA:143,0
DA:146,12
DA:147,0
DA:148,0
DA:149,0
DA:150,0
DA:153,12
DA:154,12
DA:162,0
DA:165,0
DA:172,12
DA:173,0
DA:174,0
DA:177,12
DA:178,0
DA:179,0
DA:182,12
DA:213,14
DA:244,1
LF:91
LH:44
BRDA:32,0,0,2
BRDA:32,0,1,2
BRDA:42,1,0,6
BRDA:42,1,1,6
BRDA:45,2,0,6
BRDA:45,2,1,0
BRDA:58,3,0,1
BRDA:58,3,1,0
BRDA:65,4,0,0
BRDA:65,4,1,0
BRDA:66,5,0,0
BRDA:66,5,1,0
BRDA:68,6,0,0
BRDA:68,6,1,0
BRDA:79,7,0,0
BRDA:79,7,1,0
BRDA:87,8,0,0
BRDA:87,8,1,0
BRDA:112,9,0,0
BRDA:112,9,1,0
BRDA:123,10,0,0
BRDA:123,10,1,0
BRDA:141,11,0,0
BRDA:141,11,1,0
BRDA:157,12,0,12
BRDA:157,12,1,6
BRDA:191,13,0,12
BRDA:191,13,1,0
BRDA:196,14,0,0
BRDA:196,14,1,12
BRDA:208,15,0,4
BRDA:208,15,1,8
BRDA:228,16,0,12
BRDA:228,16,1,0
BRF:34
BRH:13
end_of_record
TN:
SF:screens/PeopleScreen.js
FN:11,(anonymous_0)
FN:41,(anonymous_1)
FN:42,(anonymous_2)
FN:58,(anonymous_3)
FN:75,(anonymous_4)
FN:85,(anonymous_5)
FN:88,(anonymous_6)
FN:89,(anonymous_7)
FN:90,(anonymous_8)
FN:91,(anonymous_9)
FN:110,(anonymous_10)
FN:125,(anonymous_11)
FN:130,(anonymous_12)
FN:142,(anonymous_13)
FN:150,(anonymous_14)
FN:168,(anonymous_15)
FN:174,(anonymous_16)
FN:175,(anonymous_17)
FN:176,(anonymous_18)
FN:177,(anonymous_19)
FN:195,(anonymous_20)
FN:225,(anonymous_21)
FN:250,(anonymous_22)
FN:251,(anonymous_23)
FN:253,(anonymous_24)
FN:260,(anonymous_25)
FN:265,(anonymous_26)
FN:300,(anonymous_27)
FN:301,(anonymous_28)
FN:302,(anonymous_29)
FN:311,(anonymous_30)
FN:316,(anonymous_31)
FN:320,(anonymous_32)
FN:328,(anonymous_33)
FN:334,(anonymous_34)
FN:346,(anonymous_35)
FN:354,(anonymous_36)
FN:360,(anonymous_37)
FNF:38
FNH:0
FNDA:0,(anonymous_0)
FNDA:0,(anonymous_1)
FNDA:0,(anonymous_2)
FNDA:0,(anonymous_3)
FNDA:0,(anonymous_4)
FNDA:0,(anonymous_5)
FNDA:0,(anonymous_6)
FNDA:0,(anonymous_7)
FNDA:0,(anonymous_8)
FNDA:0,(anonymous_9)
FNDA:0,(anonymous_10)
FNDA:0,(anonymous_11)
FNDA:0,(anonymous_12)
FNDA:0,(anonymous_13)
FNDA:0,(anonymous_14)
FNDA:0,(anonymous_15)
FNDA:0,(anonymous_16)
FNDA:0,(anonymous_17)
FNDA:0,(anonymous_18)
FNDA:0,(anonymous_19)
FNDA:0,(anonymous_20)
FNDA:0,(anonymous_21)
FNDA:0,(anonymous_22)
FNDA:0,(anonymous_23)
FNDA:0,(anonymous_24)
FNDA:0,(anonymous_25)
FNDA:0,(anonymous_26)
FNDA:0,(anonymous_27)
FNDA:0,(anonymous_28)
FNDA:0,(anonymous_29)
FNDA:0,(anonymous_30)
FNDA:0,(anonymous_31)
FNDA:0,(anonymous_32)
FNDA:0,(anonymous_33)
FNDA:0,(anonymous_34)
FNDA:0,(anonymous_35)
FNDA:0,(anonymous_36)
FNDA:0,(anonymous_37)
DA:11,0
DA:12,0
DA:14,0
DA:16,0
DA:17,0
DA:18,0
DA:19,0
DA:21,0
DA:22,0
DA:23,0
DA:24,0
DA:25,0
DA:27,0
DA:28,0
DA:29,0
DA:30,0
DA:32,0
DA:33,0
DA:34,0
DA:35,0
DA:37,0
DA:38,0
DA:39,0
DA:41,0
DA:42,0
DA:43,0
DA:44,0
DA:45,0
DA:46,0
DA:47,0
DA:49,0
DA:51,0
DA:55,0
DA:57,0
DA:59,0
DA:60,0
DA:61,0
DA:62,0
DA:75,0
DA:76,0
DA:77,0
DA:78,0
DA:79,0
DA:81,0
DA:85,0
DA:86,0
DA:87,0
DA:88,0
DA:89,0
DA:90,0
DA:91,0
DA:93,0
DA:94,0
DA:95,0
DA:96,0
DA:103,0
DA:104,0
DA:106,0
DA:110,0
DA:111,0
DA:112,0
DA:113,0
DA:114,0
DA:115,0
DA:116,0
DA:119,0
DA:121,0
DA:125,0
DA:126,0
DA:127,0
DA:130,0
DA:131,0
DA:132,0
DA:133,0
DA:135,0
DA:136,0
DA:137,0
DA:138,0
DA:139,0
DA:140,0
DA:141,0
DA:143,0
DA:150,0
DA:151,0
DA:152,0
DA:155,0
DA:156,0
DA:157,0
DA:158,0
DA:159,0
DA:160,0
DA:161,0
DA:162,0
DA:164,0
DA:168,0
DA:169,0
DA:170,0
DA:171,0
DA:172,0
DA:174,0
DA:175,0
DA:176,0
DA:177,0
DA:179,0
DA:180,0
DA:181,0
DA:182,0
DA:185,0
DA:188,0
DA:189,0
DA:190,0
DA:191,0
DA:195,0
DA:198,0
DA:201,0
DA:203,0
DA:205,0
DA:207,0
DA:208,0
DA:209,0
DA:212,0
DA:213,0
DA:214,0
DA:215,0
DA:216,0
DA:220,0
DA:221,0
DA:225,0
DA:226,0
DA:227,0
DA:228,0
DA:229,0
DA:232,0
DA:233,0
DA:234,0
DA:235,0
DA:238,0
DA:239,0
DA:240,0
DA:241,0
DA:244,0
DA:245,0
DA:246,0
DA:247,0
DA:250,0
DA:251,0
DA:252,0
DA:253,0
DA:255,0
DA:260,0
DA:261,0
DA:265,0
DA:271,0
DA:272,0
DA:279,0
DA:280,0
DA:287,0
DA:300,0
DA:302,0
DA:312,0
DA:316,0
DA:320,0
DA:329,0
DA:334,0
DA:346,0
DA:354,0
DA:360,0
DA:372,0
LF:168
LH:0
BRDA:59,0,0,0
BRDA:59,0,1,0
BRDA:113,1,0,0
BRDA:113,1,1,0
BRDA:131,2,0,0
BRDA:131,2,1,0
BRDA:131,3,0,0
BRDA:131,3,1,0
BRDA:170,4,0,0
BRDA:170,4,1,0
BRDA:201,5,0,0
BRDA:201,5,1,0
BRDA:201,6,0,0
BRDA:201,6,1,0
BRDA:205,7,0,0
BRDA:205,7,1,0
BRDA:252,8,0,0
BRDA:252,8,1,0
BRDA:271,9,0,0
BRDA:271,9,1,0
BRDA:279,10,0,0
BRDA:279,10,1,0
BRDA:296,11,0,0
BRDA:296,11,1,0
BRDA:341,12,0,0
BRDA:341,12,1,0
BRF:26
BRH:0
end_of_record
TN:
SF:screens/RegisterScreen.js
FN:7,(anonymous_0)
FN:15,(anonymous_1)
FNF:2
FNH:2
FNDA:13,(anonymous_0)
FNDA:2,(anonymous_1)
DA:7,1
DA:8,13
DA:9,13
DA:10,13
DA:11,13
DA:12,13
DA:13,13
DA:15,13
DA:16,2
DA:17,2
DA:24,1
DA:25,1
DA:26,1
DA:27,1
DA:29,0
DA:30,0
DA:33,1
DA:34,1
DA:35,1
DA:39,13
DA:78,1
LF:21
LH:19
BRDA:24,0,0,1
BRDA:24,0,1,0
BRDA:40,1,0,0
BRDA:40,1,1,13
BRDA:44,2,0,0
BRDA:44,2,1,13
BRDA:51,3,0,0
BRDA:51,3,1,13
BRDA:58,4,0,0
BRDA:58,4,1,13
BRDA:65,5,0,0
BRDA:65,5,1,13
BRF:12
BRH:6
end_of_record
TN:
SF:screens/SharedPersonScreen.js
FN:8,(anonymous_0)
FN:13,(anonymous_1)
FN:25,(anonymous_2)
FN:35,(anonymous_3)
FN:43,(anonymous_4)
FN:48,(anonymous_5)
FN:49,(anonymous_6)
FN:51,(anonymous_7)
FN:73,(anonymous_8)
FN:75,(anonymous_9)
FN:76,(anonymous_10)
FN:90,(anonymous_11)
FN:94,(anonymous_12)
FN:126,(anonymous_13)
FNF:14
FNH:0
FNDA:0,(anonymous_0)
FNDA:0,(anonymous_1)
FNDA:0,(anonymous_2)
FNDA:0,(anonymous_3)
FNDA:0,(anonymous_4)
FNDA:0,(anonymous_5)
FNDA:0,(anonymous_6)
FNDA:0,(anonymous_7)
FNDA:0,(anonymous_8)
FNDA:0,(anonymous_9)
FNDA:0,(anonymous_10)
FNDA:0,(anonymous_11)
FNDA:0,(anonymous_12)
FNDA:0,(anonymous_13)
DA:8,0
DA:9,0
DA:10,0
DA:13,0
DA:14,0
DA:15,0
DA:16,0
DA:17,0
DA:19,0
DA:21,0
DA:25,0
DA:26,0
DA:35,0
DA:36,0
DA:44,0
DA:45,0
DA:46,0
DA:48,0
DA:49,0
DA:50,0
DA:51,0
DA:52,0
DA:54,0
DA:58,0
DA:60,0
DA:64,0
DA:73,0
DA:75,0
DA:76,0
DA:78,0
DA:91,0
DA:94,0
DA:114,0
DA:115,0
DA:122,0
DA:126,0
DA:134,0
LF:37
LH:0
BRDA:50,0,0,0
BRDA:50,0,1,0
BRDA:52,1,0,0
BRDA:52,1,1,0
BRDA:87,2,0,0
BRDA:87,2,1,0
BRDA:104,3,0,0
BRDA:104,3,1,0
BRDA:114,4,0,0
BRDA:114,4,1,0
BRF:10
BRH:0
end_of_record
TN:
SF:screens/SplashScreen.js
FN:5,(anonymous_0)
FN:8,(anonymous_1)
FNF:2
FNH:2
FNDA:2,(anonymous_0)
FNDA:1,(anonymous_1)
DA:5,1
DA:6,2
DA:8,2
DA:10,1
DA:17,1
DA:32,1
LF:6
LH:6
BRF:0
BRH:0
end_of_record
TN:
SF:screens/ThemeContext.js
FN:6,(anonymous_0)
FN:9,(anonymous_1)
FN:10,(anonymous_2)
FN:20,(anonymous_3)
FNF:4
FNH:2
FNDA:1,(anonymous_0)
FNDA:0,(anonymous_1)
FNDA:0,(anonymous_2)
FNDA:1,(anonymous_3)
DA:4,1
DA:6,1
DA:7,1
DA:9,1
DA:10,0
DA:13,1
DA:20,1
LF:7
LH:6
BRDA:7,0,0,1
BRDA:7,0,1,0
BRDA:10,1,0,0
BRDA:10,1,1,0
BRF:4
BRH:1
end_of_record
TN:
SF:screens/UserProfileScreen.js
FN:11,(anonymous_0)
FN:20,(anonymous_1)
FN:21,(anonymous_2)
FN:47,(anonymous_3)
FN:55,(anonymous_4)
FN:69,(anonymous_5)
FN:93,(anonymous_6)
FN:141,(anonymous_7)
FN:155,(anonymous_8)
FN:199,(anonymous_9)
FNF:10
FNH:6
FNDA:7,(anonymous_0)
FNDA:2,(anonymous_1)
FNDA:2,(anonymous_2)
FNDA:2,(anonymous_3)
FNDA:1,(anonymous_4)
FNDA:1,(anonymous_5)
FNDA:0,(anonymous_6)
FNDA:0,(anonymous_7)
FNDA:0,(anonymous_8)
FNDA:0,(anonymous_9)
DA:11,1
DA:12,7
DA:13,7
DA:14,7
DA:15,7
DA:16,7
DA:17,7
DA:18,7
DA:20,7
DA:21,2
DA:22,2
DA:23,2
DA:24,2
DA:25,2
DA:27,0
DA:28,0
DA:31,0
DA:35,2
DA:46,7
DA:48,2
DA:49,1
DA:50,1
DA:55,7
DA:56,1
DA:57,1
DA:58,1
DA:59,1
DA:60,1
DA:62,0
DA:66,0
DA:69,7
DA:70,1
DA:71,1
DA:72,1
DA:73,1
DA:74,1
DA:76,1
DA:77,1
DA:78,1
DA:79,1
DA:81,1
DA:82,1
DA:84,0
DA:88,0
DA:93,7
DA:94,0
DA:95,0
DA:96,0
DA:97,0
DA:99,0
DA:105,0
DA:106,0
DA:107,0
DA:108,0
DA:112,0
DA:113,0
DA:115,0
DA:116,0
DA:117,0
DA:121,0
DA:124,0
DA:126,0
DA:128,0
DA:134,0
DA:136,0
DA:137,0
DA:141,7
DA:142,0
DA:143,0
DA:145,0
DA:146,0
DA:147,0
DA:148,0
DA:150,0
DA:151,0
DA:155,7
DA:156,0
DA:157,0
DA:158,0
DA:159,0
DA:160,0
DA:162,0
DA:164,0
DA:167,7
DA:199,0
DA:207,1
LF:86
LH:42
BRDA:24,0,0,2
BRDA:24,0,1,0
BRDA:48,1,0,1
BRDA:48,1,1,1
BRDA:58,2,0,1
BRDA:58,2,1,0
BRDA:72,3,0,1
BRDA:72,3,1,0
BRDA:77,4,0,1
BRDA:77,4,1,0
BRDA:95,5,0,0
BRDA:95,5,1,0
BRDA:106,6,0,0
BRDA:106,6,1,0
BRDA:115,7,0,0
BRDA:115,7,1,0
BRDA:121,8,0,0
BRDA:121,8,1,0
BRDA:142,9,0,0
BRDA:142,9,1,0
BRDA:179,10,0,1
BRDA:179,10,1,6
BRF:22
BRH:8
end_of_record
